2024-08-31 05:06:16 INFO     Started
2024-08-31 05:06:16 INFO     Spotify access token retrieved successfully.
2024-08-31 05:06:16 INFO     Spotify access token retrieved: BQBFMeD_v23KqTdl6a6qh0Ir85vbQifln5qbSy8wWNYwGlJW4B_abPwBfBY213qn6LWMgzG5vbMaD-7uGftsO2Ur1JQzsmeIcGyuv7j28khFpd9MxFg
2024-08-31 05:06:16 INFO     Spotify access token needs to be renewed.
2024-08-31 05:06:16 INFO     Spotify access token retrieved successfully.
2024-08-31 05:06:16 INFO     Spotify access token needs to be renewed.
2024-08-31 05:06:16 INFO     Spotify access token retrieved successfully.
2024-08-31 05:06:16 INFO     Spotify access token needs to be renewed.
2024-08-31 05:06:16 INFO     Spotify access token retrieved successfully.
2024-08-31 05:06:16 INFO     Spotify access token needs to be renewed.
2024-08-31 05:06:16 INFO     Spotify access token retrieved successfully.
2024-08-31 05:06:16 INFO     Spotify access token needs to be renewed.
2024-08-31 05:06:16 INFO     Spotify access token retrieved successfully.
2024-08-31 05:06:17 INFO     Spotify access token needs to be renewed.
2024-08-31 05:06:17 INFO     Spotify access token retrieved successfully.
2024-08-31 05:06:17 INFO     Spotify access token needs to be renewed.
2024-08-31 05:06:17 INFO     Spotify access token retrieved successfully.
2024-08-31 05:06:17 INFO     Spotify access token needs to be renewed.
2024-08-31 05:06:17 INFO     Spotify access token retrieved successfully.
2024-08-31 05:06:17 INFO     Spotify access token needs to be renewed.
2024-08-31 05:06:17 INFO     Spotify access token retrieved successfully.
2024-08-31 05:06:17 INFO     Spotify access token needs to be renewed.
2024-08-31 05:06:17 INFO     Spotify access token retrieved successfully.
2024-08-31 05:06:17 INFO     Spotify access token needs to be renewed.
2024-08-31 05:06:17 INFO     Spotify access token retrieved successfully.
2024-08-31 05:06:17 INFO     Spotify access token needs to be renewed.
2024-08-31 05:06:17 INFO     Spotify access token retrieved successfully.
2024-08-31 05:06:17 INFO     Spotify access token needs to be renewed.
2024-08-31 05:06:17 INFO     Spotify access token retrieved successfully.
2024-08-31 05:06:17 INFO     Spotify access token needs to be renewed.
2024-08-31 05:06:18 INFO     Spotify access token retrieved successfully.
2024-08-31 05:06:18 INFO     Spotify access token needs to be renewed.
2024-08-31 05:06:18 INFO     Spotify access token retrieved successfully.
2024-08-31 05:06:18 INFO     Spotify access token needs to be renewed.
2024-08-31 05:06:18 INFO     Spotify access token retrieved successfully.
2024-08-31 05:06:18 INFO     Spotify access token needs to be renewed.
2024-08-31 05:06:18 INFO     Spotify access token retrieved successfully.
2024-08-31 05:06:18 INFO     Spotify access token needs to be renewed.
2024-08-31 05:06:18 INFO     Spotify access token retrieved successfully.
2024-08-31 05:06:18 INFO     Spotify access token needs to be renewed.
2024-08-31 05:06:18 INFO     Spotify access token retrieved successfully.
2024-08-31 05:06:18 INFO     Spotify access token needs to be renewed.
2024-08-31 05:06:18 INFO     Spotify access token retrieved successfully.
2024-08-31 05:06:18 INFO     Spotify access token needs to be renewed.
2024-08-31 05:06:18 INFO     Spotify access token retrieved successfully.
2024-08-31 05:06:18 INFO     Spotify access token needs to be renewed.
2024-08-31 05:06:18 INFO     Spotify access token retrieved successfully.
2024-08-31 05:06:18 INFO     Spotify access token needs to be renewed.
2024-08-31 05:06:19 INFO     Spotify access token retrieved successfully.
2024-08-31 05:06:19 INFO     Spotify access token needs to be renewed.
2024-08-31 05:06:19 INFO     Spotify access token retrieved successfully.
2024-08-31 05:06:19 INFO     Spotify access token needs to be renewed.
2024-08-31 05:06:19 INFO     Spotify access token retrieved successfully.
2024-08-31 05:06:19 INFO     Spotify access token needs to be renewed.
2024-08-31 05:06:19 INFO     Spotify access token retrieved successfully.
2024-08-31 05:06:19 INFO     Spotify access token needs to be renewed.
2024-08-31 05:06:19 INFO     Spotify access token retrieved successfully.
2024-08-31 05:06:19 INFO     Spotify access token needs to be renewed.
2024-08-31 05:06:19 INFO     Spotify access token retrieved successfully.
2024-08-31 05:06:19 INFO     Spotify access token needs to be renewed.
2024-08-31 05:06:19 INFO     Spotify access token retrieved successfully.
2024-08-31 05:06:19 INFO     Spotify access token needs to be renewed.
2024-08-31 05:06:19 INFO     Spotify access token retrieved successfully.
2024-08-31 05:06:19 INFO     Spotify access token needs to be renewed.
2024-08-31 05:06:19 INFO     Spotify access token retrieved successfully.
2024-08-31 05:06:19 INFO     Spotify access token needs to be renewed.
2024-08-31 05:06:20 INFO     Spotify access token retrieved successfully.
2024-08-31 05:06:20 INFO     Spotify access token needs to be renewed.
2024-08-31 05:06:20 INFO     Spotify access token retrieved successfully.
2024-08-31 05:06:20 INFO     Spotify access token needs to be renewed.
2024-08-31 05:06:20 INFO     Spotify access token retrieved successfully.
2024-08-31 05:06:20 INFO     Spotify access token needs to be renewed.
2024-08-31 05:06:20 INFO     Spotify access token retrieved successfully.
2024-08-31 05:06:20 INFO     Spotify access token needs to be renewed.
2024-08-31 05:06:20 INFO     Spotify access token retrieved successfully.
2024-08-31 05:06:20 INFO     Spotify access token needs to be renewed.
2024-08-31 05:06:20 INFO     Spotify access token retrieved successfully.
2024-08-31 05:06:20 INFO     Spotify access token needs to be renewed.
2024-08-31 05:06:20 INFO     Spotify access token retrieved successfully.
2024-08-31 05:06:20 INFO     Spotify access token needs to be renewed.
2024-08-31 05:06:20 INFO     Spotify access token retrieved successfully.
2024-08-31 05:06:20 INFO     Spotify access token needs to be renewed.
2024-08-31 05:06:20 INFO     Spotify access token retrieved successfully.
2024-08-31 05:06:20 INFO     Spotify access token needs to be renewed.
2024-08-31 05:06:21 INFO     Spotify access token retrieved successfully.
2024-08-31 05:06:21 INFO     Spotify access token needs to be renewed.
2024-08-31 05:06:21 INFO     Spotify access token retrieved successfully.
2024-08-31 05:06:21 INFO     Spotify access token needs to be renewed.
2024-08-31 05:06:21 INFO     Spotify access token retrieved successfully.
2024-08-31 05:06:21 INFO     Spotify access token needs to be renewed.
2024-08-31 05:06:21 INFO     Spotify access token retrieved successfully.
2024-08-31 05:06:21 INFO     Spotify access token needs to be renewed.
2024-08-31 05:06:21 INFO     Spotify access token retrieved successfully.
2024-08-31 05:06:21 WARNING  GEOB frame does not contain a mime type
2024-08-31 05:06:21 WARNING  GEOB frame does not contain a valid mime type
2024-08-31 05:06:21 ERROR    /home/zic/ElectroJazz/Pachworks - Summertime.mp3 No Tag Title
2024-08-31 05:06:21 INFO     Spotify access token needs to be renewed.
2024-08-31 05:06:21 INFO     Spotify access token retrieved successfully.
2024-08-31 05:06:21 INFO     4691/9270 Traitement de /home/zic/ElectroJazz/Bugge Wesseltoft - Live In Amiens (April 2000).mp3 - artist : Bugge Wesseltoft title : Live in Amiens (April 2000) album : New Conception of Jazz Live
2024-08-31 05:06:21 INFO     Spotify - Début de la recherche pour l'artiste: Bugge Wesseltoft, album: New Conception of Jazz Live
2024-08-31 05:06:21 INFO     Spotify - Requête envoyée : artist:Bugge Wesseltoft album:New Conception of Jazz Live
2024-08-31 05:06:22 INFO     Spotify album url : https://i.scdn.co/image/ab67616d0000b27342272b274171a2c751b343d8
2024-08-31 05:06:22 INFO     Spotify - Album trouvé, URL de l'image : https://i.scdn.co/image/ab67616d0000b27342272b274171a2c751b343d8
2024-08-31 05:06:22 INFO     Spotify - Téléchargement de l'image depuis : https://i.scdn.co/image/ab67616d0000b27342272b274171a2c751b343d8
2024-08-31 05:06:22 INFO     Image trouvée sur Spotify : https://i.scdn.co/image/ab67616d0000b27342272b274171a2c751b343d8
2024-08-31 05:06:22 INFO     L'image /home/web/bonnezic.com/spotify/Bugge Wesseltoft - Live In Amiens (April 2000).jpg n'existe pas
2024-08-31 05:06:25 INFO     L'image a été téléchargée et sauvegardée sous : /home/web/bonnezic.com/spotify/Bugge Wesseltoft - Live In Amiens (April 2000).jpg
2024-08-31 05:06:25 INFO     resize_download_img.verify_and_resize_image image_path : /home/web/bonnezic.com/spotify/Bugge Wesseltoft - Live In Amiens (April 2000).jpg
2024-08-31 05:06:25 INFO     Dimensions verify_and_resize_image : 640x640
2024-08-31 05:06:25 INFO     L'image Spotify est valide et a été sauvegardée : /home/web/bonnezic.com/spotify/Bugge Wesseltoft - Live In Amiens (April 2000).jpg
2024-08-31 05:06:25 WARNING  Deezer - Aucun résultat trouvé.
2024-08-31 05:06:25 WARNING  Deezer - Aucun résultat trouvé.
2024-08-31 05:06:25 WARNING  Deezer - Aucun résultat trouvé.
2024-08-31 05:06:26 WARNING  Deezer - Aucun résultat trouvé.
2024-08-31 05:06:26 INFO     Cover found for /home/zic/ElectroJazz/Bugge Wesseltoft - Live In Amiens (April 2000).mp3, not adding to no_cover.txt
2024-08-31 05:06:26 INFO     4692/9270 Traitement de /home/zic/ElectroJazz/Dj Krush - Ha-Doh.mp3 - artist : DJ Krush & Toshinori Kondo title : Ha-Doh album : Ki-Oku
2024-08-31 05:06:26 INFO     Image extraite depuis /home/zic/ElectroJazz/Dj Krush - Ha-Doh.mp3 vers /home/web/bonnezic.com/album/Dj Krush - Ha-Doh.jpg
2024-08-31 05:06:26 INFO     Image extraite du fichier MP3 : /home/web/bonnezic.com/album/Dj Krush - Ha-Doh.jpg
2024-08-31 05:06:26 INFO     Cover found for /home/zic/ElectroJazz/Dj Krush - Ha-Doh.mp3, not adding to no_cover.txt
2024-08-31 05:06:26 INFO     4693/9270 Traitement de /home/zic/ElectroJazz/Solar Sides - Afro Paris.mp3 - artist : Solar Sides title : Afro Paris album : New Jazz Deluxe
2024-08-31 05:06:26 INFO     Image extraite depuis /home/zic/ElectroJazz/Solar Sides - Afro Paris.mp3 vers /home/web/bonnezic.com/album/Solar Sides - Afro Paris.jpg
2024-08-31 05:06:26 INFO     Image extraite du fichier MP3 : /home/web/bonnezic.com/album/Solar Sides - Afro Paris.jpg
2024-08-31 05:06:26 INFO     Cover found for /home/zic/ElectroJazz/Solar Sides - Afro Paris.mp3, not adding to no_cover.txt
2024-08-31 05:06:26 INFO     4694/9270 Traitement de /home/zic/ElectroJazz/The Mambo Craze .mp3 - artist : De‐Phazz feat. Pat Appleton title : The Mambo Craze (radio edit) album : Brazilectro: Latin Flavoured Club Tunes
2024-08-31 05:06:26 INFO     Image extraite depuis /home/zic/ElectroJazz/The Mambo Craze .mp3 vers /home/web/bonnezic.com/album/The Mambo Craze .jpg
2024-08-31 05:06:26 INFO     Image extraite du fichier MP3 : /home/web/bonnezic.com/album/The Mambo Craze .jpg
2024-08-31 05:06:26 INFO     Cover found for /home/zic/ElectroJazz/The Mambo Craze .mp3, not adding to no_cover.txt
2024-08-31 05:06:26 INFO     4696/9270 Traitement de /home/zic/ElectroJazz/The Cinematic Orchestra - All That You Give.mp3 - artist : The Cinematic Orchestra feat. Fontella Bass title : All That You Give album : Every Day
2024-08-31 05:06:26 INFO     Image extraite depuis /home/zic/ElectroJazz/The Cinematic Orchestra - All That You Give.mp3 vers /home/web/bonnezic.com/album/The Cinematic Orchestra - All That You Give.jpg
2024-08-31 05:06:26 INFO     Image extraite du fichier MP3 : /home/web/bonnezic.com/album/The Cinematic Orchestra - All That You Give.jpg
2024-08-31 05:06:26 INFO     Cover found for /home/zic/ElectroJazz/The Cinematic Orchestra - All That You Give.mp3, not adding to no_cover.txt
2024-08-31 05:06:26 WARNING  Lame tag CRC check failed
2024-08-31 05:06:26 INFO     4697/9270 Traitement de /home/zic/ElectroJazz/Flevans - Dumb Ballad.mp3 - artist : Flevans title : Dumb Ballad album : Make New Friends
2024-08-31 05:06:26 WARNING  Lame tag CRC check failed
2024-08-31 05:06:26 INFO     Image extraite depuis /home/zic/ElectroJazz/Flevans - Dumb Ballad.mp3 vers /home/web/bonnezic.com/album/Flevans - Dumb Ballad.jpg
2024-08-31 05:06:26 INFO     Image extraite du fichier MP3 : /home/web/bonnezic.com/album/Flevans - Dumb Ballad.jpg
2024-08-31 05:06:26 INFO     Cover found for /home/zic/ElectroJazz/Flevans - Dumb Ballad.mp3, not adding to no_cover.txt
2024-08-31 05:06:26 WARNING  Lame tag CRC check failed
2024-08-31 05:06:26 INFO     4698/9270 Traitement de /home/zic/ElectroJazz/Nojazz - Nojazz Song Tabla Dance.mp3 - artist : noJazz title : noJazz Song (Tabla Dance mix by David F) album : No Limits: Mixes & Combinations
2024-08-31 05:06:26 WARNING  Lame tag CRC check failed
2024-08-31 05:06:26 INFO     Image extraite depuis /home/zic/ElectroJazz/Nojazz - Nojazz Song Tabla Dance.mp3 vers /home/web/bonnezic.com/album/Nojazz - Nojazz Song Tabla Dance.jpg
2024-08-31 05:06:26 INFO     Image extraite du fichier MP3 : /home/web/bonnezic.com/album/Nojazz - Nojazz Song Tabla Dance.jpg
2024-08-31 05:06:26 INFO     Cover found for /home/zic/ElectroJazz/Nojazz - Nojazz Song Tabla Dance.mp3, not adding to no_cover.txt
2024-08-31 05:06:26 INFO     4699/9270 Traitement de /home/zic/ElectroJazz/Spaceheads - Electric Gypsyland.mp3 - artist : Spaceheads title : Electric Gypsyland album : Angel Station
2024-08-31 05:06:26 INFO     Spotify - Début de la recherche pour l'artiste: Spaceheads, album: Angel Station
2024-08-31 05:06:26 INFO     Spotify - Requête envoyée : artist:Spaceheads album:Angel Station
2024-08-31 05:06:27 INFO     Spotify album url : https://i.scdn.co/image/ab67616d0000b2739511e3a2fc113eae0dd111dd
2024-08-31 05:06:27 INFO     Spotify - Album trouvé, URL de l'image : https://i.scdn.co/image/ab67616d0000b2739511e3a2fc113eae0dd111dd
2024-08-31 05:06:27 INFO     Spotify - Téléchargement de l'image depuis : https://i.scdn.co/image/ab67616d0000b2739511e3a2fc113eae0dd111dd
2024-08-31 05:06:27 INFO     Image trouvée sur Spotify : https://i.scdn.co/image/ab67616d0000b2739511e3a2fc113eae0dd111dd
2024-08-31 05:06:27 INFO     L'image /home/web/bonnezic.com/spotify/Spaceheads - Electric Gypsyland.jpg n'existe pas
