2024-08-31 05:36:02 INFO     Started
2024-08-31 05:36:02 INFO     Spotify access token retrieved successfully.
2024-08-31 05:36:02 INFO     Spotify access token retrieved: BQBCVVPRfBMdBArRbPll5eYwzxWfsIHgP_Rnpi3FioEHzm2pcFVWzNZo6PgMyTx4j-5VgwJD7JSeU9F-mJXk9rVnts2OC500WDwim7zGySgbQXUd7_w
2024-08-31 05:36:02 INFO     Spotify access token needs to be renewed.
2024-08-31 05:36:02 INFO     Spotify access token retrieved successfully.
2024-08-31 05:36:02 INFO     Spotify access token needs to be renewed.
2024-08-31 05:36:02 INFO     Spotify access token retrieved successfully.
2024-08-31 05:36:02 INFO     Spotify access token needs to be renewed.
2024-08-31 05:36:02 INFO     Spotify access token retrieved successfully.
2024-08-31 05:36:02 INFO     Spotify access token needs to be renewed.
2024-08-31 05:36:03 INFO     Spotify access token retrieved successfully.
2024-08-31 05:36:03 INFO     Spotify access token needs to be renewed.
2024-08-31 05:36:03 INFO     Spotify access token retrieved successfully.
2024-08-31 05:36:03 INFO     Spotify access token needs to be renewed.
2024-08-31 05:36:03 INFO     Spotify access token retrieved successfully.
2024-08-31 05:36:03 INFO     Spotify access token needs to be renewed.
2024-08-31 05:36:03 INFO     Spotify access token retrieved successfully.
2024-08-31 05:36:03 INFO     Spotify access token needs to be renewed.
2024-08-31 05:36:03 INFO     Spotify access token retrieved successfully.
2024-08-31 05:36:03 INFO     Spotify access token needs to be renewed.
2024-08-31 05:36:03 INFO     Spotify access token retrieved successfully.
2024-08-31 05:36:03 INFO     Spotify access token needs to be renewed.
2024-08-31 05:36:03 INFO     Spotify access token retrieved successfully.
2024-08-31 05:36:03 INFO     Spotify access token needs to be renewed.
2024-08-31 05:36:04 INFO     Spotify access token retrieved successfully.
2024-08-31 05:36:04 INFO     Spotify access token needs to be renewed.
2024-08-31 05:36:04 INFO     Spotify access token retrieved successfully.
2024-08-31 05:36:04 INFO     Spotify access token needs to be renewed.
2024-08-31 05:36:04 INFO     Spotify access token retrieved successfully.
2024-08-31 05:36:04 INFO     Spotify access token needs to be renewed.
2024-08-31 05:36:04 INFO     Spotify access token retrieved successfully.
2024-08-31 05:36:04 INFO     Spotify access token needs to be renewed.
2024-08-31 05:36:04 INFO     Spotify access token retrieved successfully.
2024-08-31 05:36:04 INFO     Spotify access token needs to be renewed.
2024-08-31 05:36:04 INFO     Spotify access token retrieved successfully.
2024-08-31 05:36:04 INFO     Spotify access token needs to be renewed.
2024-08-31 05:36:04 INFO     Spotify access token retrieved successfully.
2024-08-31 05:36:04 INFO     Spotify access token needs to be renewed.
2024-08-31 05:36:04 INFO     Spotify access token retrieved successfully.
2024-08-31 05:36:04 INFO     Spotify access token needs to be renewed.
2024-08-31 05:36:05 INFO     Spotify access token retrieved successfully.
2024-08-31 05:36:05 INFO     Spotify access token needs to be renewed.
2024-08-31 05:36:05 INFO     Spotify access token retrieved successfully.
2024-08-31 05:36:05 INFO     Spotify access token needs to be renewed.
2024-08-31 05:36:05 INFO     Spotify access token retrieved successfully.
2024-08-31 05:36:05 INFO     Spotify access token needs to be renewed.
2024-08-31 05:36:05 INFO     Spotify access token retrieved successfully.
2024-08-31 05:36:05 INFO     Spotify access token needs to be renewed.
2024-08-31 05:36:05 INFO     Spotify access token retrieved successfully.
2024-08-31 05:36:05 INFO     Spotify access token needs to be renewed.
2024-08-31 05:36:05 INFO     Spotify access token retrieved successfully.
2024-08-31 05:36:05 INFO     Spotify access token needs to be renewed.
2024-08-31 05:36:05 INFO     Spotify access token retrieved successfully.
2024-08-31 05:36:05 INFO     Spotify access token needs to be renewed.
2024-08-31 05:36:05 INFO     Spotify access token retrieved successfully.
2024-08-31 05:36:05 INFO     Spotify access token needs to be renewed.
2024-08-31 05:36:05 INFO     Spotify access token retrieved successfully.
2024-08-31 05:36:05 INFO     Spotify access token needs to be renewed.
2024-08-31 05:36:06 INFO     Spotify access token retrieved successfully.
2024-08-31 05:36:06 INFO     Spotify access token needs to be renewed.
2024-08-31 05:36:06 INFO     Spotify access token retrieved successfully.
2024-08-31 05:36:06 INFO     Spotify access token needs to be renewed.
2024-08-31 05:36:06 INFO     Spotify access token retrieved successfully.
2024-08-31 05:36:06 INFO     Spotify access token needs to be renewed.
2024-08-31 05:36:06 INFO     Spotify access token retrieved successfully.
2024-08-31 05:36:06 INFO     Spotify access token needs to be renewed.
2024-08-31 05:36:06 INFO     Spotify access token retrieved successfully.
2024-08-31 05:36:06 INFO     Spotify access token needs to be renewed.
2024-08-31 05:36:06 INFO     Spotify access token retrieved successfully.
2024-08-31 05:36:06 INFO     Spotify access token needs to be renewed.
2024-08-31 05:36:06 INFO     Spotify access token retrieved successfully.
2024-08-31 05:36:06 INFO     Spotify access token needs to be renewed.
2024-08-31 05:36:06 INFO     Spotify access token retrieved successfully.
2024-08-31 05:36:06 INFO     Spotify access token needs to be renewed.
2024-08-31 05:36:06 INFO     Spotify access token retrieved successfully.
2024-08-31 05:36:06 INFO     Spotify access token needs to be renewed.
2024-08-31 05:36:06 INFO     Spotify access token retrieved successfully.
2024-08-31 05:36:07 INFO     Spotify access token needs to be renewed.
2024-08-31 05:36:07 INFO     Spotify access token retrieved successfully.
2024-08-31 05:36:07 INFO     Spotify access token needs to be renewed.
2024-08-31 05:36:07 INFO     Spotify access token retrieved successfully.
2024-08-31 05:36:07 INFO     Spotify access token needs to be renewed.
2024-08-31 05:36:07 INFO     Spotify access token retrieved successfully.
2024-08-31 05:36:07 INFO     Spotify access token needs to be renewed.
2024-08-31 05:36:07 INFO     Spotify access token retrieved successfully.
2024-08-31 05:36:07 INFO     Spotify access token needs to be renewed.
2024-08-31 05:36:07 INFO     Spotify access token retrieved successfully.
2024-08-31 05:36:07 INFO     Spotify access token needs to be renewed.
2024-08-31 05:36:07 INFO     Spotify access token retrieved successfully.
2024-08-31 05:36:07 INFO     Spotify access token needs to be renewed.
2024-08-31 05:36:07 INFO     Spotify access token retrieved successfully.
2024-08-31 05:36:07 INFO     Spotify access token needs to be renewed.
2024-08-31 05:36:07 INFO     Spotify access token retrieved successfully.
2024-08-31 05:36:07 WARNING  GEOB frame does not contain a mime type
2024-08-31 05:36:07 WARNING  GEOB frame does not contain a valid mime type
2024-08-31 05:36:07 ERROR    /home/zic/ElectroJazz/Pachworks - Summertime.mp3 No Tag Title
2024-08-31 05:36:07 INFO     Spotify access token needs to be renewed.
2024-08-31 05:36:08 INFO     Spotify access token retrieved successfully.
2024-08-31 05:36:08 WARNING  Lame tag CRC check failed
2024-08-31 05:36:08 INFO     4739/9270 Traitement de /home/zic/ElectroJazz/Dj Food - Last Coltrane To Skaville.mp3 - artist : DJ Food title : Last Coltrane to Skaville album : Jazz Brakes, Volume 2
2024-08-31 05:36:08 WARNING  Lame tag CRC check failed
2024-08-31 05:36:08 INFO     Image extraite depuis /home/zic/ElectroJazz/Dj Food - Last Coltrane To Skaville.mp3 vers /home/web/bonnezic.com/album/Dj Food - Last Coltrane To Skaville.jpg
2024-08-31 05:36:08 INFO     Image /home/web/bonnezic.com/album/Dj Food - Last Coltrane To Skaville.jpg trop petite (160x160)
2024-08-31 05:36:08 INFO     Image extraite du fichier MP3 mais trop petite, tentative de téléchargement via Spotify et Deezer.
2024-08-31 05:36:08 INFO     Spotify - Début de la recherche pour l'artiste: DJ Food, album: Jazz Brakes, Volume 2
2024-08-31 05:36:08 INFO     Spotify - Requête envoyée : artist:DJ Food album:Jazz Brakes, Volume 2
2024-08-31 05:36:08 INFO     Spotify album url : https://i.scdn.co/image/ab67616d0000b2735ca28a93ca3eda3d26dfb0f4
2024-08-31 05:36:08 INFO     Spotify - Album trouvé, URL de l'image : https://i.scdn.co/image/ab67616d0000b2735ca28a93ca3eda3d26dfb0f4
2024-08-31 05:36:08 INFO     Spotify - Téléchargement de l'image depuis : https://i.scdn.co/image/ab67616d0000b2735ca28a93ca3eda3d26dfb0f4
2024-08-31 05:36:08 INFO     Image trouvée sur Spotify : https://i.scdn.co/image/ab67616d0000b2735ca28a93ca3eda3d26dfb0f4
2024-08-31 05:36:08 INFO     download_image url: https://i.scdn.co/image/ab67616d0000b2735ca28a93ca3eda3d26dfb0f4
2024-08-31 05:36:08 INFO     L'image /home/web/bonnezic.com/spotify/Dj Food - Last Coltrane To Skaville.jpg n'existe pas
2024-08-31 05:36:11 INFO     L'image a été téléchargée et sauvegardée sous : /home/web/bonnezic.com/spotify/Dj Food - Last Coltrane To Skaville.jpg
2024-08-31 05:36:11 INFO     resize_download_img.verify_and_resize_image image_path : /home/web/bonnezic.com/spotify/Dj Food - Last Coltrane To Skaville.jpg
2024-08-31 05:36:11 INFO     Dimensions verify_and_resize_image : 640x640
2024-08-31 05:36:11 INFO     L'image Spotify est valide et a été sauvegardée : /home/web/bonnezic.com/spotify/Dj Food - Last Coltrane To Skaville.jpg
2024-08-31 05:36:12 WARNING  Deezer - Aucun résultat trouvé.
2024-08-31 05:36:12 WARNING  Deezer - Aucun résultat trouvé.
2024-08-31 05:36:12 WARNING  Deezer - Aucun résultat trouvé.
2024-08-31 05:36:12 WARNING  Deezer - Aucun résultat trouvé.
2024-08-31 05:36:12 INFO     Cover found for /home/zic/ElectroJazz/Dj Food - Last Coltrane To Skaville.mp3, not adding to no_cover.txt
2024-08-31 05:36:12 WARNING  Lame tag CRC check failed
2024-08-31 05:36:12 INFO     4740/9270 Traitement de /home/zic/ElectroJazz/Ultimate K - Piste  5.mp3 - artist : ULTIMATE K title : Piste  5 album : ELECTRO LIVE
2024-08-31 05:36:12 WARNING  Lame tag CRC check failed
2024-08-31 05:36:12 INFO     Spotify - Début de la recherche pour l'artiste: ULTIMATE K, album: ELECTRO LIVE
2024-08-31 05:36:12 INFO     Spotify - Requête envoyée : artist:ULTIMATE K album:ELECTRO LIVE
2024-08-31 05:36:13 INFO     Spotify album url : https://i.scdn.co/image/ab67616d0000b273f50bf8084da59379dd7f968e
2024-08-31 05:36:13 INFO     Spotify - Album trouvé, URL de l'image : https://i.scdn.co/image/ab67616d0000b273f50bf8084da59379dd7f968e
2024-08-31 05:36:13 INFO     Spotify - Téléchargement de l'image depuis : https://i.scdn.co/image/ab67616d0000b273f50bf8084da59379dd7f968e
2024-08-31 05:36:13 INFO     Image trouvée sur Spotify : https://i.scdn.co/image/ab67616d0000b273f50bf8084da59379dd7f968e
2024-08-31 05:36:13 INFO     download_image url: https://i.scdn.co/image/ab67616d0000b273f50bf8084da59379dd7f968e
2024-08-31 05:36:13 INFO     L'image /home/web/bonnezic.com/spotify/Ultimate K - Piste  5.jpg n'existe pas
2024-08-31 05:36:16 INFO     L'image a été téléchargée et sauvegardée sous : /home/web/bonnezic.com/spotify/Ultimate K - Piste  5.jpg
2024-08-31 05:36:16 INFO     resize_download_img.verify_and_resize_image image_path : /home/web/bonnezic.com/spotify/Ultimate K - Piste  5.jpg
2024-08-31 05:36:16 INFO     Dimensions verify_and_resize_image : 640x636
2024-08-31 05:36:16 INFO     Image redimensionnée et sauvegardée : /home/web/bonnezic.com/spotify/Ultimate K - Piste  5.jpg
2024-08-31 05:36:16 INFO     L'image Spotify est valide et a été sauvegardée : /home/web/bonnezic.com/spotify/Ultimate K - Piste  5.jpg
2024-08-31 05:36:16 WARNING  Deezer - Aucun résultat trouvé.
2024-08-31 05:36:17 WARNING  Deezer - Aucun résultat trouvé.
2024-08-31 05:36:17 WARNING  Deezer - Aucun résultat trouvé.
2024-08-31 05:36:17 WARNING  Deezer - Aucun résultat trouvé.
2024-08-31 05:36:17 INFO     Cover found for /home/zic/ElectroJazz/Ultimate K - Piste  5.mp3, not adding to no_cover.txt
2024-08-31 05:36:17 INFO     4741/9270 Traitement de /home/zic/ElectroJazz/Herbie Hancock - Swamp Rat.mp3 - artist : Herbie Hancock title : Swamp Rat album : Secrets
2024-08-31 05:36:17 INFO     Image extraite depuis /home/zic/ElectroJazz/Herbie Hancock - Swamp Rat.mp3 vers /home/web/bonnezic.com/album/Herbie Hancock - Swamp Rat.jpg
2024-08-31 05:36:17 INFO     Image extraite du fichier MP3 : /home/web/bonnezic.com/album/Herbie Hancock - Swamp Rat.jpg
2024-08-31 05:36:17 INFO     Start ResizeDownloadImg.verify_and_resize_image image_path : /home/web/bonnezic.com/album/Herbie Hancock - Swamp Rat.jpg
