2024-08-29 17:42:48 INFO     Started
2024-08-29 17:42:48 INFO     Spotify access token retrieved successfully.
2024-08-29 17:42:48 INFO     Spotify access token retrieved: BQD45LxpNaYtAihD4Rehcj3OnqmKobkRt9SEbXWBG74VvfMkx8aQRBtgCV-O6oYRFZA3jXJxJ57kxcIejRMuu9uvLYG9J2RhvDDKkHHek3QdMBamrGs
2024-08-29 17:42:49 INFO     574/9270 Traitement de /home/zic/BO/Francesco De Masi - Smooth Thrill.mp3 - artist : Francesco De Masi title : Smooth Thrill album : Piombo rovente
2024-08-29 17:42:49 INFO     Image extraite depuis /home/zic/BO/Francesco De Masi - Smooth Thrill.mp3 vers /home/web/bonnezic.com/album/Francesco De Masi - Smooth Thrill.jpg
2024-08-29 17:42:49 INFO     Image /home/web/bonnezic.com/album/Francesco De Masi - Smooth Thrill.jpg trop petite (348x353)
2024-08-29 17:42:49 INFO     Image extraite du fichier MP3 mais trop petite, tentative de téléchargement via Spotify et Deezer.
2024-08-29 17:42:49 INFO     Spotify - Début de la recherche pour l'artiste: Francesco De Masi, album: Piombo rovente
2024-08-29 17:42:49 INFO     Spotify - Requête envoyée : artist:Francesco De Masi album:Piombo rovente
2024-08-29 17:42:49 INFO     Spotify album url : https://i.scdn.co/image/ab67616d0000b27345a7dc48c7d0d18d68e77b51
2024-08-29 17:42:49 INFO     Spotify - Album trouvé, URL de l'image : https://i.scdn.co/image/ab67616d0000b27345a7dc48c7d0d18d68e77b51
2024-08-29 17:42:49 INFO     Spotify - Téléchargement de l'image depuis : https://i.scdn.co/image/ab67616d0000b27345a7dc48c7d0d18d68e77b51
2024-08-29 17:42:49 INFO     L'image Spotify existe déjà : /home/web/bonnezic.com/spotify/Francesco De Masi - Smooth Thrill.jpg
2024-08-29 17:42:50 WARNING  Deezer - Aucun résultat trouvé.
2024-08-29 17:42:50 WARNING  Deezer - Aucun résultat trouvé.
2024-08-29 17:42:50 WARNING  Deezer - Aucun résultat trouvé.
2024-08-29 17:42:50 WARNING  Deezer - Aucun résultat trouvé.
2024-08-29 17:42:50 INFO     Cover found for /home/zic/BO/Francesco De Masi - Smooth Thrill.mp3, not adding to no_cover.txt
2024-08-29 17:42:50 INFO     618/9270 Traitement de /home/zic/BO/Lalo Schifrin - Mission Impossible Theme.mp3 - artist : Lalo Schifrin title : Mission Impossible album : This Is Cult Fiction: 17 Cult TV & Movie Classics
2024-08-29 17:42:50 INFO     Spotify - Début de la recherche pour l'artiste: Lalo Schifrin, album: This Is Cult Fiction: 17 Cult TV & Movie Classics
2024-08-29 17:42:50 INFO     Spotify - Requête envoyée : artist:Lalo Schifrin album:This Is Cult Fiction: 17 Cult TV & Movie Classics
2024-08-29 17:42:51 INFO     Spotify album url : https://i.scdn.co/image/ab67616d0000b2739bbaef2fb6c2c4b90a4f5ad5
2024-08-29 17:42:51 INFO     Spotify - Album trouvé, URL de l'image : https://i.scdn.co/image/ab67616d0000b2739bbaef2fb6c2c4b90a4f5ad5
2024-08-29 17:42:51 INFO     Spotify - Téléchargement de l'image depuis : https://i.scdn.co/image/ab67616d0000b2739bbaef2fb6c2c4b90a4f5ad5
2024-08-29 17:42:51 INFO     L'image Spotify existe déjà : /home/web/bonnezic.com/spotify/Lalo Schifrin - Mission Impossible Theme.jpg
2024-08-29 17:42:51 WARNING  Deezer - Aucun résultat trouvé.
2024-08-29 17:42:51 WARNING  Deezer - Aucun résultat trouvé.
2024-08-29 17:42:51 WARNING  Deezer - Aucun résultat trouvé.
2024-08-29 17:42:51 WARNING  Deezer - Aucun résultat trouvé.
2024-08-29 17:42:51 INFO     Cover found for /home/zic/BO/Lalo Schifrin - Mission Impossible Theme.mp3, not adding to no_cover.txt
2024-08-29 17:42:52 INFO     620/9270 Traitement de /home/zic/BO/Francesco De Masi - The Blue Boat.mp3 - artist : Francesco De Masi title : The Blue Boat album : Piombo rovente
2024-08-29 17:42:52 INFO     Image extraite depuis /home/zic/BO/Francesco De Masi - The Blue Boat.mp3 vers /home/web/bonnezic.com/album/Francesco De Masi - The Blue Boat.jpg
2024-08-29 17:42:52 INFO     Image /home/web/bonnezic.com/album/Francesco De Masi - The Blue Boat.jpg trop petite (348x353)
2024-08-29 17:42:52 INFO     Image extraite du fichier MP3 mais trop petite, tentative de téléchargement via Spotify et Deezer.
2024-08-29 17:42:52 INFO     Spotify - Début de la recherche pour l'artiste: Francesco De Masi, album: Piombo rovente
2024-08-29 17:42:52 INFO     Spotify - Requête envoyée : artist:Francesco De Masi album:Piombo rovente
2024-08-29 17:42:52 INFO     Spotify album url : https://i.scdn.co/image/ab67616d0000b27345a7dc48c7d0d18d68e77b51
2024-08-29 17:42:52 INFO     Spotify - Album trouvé, URL de l'image : https://i.scdn.co/image/ab67616d0000b27345a7dc48c7d0d18d68e77b51
2024-08-29 17:42:52 INFO     Spotify - Téléchargement de l'image depuis : https://i.scdn.co/image/ab67616d0000b27345a7dc48c7d0d18d68e77b51
2024-08-29 17:42:52 INFO     L'image Spotify existe déjà : /home/web/bonnezic.com/spotify/Francesco De Masi - The Blue Boat.jpg
2024-08-29 17:42:52 WARNING  Deezer - Aucun résultat trouvé.
2024-08-29 17:42:53 WARNING  Deezer - Aucun résultat trouvé.
2024-08-29 17:42:53 WARNING  Deezer - Aucun résultat trouvé.
2024-08-29 17:42:53 WARNING  Deezer - Aucun résultat trouvé.
2024-08-29 17:42:53 INFO     Cover found for /home/zic/BO/Francesco De Masi - The Blue Boat.mp3, not adding to no_cover.txt
2024-08-29 17:42:53 INFO     639/9270 Traitement de /home/zic/BO/Ennio Morricone - A Lidia.mp3 - artist : Ennio Morricone title : A lidia: Finale album : Scusi, facciamo l'amore?
2024-08-29 17:42:53 INFO     Image extraite depuis /home/zic/BO/Ennio Morricone - A Lidia.mp3 vers /home/web/bonnezic.com/album/Ennio Morricone - A Lidia.jpg
2024-08-29 17:42:53 INFO     Image /home/web/bonnezic.com/album/Ennio Morricone - A Lidia.jpg trop petite (355x352)
2024-08-29 17:42:53 INFO     Image extraite du fichier MP3 mais trop petite, tentative de téléchargement via Spotify et Deezer.
2024-08-29 17:42:53 INFO     Spotify - Début de la recherche pour l'artiste: Ennio Morricone, album: Scusi, facciamo l'amore?
2024-08-29 17:42:53 INFO     Spotify - Requête envoyée : artist:Ennio Morricone album:Scusi, facciamo l'amore?
2024-08-29 17:42:54 INFO     Spotify album url : https://i.scdn.co/image/ab67616d0000b273bb9ea46c08aafd29b95100f3
2024-08-29 17:42:54 INFO     Spotify - Album trouvé, URL de l'image : https://i.scdn.co/image/ab67616d0000b273bb9ea46c08aafd29b95100f3
2024-08-29 17:42:54 INFO     Spotify - Téléchargement de l'image depuis : https://i.scdn.co/image/ab67616d0000b273bb9ea46c08aafd29b95100f3
2024-08-29 17:42:54 INFO     L'image Spotify existe déjà : /home/web/bonnezic.com/spotify/Ennio Morricone - A Lidia.jpg
2024-08-29 17:42:54 ERROR    Deezer - Erreur de requête: Status Code 403
2024-08-29 17:42:54 ERROR    Deezer - Erreur de requête: Status Code 403
2024-08-29 17:42:54 WARNING  Deezer - Aucun résultat trouvé.
2024-08-29 17:42:54 WARNING  Deezer - Aucun résultat trouvé.
2024-08-29 17:42:54 INFO     Cover found for /home/zic/BO/Ennio Morricone - A Lidia.mp3, not adding to no_cover.txt
2024-08-29 17:42:54 INFO     667/9270 Traitement de /home/zic/BO/The Mighty Pop - L Homme Qui Valait Les 3 Milliards.mp3 - artist : The Mighty Pop title : AudioTrack 16 album : L'Homme Qui Valait Les 3 Milliards
2024-08-29 17:42:54 INFO     Spotify - Début de la recherche pour l'artiste: The Mighty Pop, album: L'Homme Qui Valait Les 3 Milliards
2024-08-29 17:42:54 INFO     Spotify - Requête envoyée : artist:The Mighty Pop album:L'Homme Qui Valait Les 3 Milliards
2024-08-29 17:42:55 INFO     Spotify album url : https://i.scdn.co/image/ab67616d0000b273ed5901d9efca8a9ffe1c5932
2024-08-29 17:42:55 INFO     Spotify - Album trouvé, URL de l'image : https://i.scdn.co/image/ab67616d0000b273ed5901d9efca8a9ffe1c5932
2024-08-29 17:42:55 INFO     Spotify - Téléchargement de l'image depuis : https://i.scdn.co/image/ab67616d0000b273ed5901d9efca8a9ffe1c5932
2024-08-29 17:42:55 INFO     L'image Spotify existe déjà : /home/web/bonnezic.com/spotify/The Mighty Pop - L Homme Qui Valait Les 3 Milliards.jpg
2024-08-29 17:42:55 WARNING  Deezer - Aucun résultat trouvé.
2024-08-29 17:42:55 WARNING  Deezer - Aucun résultat trouvé.
2024-08-29 17:42:56 WARNING  Deezer - Aucun résultat trouvé.
2024-08-29 17:42:56 WARNING  Deezer - Aucun résultat trouvé.
2024-08-29 17:42:56 INFO     Cover found for /home/zic/BO/The Mighty Pop - L Homme Qui Valait Les 3 Milliards.mp3, not adding to no_cover.txt
2024-08-29 17:42:56 INFO     694/9270 Traitement de /home/zic/BO/Lalo Schifrin - Theme From Medical Center.mp3 - artist : Lalo Schifrin title : Theme From 'Medical Center' - Medical Center (TV) album : Mission: Impossible... And More!
2024-08-29 17:42:56 INFO     Spotify - Début de la recherche pour l'artiste: Lalo Schifrin, album: Mission: Impossible... And More!
2024-08-29 17:42:56 INFO     Spotify - Requête envoyée : artist:Lalo Schifrin album:Mission: Impossible... And More!
2024-08-29 17:42:56 INFO     Spotify album url : https://i.scdn.co/image/ab67616d0000b27339b4c54673ada0808ca87afe
2024-08-29 17:42:56 INFO     Spotify - Album trouvé, URL de l'image : https://i.scdn.co/image/ab67616d0000b27339b4c54673ada0808ca87afe
2024-08-29 17:42:56 INFO     Spotify - Téléchargement de l'image depuis : https://i.scdn.co/image/ab67616d0000b27339b4c54673ada0808ca87afe
2024-08-29 17:42:56 INFO     L'image Spotify existe déjà : /home/web/bonnezic.com/spotify/Lalo Schifrin - Theme From Medical Center.jpg
2024-08-29 17:42:57 WARNING  Deezer - Aucun résultat trouvé.
2024-08-29 17:42:57 WARNING  Deezer - Aucun résultat trouvé.
2024-08-29 17:42:57 WARNING  Deezer - Aucun résultat trouvé.
2024-08-29 17:42:57 WARNING  Deezer - Aucun résultat trouvé.
2024-08-29 17:42:57 INFO     Cover found for /home/zic/BO/Lalo Schifrin - Theme From Medical Center.mp3, not adding to no_cover.txt
2024-08-29 17:42:57 INFO     697/9270 Traitement de /home/zic/BO/Guidoand Maurizio De Angelis - The Other Face 9.mp3 - artist : Guido e Maurizio De Angelis title : The Other Face (9) album : Piombo rovente
2024-08-29 17:42:57 INFO     Image extraite depuis /home/zic/BO/Guidoand Maurizio De Angelis - The Other Face 9.mp3 vers /home/web/bonnezic.com/album/Guidoand Maurizio De Angelis - The Other Face 9.jpg
2024-08-29 17:42:57 INFO     Image /home/web/bonnezic.com/album/Guidoand Maurizio De Angelis - The Other Face 9.jpg trop petite (348x353)
2024-08-29 17:42:57 INFO     Image extraite du fichier MP3 mais trop petite, tentative de téléchargement via Spotify et Deezer.
2024-08-29 17:42:57 INFO     Spotify - Début de la recherche pour l'artiste: Guido e Maurizio De Angelis, album: Piombo rovente
2024-08-29 17:42:57 INFO     Spotify - Requête envoyée : artist:Guido e Maurizio De Angelis album:Piombo rovente
2024-08-29 17:42:58 INFO     Spotify album url : https://i.scdn.co/image/ab67616d0000b273eb655ffc2c4ef872c13af536
2024-08-29 17:42:58 INFO     Spotify - Album trouvé, URL de l'image : https://i.scdn.co/image/ab67616d0000b273eb655ffc2c4ef872c13af536
2024-08-29 17:42:58 INFO     Spotify - Téléchargement de l'image depuis : https://i.scdn.co/image/ab67616d0000b273eb655ffc2c4ef872c13af536
2024-08-29 17:42:58 INFO     L'image Spotify existe déjà : /home/web/bonnezic.com/spotify/Guidoand Maurizio De Angelis - The Other Face 9.jpg
2024-08-29 17:42:58 WARNING  Deezer - Aucun résultat trouvé.
2024-08-29 17:42:59 WARNING  Deezer - Aucun résultat trouvé.
2024-08-29 17:42:59 WARNING  Deezer - Aucun résultat trouvé.
2024-08-29 17:42:59 WARNING  Deezer - Aucun résultat trouvé.
2024-08-29 17:42:59 INFO     Cover found for /home/zic/BO/Guidoand Maurizio De Angelis - The Other Face 9.mp3, not adding to no_cover.txt
2024-08-29 17:42:59 INFO     720/9270 Traitement de /home/zic/BO/Lalo Schifrin - Scorpio S Theme.mp3 - artist : Lalo Schifrin title : Scorpio's Theme album : Dirty Harry Anthology
2024-08-29 17:42:59 INFO     Spotify - Début de la recherche pour l'artiste: Lalo Schifrin, album: Dirty Harry Anthology
2024-08-29 17:42:59 INFO     Spotify - Requête envoyée : artist:Lalo Schifrin album:Dirty Harry Anthology
2024-08-29 17:42:59 INFO     Spotify album url : https://i.scdn.co/image/ab67616d0000b27374168a26387da7a542d68d6a
2024-08-29 17:42:59 INFO     Spotify - Album trouvé, URL de l'image : https://i.scdn.co/image/ab67616d0000b27374168a26387da7a542d68d6a
2024-08-29 17:42:59 INFO     Spotify - Téléchargement de l'image depuis : https://i.scdn.co/image/ab67616d0000b27374168a26387da7a542d68d6a
2024-08-29 17:42:59 INFO     L'image Spotify existe déjà : /home/web/bonnezic.com/spotify/Lalo Schifrin - Scorpio S Theme.jpg
2024-08-29 17:43:00 WARNING  Deezer - Aucun résultat trouvé.
2024-08-29 17:43:00 WARNING  Deezer - Aucun résultat trouvé.
2024-08-29 17:43:00 WARNING  Deezer - Aucun résultat trouvé.
2024-08-29 17:43:00 WARNING  Deezer - Aucun résultat trouvé.
2024-08-29 17:43:00 INFO     Cover found for /home/zic/BO/Lalo Schifrin - Scorpio S Theme.mp3, not adding to no_cover.txt
2024-08-29 17:43:00 INFO     721/9270 Traitement de /home/zic/BO/Lalo Schifrin - Main Title.mp3 - artist : Lalo Schifrin title : Main Title album : Abominable
2024-08-29 17:43:00 INFO     Image extraite depuis /home/zic/BO/Lalo Schifrin - Main Title.mp3 vers /home/web/bonnezic.com/album/Lalo Schifrin - Main Title.jpg
2024-08-29 17:43:00 INFO     Image /home/web/bonnezic.com/album/Lalo Schifrin - Main Title.jpg trop petite (200x200)
2024-08-29 17:43:00 INFO     Image extraite du fichier MP3 mais trop petite, tentative de téléchargement via Spotify et Deezer.
2024-08-29 17:43:00 INFO     Spotify - Début de la recherche pour l'artiste: Lalo Schifrin, album: Abominable
2024-08-29 17:43:00 INFO     Spotify - Requête envoyée : artist:Lalo Schifrin album:Abominable
2024-08-29 17:43:00 WARNING  Spotify - Aucun résultat trouvé.
2024-08-29 17:43:00 INFO     Spotify - Recherche par album échouée, tentative de recherche par titre.
2024-08-29 17:43:00 INFO     Spotify track album url : https://i.scdn.co/image/ab67616d0000b27398a12d284b677e9a018dc05b
2024-08-29 17:43:00 INFO     Spotify - Titre trouvé, URL de l'image : https://i.scdn.co/image/ab67616d0000b27398a12d284b677e9a018dc05b
2024-08-29 17:43:00 INFO     Spotify - Téléchargement de l'image depuis : https://i.scdn.co/image/ab67616d0000b27398a12d284b677e9a018dc05b
2024-08-29 17:43:00 INFO     L'image Spotify existe déjà : /home/web/bonnezic.com/spotify/Lalo Schifrin - Main Title.jpg
2024-08-29 17:43:01 WARNING  Deezer - Aucun résultat trouvé.
