2024-08-31 05:13:33 INFO     Started
2024-08-31 05:13:33 INFO     Spotify access token retrieved successfully.
2024-08-31 05:13:33 INFO     Spotify access token retrieved: BQDI3KSQiffenmuaCrJN61lVs5QEmP0puSk09dynejc4DxMI7Db1Nfmc0EYBQCJF1rqisNCu07sMgixCUzza3h659GWn5v6suthkVn6YwKFUVxwsq9s
2024-08-31 05:13:33 INFO     Spotify access token needs to be renewed.
2024-08-31 05:13:33 INFO     Spotify access token retrieved successfully.
2024-08-31 05:13:33 INFO     Spotify access token needs to be renewed.
2024-08-31 05:13:33 INFO     Spotify access token retrieved successfully.
2024-08-31 05:13:33 INFO     Spotify access token needs to be renewed.
2024-08-31 05:13:33 INFO     Spotify access token retrieved successfully.
2024-08-31 05:13:33 INFO     Spotify access token needs to be renewed.
2024-08-31 05:13:33 INFO     Spotify access token retrieved successfully.
2024-08-31 05:13:34 INFO     Spotify access token needs to be renewed.
2024-08-31 05:13:34 INFO     Spotify access token retrieved successfully.
2024-08-31 05:13:34 INFO     Spotify access token needs to be renewed.
2024-08-31 05:13:34 INFO     Spotify access token retrieved successfully.
2024-08-31 05:13:34 INFO     Spotify access token needs to be renewed.
2024-08-31 05:13:34 INFO     Spotify access token retrieved successfully.
2024-08-31 05:13:34 INFO     Spotify access token needs to be renewed.
2024-08-31 05:13:34 INFO     Spotify access token retrieved successfully.
2024-08-31 05:13:34 INFO     Spotify access token needs to be renewed.
2024-08-31 05:13:34 INFO     Spotify access token retrieved successfully.
2024-08-31 05:13:34 INFO     Spotify access token needs to be renewed.
2024-08-31 05:13:34 INFO     Spotify access token retrieved successfully.
2024-08-31 05:13:34 INFO     Spotify access token needs to be renewed.
2024-08-31 05:13:34 INFO     Spotify access token retrieved successfully.
2024-08-31 05:13:34 INFO     Spotify access token needs to be renewed.
2024-08-31 05:13:35 INFO     Spotify access token retrieved successfully.
2024-08-31 05:13:35 INFO     Spotify access token needs to be renewed.
2024-08-31 05:13:35 INFO     Spotify access token retrieved successfully.
2024-08-31 05:13:35 INFO     Spotify access token needs to be renewed.
2024-08-31 05:13:35 INFO     Spotify access token retrieved successfully.
2024-08-31 05:13:35 INFO     Spotify access token needs to be renewed.
2024-08-31 05:13:35 INFO     Spotify access token retrieved successfully.
2024-08-31 05:13:35 INFO     Spotify access token needs to be renewed.
2024-08-31 05:13:35 INFO     Spotify access token retrieved successfully.
2024-08-31 05:13:35 INFO     Spotify access token needs to be renewed.
2024-08-31 05:13:35 INFO     Spotify access token retrieved successfully.
2024-08-31 05:13:35 INFO     Spotify access token needs to be renewed.
2024-08-31 05:13:35 INFO     Spotify access token retrieved successfully.
2024-08-31 05:13:35 INFO     Spotify access token needs to be renewed.
2024-08-31 05:13:35 INFO     Spotify access token retrieved successfully.
2024-08-31 05:13:35 INFO     Spotify access token needs to be renewed.
2024-08-31 05:13:35 INFO     Spotify access token retrieved successfully.
2024-08-31 05:13:35 INFO     Spotify access token needs to be renewed.
2024-08-31 05:13:36 INFO     Spotify access token retrieved successfully.
2024-08-31 05:13:36 INFO     Spotify access token needs to be renewed.
2024-08-31 05:13:36 INFO     Spotify access token retrieved successfully.
2024-08-31 05:13:36 INFO     Spotify access token needs to be renewed.
2024-08-31 05:13:36 INFO     Spotify access token retrieved successfully.
2024-08-31 05:13:36 INFO     Spotify access token needs to be renewed.
2024-08-31 05:13:36 INFO     Spotify access token retrieved successfully.
2024-08-31 05:13:36 INFO     Spotify access token needs to be renewed.
2024-08-31 05:13:36 INFO     Spotify access token retrieved successfully.
2024-08-31 05:13:36 INFO     Spotify access token needs to be renewed.
2024-08-31 05:13:36 INFO     Spotify access token retrieved successfully.
2024-08-31 05:13:36 INFO     Spotify access token needs to be renewed.
2024-08-31 05:13:36 INFO     Spotify access token retrieved successfully.
2024-08-31 05:13:36 INFO     Spotify access token needs to be renewed.
2024-08-31 05:13:36 INFO     Spotify access token retrieved successfully.
2024-08-31 05:13:36 INFO     Spotify access token needs to be renewed.
2024-08-31 05:13:36 INFO     Spotify access token retrieved successfully.
2024-08-31 05:13:36 INFO     Spotify access token needs to be renewed.
2024-08-31 05:13:37 INFO     Spotify access token retrieved successfully.
2024-08-31 05:13:37 INFO     Spotify access token needs to be renewed.
2024-08-31 05:13:37 INFO     Spotify access token retrieved successfully.
2024-08-31 05:13:37 INFO     Spotify access token needs to be renewed.
2024-08-31 05:13:37 INFO     Spotify access token retrieved successfully.
2024-08-31 05:13:37 INFO     Spotify access token needs to be renewed.
2024-08-31 05:13:37 INFO     Spotify access token retrieved successfully.
2024-08-31 05:13:37 INFO     Spotify access token needs to be renewed.
2024-08-31 05:13:37 INFO     Spotify access token retrieved successfully.
2024-08-31 05:13:37 INFO     Spotify access token needs to be renewed.
2024-08-31 05:13:37 INFO     Spotify access token retrieved successfully.
2024-08-31 05:13:37 INFO     Spotify access token needs to be renewed.
2024-08-31 05:13:37 INFO     Spotify access token retrieved successfully.
2024-08-31 05:13:37 INFO     Spotify access token needs to be renewed.
2024-08-31 05:13:37 INFO     Spotify access token retrieved successfully.
2024-08-31 05:13:37 INFO     Spotify access token needs to be renewed.
2024-08-31 05:13:37 INFO     Spotify access token retrieved successfully.
2024-08-31 05:13:37 INFO     Spotify access token needs to be renewed.
2024-08-31 05:13:38 INFO     Spotify access token retrieved successfully.
2024-08-31 05:13:38 INFO     Spotify access token needs to be renewed.
2024-08-31 05:13:38 INFO     Spotify access token retrieved successfully.
2024-08-31 05:13:38 INFO     Spotify access token needs to be renewed.
2024-08-31 05:13:38 INFO     Spotify access token retrieved successfully.
2024-08-31 05:13:38 INFO     Spotify access token needs to be renewed.
2024-08-31 05:13:38 INFO     Spotify access token retrieved successfully.
2024-08-31 05:13:38 INFO     Spotify access token needs to be renewed.
2024-08-31 05:13:38 INFO     Spotify access token retrieved successfully.
2024-08-31 05:13:38 INFO     Spotify access token needs to be renewed.
2024-08-31 05:13:38 INFO     Spotify access token retrieved successfully.
2024-08-31 05:13:38 INFO     Spotify access token needs to be renewed.
2024-08-31 05:13:38 INFO     Spotify access token retrieved successfully.
2024-08-31 05:13:38 WARNING  GEOB frame does not contain a mime type
2024-08-31 05:13:38 WARNING  GEOB frame does not contain a valid mime type
2024-08-31 05:13:38 ERROR    /home/zic/ElectroJazz/Pachworks - Summertime.mp3 No Tag Title
2024-08-31 05:13:38 INFO     Spotify access token needs to be renewed.
2024-08-31 05:13:38 INFO     Spotify access token retrieved successfully.
2024-08-31 05:13:38 INFO     4702/9270 Traitement de /home/zic/ElectroJazz/Lightning Head Vs Kocani Orkestar - L Orient Est Rouge.mp3 - artist : Kocani Orkestar title : L'orient est rouge album : Electric Gypsyland
2024-08-31 05:13:38 INFO     Image extraite depuis /home/zic/ElectroJazz/Lightning Head Vs Kocani Orkestar - L Orient Est Rouge.mp3 vers /home/web/bonnezic.com/album/Lightning Head Vs Kocani Orkestar - L Orient Est Rouge.jpg
2024-08-31 05:13:38 INFO     Image extraite du fichier MP3 : /home/web/bonnezic.com/album/Lightning Head Vs Kocani Orkestar - L Orient Est Rouge.jpg
2024-08-31 05:13:38 INFO     Cover found for /home/zic/ElectroJazz/Lightning Head Vs Kocani Orkestar - L Orient Est Rouge.mp3, not adding to no_cover.txt
2024-08-31 05:13:38 INFO     4703/9270 Traitement de /home/zic/ElectroJazz/Dj Krush - The Loop.mp3 - artist : DJ Krush title : The Loop album : Strictly Turntablized
2024-08-31 05:13:38 INFO     Image extraite depuis /home/zic/ElectroJazz/Dj Krush - The Loop.mp3 vers /home/web/bonnezic.com/album/Dj Krush - The Loop.jpg
2024-08-31 05:13:38 INFO     Image extraite du fichier MP3 : /home/web/bonnezic.com/album/Dj Krush - The Loop.jpg
2024-08-31 05:13:38 INFO     Cover found for /home/zic/ElectroJazz/Dj Krush - The Loop.mp3, not adding to no_cover.txt
2024-08-31 05:13:38 INFO     4704/9270 Traitement de /home/zic/ElectroJazz/Marc Moulin - What.mp3 - artist : Marc Moulin title : What? album : Top Secret
2024-08-31 05:13:38 INFO     Image extraite depuis /home/zic/ElectroJazz/Marc Moulin - What.mp3 vers /home/web/bonnezic.com/album/Marc Moulin - What.jpg
2024-08-31 05:13:38 INFO     Image extraite du fichier MP3 : /home/web/bonnezic.com/album/Marc Moulin - What.jpg
2024-08-31 05:13:38 INFO     Cover found for /home/zic/ElectroJazz/Marc Moulin - What.mp3, not adding to no_cover.txt
2024-08-31 05:13:38 INFO     4706/9270 Traitement de /home/zic/ElectroJazz/Nojazz - Candela (Feat. Mangu).mp3 - artist : noJazz feat. Mangu title : Candela album : noJazz
2024-08-31 05:13:38 INFO     Image extraite depuis /home/zic/ElectroJazz/Nojazz - Candela (Feat. Mangu).mp3 vers /home/web/bonnezic.com/album/Nojazz - Candela (Feat. Mangu).jpg
2024-08-31 05:13:38 INFO     Image extraite du fichier MP3 : /home/web/bonnezic.com/album/Nojazz - Candela (Feat. Mangu).jpg
2024-08-31 05:13:38 INFO     Cover found for /home/zic/ElectroJazz/Nojazz - Candela (Feat. Mangu).mp3, not adding to no_cover.txt
2024-08-31 05:13:38 INFO     4707/9270 Traitement de /home/zic/ElectroJazz/Sun Trust - How Intensitive.mp3 - artist : Sun Trust title : How Intensitive album : Café del Mar: ChillHouse Mix
2024-08-31 05:13:38 INFO     Image extraite depuis /home/zic/ElectroJazz/Sun Trust - How Intensitive.mp3 vers /home/web/bonnezic.com/album/Sun Trust - How Intensitive.jpg
2024-08-31 05:13:38 INFO     Image extraite du fichier MP3 : /home/web/bonnezic.com/album/Sun Trust - How Intensitive.jpg
2024-08-31 05:13:38 INFO     Cover found for /home/zic/ElectroJazz/Sun Trust - How Intensitive.mp3, not adding to no_cover.txt
2024-08-31 05:13:38 INFO     4708/9270 Traitement de /home/zic/ElectroJazz/Caravan Palace - Suzy.mp3 - artist : Caravan Palace title : Suzy album : Caravan Palace
2024-08-31 05:13:38 INFO     Image extraite depuis /home/zic/ElectroJazz/Caravan Palace - Suzy.mp3 vers /home/web/bonnezic.com/album/Caravan Palace - Suzy.jpg
2024-08-31 05:13:38 INFO     Image extraite du fichier MP3 : /home/web/bonnezic.com/album/Caravan Palace - Suzy.jpg
2024-08-31 05:13:38 INFO     Cover found for /home/zic/ElectroJazz/Caravan Palace - Suzy.mp3, not adding to no_cover.txt
2024-08-31 05:13:39 WARNING  Invalid date: 401
2024-08-31 05:13:39 INFO     4709/9270 Traitement de /home/zic/ElectroJazz/S3A - First Day With Lucien....mp3 - artist : S3A title : First Day With Lucien album : Pages
2024-08-31 05:13:39 WARNING  Invalid date: 401
2024-08-31 05:13:39 INFO     Image extraite depuis /home/zic/ElectroJazz/S3A - First Day With Lucien....mp3 vers /home/web/bonnezic.com/album/S3A - First Day With Lucien....jpg
2024-08-31 05:13:39 INFO     Image extraite du fichier MP3 : /home/web/bonnezic.com/album/S3A - First Day With Lucien....jpg
2024-08-31 05:13:39 INFO     Cover found for /home/zic/ElectroJazz/S3A - First Day With Lucien....mp3, not adding to no_cover.txt
2024-08-31 05:13:39 INFO     4711/9270 Traitement de /home/zic/ElectroJazz/Marc Moulin - Tenor.mp3 - artist : Marc Moulin title : Tenor album : Top Secret
2024-08-31 05:13:39 INFO     Image extraite depuis /home/zic/ElectroJazz/Marc Moulin - Tenor.mp3 vers /home/web/bonnezic.com/album/Marc Moulin - Tenor.jpg
2024-08-31 05:13:39 INFO     Image extraite du fichier MP3 : /home/web/bonnezic.com/album/Marc Moulin - Tenor.jpg
2024-08-31 05:13:39 INFO     Cover found for /home/zic/ElectroJazz/Marc Moulin - Tenor.mp3, not adding to no_cover.txt
2024-08-31 05:13:39 INFO     4712/9270 Traitement de /home/zic/ElectroJazz/Nojazz - Medina (Orient Mix).mp3 - artist : noJazz title : Medina (Orient mix by David F) album : No Limits: Mixes & Combinations
2024-08-31 05:13:39 INFO     Image extraite depuis /home/zic/ElectroJazz/Nojazz - Medina (Orient Mix).mp3 vers /home/web/bonnezic.com/album/Nojazz - Medina (Orient Mix).jpg
2024-08-31 05:13:39 INFO     Image extraite du fichier MP3 : /home/web/bonnezic.com/album/Nojazz - Medina (Orient Mix).jpg
2024-08-31 05:13:39 INFO     Cover found for /home/zic/ElectroJazz/Nojazz - Medina (Orient Mix).mp3, not adding to no_cover.txt
2024-08-31 05:13:39 INFO     4713/9270 Traitement de /home/zic/ElectroJazz/Smoke - Future Sound Of Jazz 2.mp3 - artist : DJ Bara title : Smoke album : Future Sound Of Jazz 2
2024-08-31 05:13:39 INFO     Spotify - Début de la recherche pour l'artiste: DJ Bara, album: Future Sound Of Jazz 2
2024-08-31 05:13:39 INFO     Spotify - Requête envoyée : artist:DJ Bara album:Future Sound Of Jazz 2
2024-08-31 05:13:39 INFO     Spotify album url : https://i.scdn.co/image/ab67616d0000b27323d68636d32de64d59c46d83
2024-08-31 05:13:39 INFO     Spotify - Album trouvé, URL de l'image : https://i.scdn.co/image/ab67616d0000b27323d68636d32de64d59c46d83
2024-08-31 05:13:39 INFO     Spotify - Téléchargement de l'image depuis : https://i.scdn.co/image/ab67616d0000b27323d68636d32de64d59c46d83
2024-08-31 05:13:39 INFO     Image trouvée sur Spotify : https://i.scdn.co/image/ab67616d0000b27323d68636d32de64d59c46d83
2024-08-31 05:13:39 INFO     download_image url: https://i.scdn.co/image/ab67616d0000b27323d68636d32de64d59c46d83
2024-08-31 05:13:39 INFO     L'image /home/web/bonnezic.com/spotify/Smoke - Future Sound Of Jazz 2.jpg n'existe pas
2024-08-31 05:13:43 INFO     L'image a été téléchargée et sauvegardée sous : /home/web/bonnezic.com/spotify/Smoke - Future Sound Of Jazz 2.jpg
2024-08-31 05:13:43 INFO     resize_download_img.verify_and_resize_image image_path : /home/web/bonnezic.com/spotify/Smoke - Future Sound Of Jazz 2.jpg
2024-08-31 05:13:43 INFO     Dimensions verify_and_resize_image : 640x640
2024-08-31 05:13:43 INFO     L'image Spotify est valide et a été sauvegardée : /home/web/bonnezic.com/spotify/Smoke - Future Sound Of Jazz 2.jpg
2024-08-31 05:13:43 WARNING  Deezer - Aucun résultat trouvé.
2024-08-31 05:13:43 WARNING  Deezer - Aucun résultat trouvé.
2024-08-31 05:13:43 WARNING  Deezer - Aucun résultat trouvé.
2024-08-31 05:13:43 WARNING  Deezer - Aucun résultat trouvé.
2024-08-31 05:13:43 INFO     Cover found for /home/zic/ElectroJazz/Smoke - Future Sound Of Jazz 2.mp3, not adding to no_cover.txt
2024-08-31 05:13:44 WARNING  Lame tag CRC check failed
2024-08-31 05:13:44 INFO     4714/9270 Traitement de /home/zic/ElectroJazz/The Cinematic Orchestra - Moving Cities.mp3 - artist : Faze Action title : Moving Cities (Cinematic Orchestra remix) album : Remixes 1998–2000
2024-08-31 05:13:44 WARNING  Lame tag CRC check failed
2024-08-31 05:13:44 INFO     Image extraite depuis /home/zic/ElectroJazz/The Cinematic Orchestra - Moving Cities.mp3 vers /home/web/bonnezic.com/album/The Cinematic Orchestra - Moving Cities.jpg
2024-08-31 05:13:44 INFO     Image extraite du fichier MP3 : /home/web/bonnezic.com/album/The Cinematic Orchestra - Moving Cities.jpg
2024-08-31 05:13:44 INFO     Cover found for /home/zic/ElectroJazz/The Cinematic Orchestra - Moving Cities.mp3, not adding to no_cover.txt
2024-08-31 05:13:44 WARNING  GEOB frame does not contain a valid mime type
2024-08-31 05:13:44 INFO     4715/9270 Traitement de /home/zic/ElectroJazz/The Meateaters - Meateater.mp3 - artist : The Meateaters title : Meateater album : Menu Kebab
2024-08-31 05:13:44 WARNING  GEOB frame does not contain a valid mime type
2024-08-31 05:13:44 INFO     Image extraite depuis /home/zic/ElectroJazz/The Meateaters - Meateater.mp3 vers /home/web/bonnezic.com/album/The Meateaters - Meateater.jpg
2024-08-31 05:13:44 INFO     Image extraite du fichier MP3 : /home/web/bonnezic.com/album/The Meateaters - Meateater.jpg
2024-08-31 05:13:44 INFO     Cover found for /home/zic/ElectroJazz/The Meateaters - Meateater.mp3, not adding to no_cover.txt
2024-08-31 05:13:44 INFO     4716/9270 Traitement de /home/zic/ElectroJazz/Kevin Yost - Alive.mp3 - artist : Kevin Yost title : 5 Alive album : Saint‐Germain‐des‐Prés Café, Volume 2
2024-08-31 05:13:44 INFO     Image extraite depuis /home/zic/ElectroJazz/Kevin Yost - Alive.mp3 vers /home/web/bonnezic.com/album/Kevin Yost - Alive.jpg
2024-08-31 05:13:44 INFO     Image extraite du fichier MP3 : /home/web/bonnezic.com/album/Kevin Yost - Alive.jpg
2024-08-31 05:13:44 INFO     Cover found for /home/zic/ElectroJazz/Kevin Yost - Alive.mp3, not adding to no_cover.txt
2024-08-31 05:13:44 INFO     4717/9270 Traitement de /home/zic/ElectroJazz/Nojazz - Candela (Feat. Mangu And Maraca) (Live).mp3 - artist : noJazz title : Candela (feat. Mangu & Maraca) [Live] album : NoJazz & Friends (Live au Sunset)
2024-08-31 05:13:44 INFO     Image extraite depuis /home/zic/ElectroJazz/Nojazz - Candela (Feat. Mangu And Maraca) (Live).mp3 vers /home/web/bonnezic.com/album/Nojazz - Candela (Feat. Mangu And Maraca) (Live).jpg
2024-08-31 05:13:44 INFO     Image /home/web/bonnezic.com/album/Nojazz - Candela (Feat. Mangu And Maraca) (Live).jpg trop petite (250x250)
2024-08-31 05:13:44 INFO     Image extraite du fichier MP3 mais trop petite, tentative de téléchargement via Spotify et Deezer.
2024-08-31 05:13:44 INFO     Spotify - Début de la recherche pour l'artiste: noJazz, album: NoJazz & Friends (Live au Sunset)
2024-08-31 05:13:44 INFO     Spotify - Requête envoyée : artist:noJazz album:NoJazz & Friends (Live au Sunset)
