2024-08-31 05:42:59 INFO     Started
2024-08-31 05:42:59 INFO     Spotify access token retrieved successfully.
2024-08-31 05:42:59 INFO     Spotify access token retrieved: BQAupcTe91b8sAYNAwCMbajXqYuxG4EHptA566Ev4ZJG0Wv0u2M2gO4tIb0ToJgVvQ2UC2CbAS6p7YWl0MYselHcQvURbySKAM9VAmPLm6KIYnYrM1g
2024-08-31 05:42:59 INFO     Spotify access token needs to be renewed.
2024-08-31 05:43:00 INFO     Spotify access token retrieved successfully.
2024-08-31 05:43:00 INFO     Spotify access token needs to be renewed.
2024-08-31 05:43:00 INFO     Spotify access token retrieved successfully.
2024-08-31 05:43:00 INFO     Spotify access token needs to be renewed.
2024-08-31 05:43:00 INFO     Spotify access token retrieved successfully.
2024-08-31 05:43:00 INFO     Spotify access token needs to be renewed.
2024-08-31 05:43:00 INFO     Spotify access token retrieved successfully.
2024-08-31 05:43:00 INFO     Spotify access token needs to be renewed.
2024-08-31 05:43:00 INFO     Spotify access token retrieved successfully.
2024-08-31 05:43:00 INFO     Spotify access token needs to be renewed.
2024-08-31 05:43:00 INFO     Spotify access token retrieved successfully.
2024-08-31 05:43:00 INFO     Spotify access token needs to be renewed.
2024-08-31 05:43:00 INFO     Spotify access token retrieved successfully.
2024-08-31 05:43:00 INFO     Spotify access token needs to be renewed.
2024-08-31 05:43:00 INFO     Spotify access token retrieved successfully.
2024-08-31 05:43:00 INFO     Spotify access token needs to be renewed.
2024-08-31 05:43:01 INFO     Spotify access token retrieved successfully.
2024-08-31 05:43:01 INFO     Spotify access token needs to be renewed.
2024-08-31 05:43:01 INFO     Spotify access token retrieved successfully.
2024-08-31 05:43:01 INFO     Spotify access token needs to be renewed.
2024-08-31 05:43:01 INFO     Spotify access token retrieved successfully.
2024-08-31 05:43:01 INFO     Spotify access token needs to be renewed.
2024-08-31 05:43:01 INFO     Spotify access token retrieved successfully.
2024-08-31 05:43:01 INFO     Spotify access token needs to be renewed.
2024-08-31 05:43:01 INFO     Spotify access token retrieved successfully.
2024-08-31 05:43:01 INFO     Spotify access token needs to be renewed.
2024-08-31 05:43:01 INFO     Spotify access token retrieved successfully.
2024-08-31 05:43:01 INFO     Spotify access token needs to be renewed.
2024-08-31 05:43:01 INFO     Spotify access token retrieved successfully.
2024-08-31 05:43:01 INFO     Spotify access token needs to be renewed.
2024-08-31 05:43:01 INFO     Spotify access token retrieved successfully.
2024-08-31 05:43:01 INFO     Spotify access token needs to be renewed.
2024-08-31 05:43:02 INFO     Spotify access token retrieved successfully.
2024-08-31 05:43:02 INFO     Spotify access token needs to be renewed.
2024-08-31 05:43:02 INFO     Spotify access token retrieved successfully.
2024-08-31 05:43:02 INFO     Spotify access token needs to be renewed.
2024-08-31 05:43:02 INFO     Spotify access token retrieved successfully.
2024-08-31 05:43:02 INFO     Spotify access token needs to be renewed.
2024-08-31 05:43:02 INFO     Spotify access token retrieved successfully.
2024-08-31 05:43:02 INFO     Spotify access token needs to be renewed.
2024-08-31 05:43:02 INFO     Spotify access token retrieved successfully.
2024-08-31 05:43:02 INFO     Spotify access token needs to be renewed.
2024-08-31 05:43:02 INFO     Spotify access token retrieved successfully.
2024-08-31 05:43:02 INFO     Spotify access token needs to be renewed.
2024-08-31 05:43:02 INFO     Spotify access token retrieved successfully.
2024-08-31 05:43:02 INFO     Spotify access token needs to be renewed.
2024-08-31 05:43:02 INFO     Spotify access token retrieved successfully.
2024-08-31 05:43:02 INFO     Spotify access token needs to be renewed.
2024-08-31 05:43:03 INFO     Spotify access token retrieved successfully.
2024-08-31 05:43:03 INFO     Spotify access token needs to be renewed.
2024-08-31 05:43:03 INFO     Spotify access token retrieved successfully.
2024-08-31 05:43:03 INFO     Spotify access token needs to be renewed.
2024-08-31 05:43:03 INFO     Spotify access token retrieved successfully.
2024-08-31 05:43:03 INFO     Spotify access token needs to be renewed.
2024-08-31 05:43:03 INFO     Spotify access token retrieved successfully.
2024-08-31 05:43:03 INFO     Spotify access token needs to be renewed.
2024-08-31 05:43:03 INFO     Spotify access token retrieved successfully.
2024-08-31 05:43:03 INFO     Spotify access token needs to be renewed.
2024-08-31 05:43:03 INFO     Spotify access token retrieved successfully.
2024-08-31 05:43:03 INFO     Spotify access token needs to be renewed.
2024-08-31 05:43:03 INFO     Spotify access token retrieved successfully.
2024-08-31 05:43:03 INFO     Spotify access token needs to be renewed.
2024-08-31 05:43:03 INFO     Spotify access token retrieved successfully.
2024-08-31 05:43:03 INFO     Spotify access token needs to be renewed.
2024-08-31 05:43:03 INFO     Spotify access token retrieved successfully.
2024-08-31 05:43:04 INFO     Spotify access token needs to be renewed.
2024-08-31 05:43:04 INFO     Spotify access token retrieved successfully.
2024-08-31 05:43:04 INFO     Spotify access token needs to be renewed.
2024-08-31 05:43:04 INFO     Spotify access token retrieved successfully.
2024-08-31 05:43:04 INFO     Spotify access token needs to be renewed.
2024-08-31 05:43:04 INFO     Spotify access token retrieved successfully.
2024-08-31 05:43:04 INFO     Spotify access token needs to be renewed.
2024-08-31 05:43:04 INFO     Spotify access token retrieved successfully.
2024-08-31 05:43:04 INFO     Spotify access token needs to be renewed.
2024-08-31 05:43:04 INFO     Spotify access token retrieved successfully.
2024-08-31 05:43:04 INFO     Spotify access token needs to be renewed.
2024-08-31 05:43:04 INFO     Spotify access token retrieved successfully.
2024-08-31 05:43:04 INFO     Spotify access token needs to be renewed.
2024-08-31 05:43:04 INFO     Spotify access token retrieved successfully.
2024-08-31 05:43:04 INFO     Spotify access token needs to be renewed.
2024-08-31 05:43:04 INFO     Spotify access token retrieved successfully.
2024-08-31 05:43:04 INFO     Spotify access token needs to be renewed.
2024-08-31 05:43:05 INFO     Spotify access token retrieved successfully.
2024-08-31 05:43:05 INFO     Spotify access token needs to be renewed.
2024-08-31 05:43:05 INFO     Spotify access token retrieved successfully.
2024-08-31 05:43:05 INFO     Spotify access token needs to be renewed.
2024-08-31 05:43:05 INFO     Spotify access token retrieved successfully.
2024-08-31 05:43:05 INFO     Spotify access token needs to be renewed.
2024-08-31 05:43:05 INFO     Spotify access token retrieved successfully.
2024-08-31 05:43:05 WARNING  GEOB frame does not contain a mime type
2024-08-31 05:43:05 WARNING  GEOB frame does not contain a valid mime type
2024-08-31 05:43:05 ERROR    /home/zic/ElectroJazz/Pachworks - Summertime.mp3 No Tag Title
2024-08-31 05:43:05 INFO     Spotify access token needs to be renewed.
2024-08-31 05:43:05 INFO     Spotify access token retrieved successfully.
2024-08-31 05:43:05 INFO     4746/9270 Traitement de /home/zic/ElectroJazz/Makoto - Exstension Of Life.mp3 - artist : Makoto title : Extensions of Life album : Earth, Volume Four
2024-08-31 05:43:05 INFO     Image extraite depuis /home/zic/ElectroJazz/Makoto - Exstension Of Life.mp3 vers /home/web/bonnezic.com/album/Makoto - Exstension Of Life.jpg
2024-08-31 05:43:05 INFO     Image extraite du fichier MP3 : /home/web/bonnezic.com/album/Makoto - Exstension Of Life.jpg
2024-08-31 05:43:05 INFO     Start ResizeDownloadImg.verify_and_resize_image img_file_full : /home/web/bonnezic.com/album/Makoto - Exstension Of Life.jpg
2024-08-31 05:43:05 INFO     resize_download_img.verify_and_resize_image image_path : /home/web/bonnezic.com/album/Makoto - Exstension Of Life.jpg
2024-08-31 05:43:05 INFO     Dimensions verify_and_resize_image : 500x459
2024-08-31 05:43:05 INFO     Image redimensionnée et sauvegardée : /home/web/bonnezic.com/album/Makoto - Exstension Of Life.jpg
2024-08-31 05:43:05 INFO     Cover found for /home/zic/ElectroJazz/Makoto - Exstension Of Life.mp3, not adding to no_cover.txt
2024-08-31 05:43:05 INFO     Spotify access token needs to be renewed.
2024-08-31 05:43:05 INFO     Spotify access token retrieved successfully.
2024-08-31 05:43:05 WARNING  Lame tag CRC check failed
2024-08-31 05:43:05 INFO     4747/9270 Traitement de /home/zic/ElectroJazz/Amon Tobin - Stoney Street.mp3 - artist : Amon Tobin title : Stoney Street album : Bricolage
2024-08-31 05:43:05 WARNING  Lame tag CRC check failed
2024-08-31 05:43:05 INFO     Image extraite depuis /home/zic/ElectroJazz/Amon Tobin - Stoney Street.mp3 vers /home/web/bonnezic.com/album/Amon Tobin - Stoney Street.jpg
2024-08-31 05:43:05 INFO     Image extraite du fichier MP3 : /home/web/bonnezic.com/album/Amon Tobin - Stoney Street.jpg
2024-08-31 05:43:05 INFO     Start ResizeDownloadImg.verify_and_resize_image img_file_full : /home/web/bonnezic.com/album/Amon Tobin - Stoney Street.jpg
2024-08-31 05:43:05 INFO     resize_download_img.verify_and_resize_image image_path : /home/web/bonnezic.com/album/Amon Tobin - Stoney Street.jpg
2024-08-31 05:43:05 INFO     Dimensions verify_and_resize_image : 500x500
2024-08-31 05:43:05 INFO     Cover found for /home/zic/ElectroJazz/Amon Tobin - Stoney Street.mp3, not adding to no_cover.txt
2024-08-31 05:43:05 WARNING  Lame tag CRC check failed
2024-08-31 05:43:05 INFO     4748/9270 Traitement de /home/zic/ElectroJazz/Lulu Mushi - Blue Sonoko.mp3 - artist : Lulu Mushi title : Blue Sonoko album : Future Sounds of Jazz, Vol. 5
2024-08-31 05:43:05 WARNING  Lame tag CRC check failed
2024-08-31 05:43:05 INFO     Image extraite depuis /home/zic/ElectroJazz/Lulu Mushi - Blue Sonoko.mp3 vers /home/web/bonnezic.com/album/Lulu Mushi - Blue Sonoko.jpg
2024-08-31 05:43:05 INFO     Image extraite du fichier MP3 : /home/web/bonnezic.com/album/Lulu Mushi - Blue Sonoko.jpg
2024-08-31 05:43:05 INFO     Start ResizeDownloadImg.verify_and_resize_image img_file_full : /home/web/bonnezic.com/album/Lulu Mushi - Blue Sonoko.jpg
2024-08-31 05:43:05 INFO     resize_download_img.verify_and_resize_image image_path : /home/web/bonnezic.com/album/Lulu Mushi - Blue Sonoko.jpg
2024-08-31 05:43:05 INFO     Dimensions verify_and_resize_image : 500x450
2024-08-31 05:43:05 INFO     Image redimensionnée et sauvegardée : /home/web/bonnezic.com/album/Lulu Mushi - Blue Sonoko.jpg
2024-08-31 05:43:05 INFO     Cover found for /home/zic/ElectroJazz/Lulu Mushi - Blue Sonoko.mp3, not adding to no_cover.txt
2024-08-31 05:43:05 WARNING  Lame tag CRC check failed
2024-08-31 05:43:05 INFO     4749/9270 Traitement de /home/zic/ElectroJazz/Cinematic Orchestra Ode To The Big Sea.mp3 - artist : The Cinematic Orchestra title : Ode to the Big Sea album : Motion
2024-08-31 05:43:05 WARNING  Lame tag CRC check failed
2024-08-31 05:43:05 INFO     Image extraite depuis /home/zic/ElectroJazz/Cinematic Orchestra Ode To The Big Sea.mp3 vers /home/web/bonnezic.com/album/Cinematic Orchestra Ode To The Big Sea.jpg
2024-08-31 05:43:05 INFO     Image extraite du fichier MP3 : /home/web/bonnezic.com/album/Cinematic Orchestra Ode To The Big Sea.jpg
2024-08-31 05:43:05 INFO     Start ResizeDownloadImg.verify_and_resize_image img_file_full : /home/web/bonnezic.com/album/Cinematic Orchestra Ode To The Big Sea.jpg
2024-08-31 05:43:05 INFO     resize_download_img.verify_and_resize_image image_path : /home/web/bonnezic.com/album/Cinematic Orchestra Ode To The Big Sea.jpg
2024-08-31 05:43:05 INFO     Dimensions verify_and_resize_image : 500x497
2024-08-31 05:43:05 INFO     Image redimensionnée et sauvegardée : /home/web/bonnezic.com/album/Cinematic Orchestra Ode To The Big Sea.jpg
2024-08-31 05:43:05 INFO     Cover found for /home/zic/ElectroJazz/Cinematic Orchestra Ode To The Big Sea.mp3, not adding to no_cover.txt
2024-08-31 05:43:05 INFO     4750/9270 Traitement de /home/zic/ElectroJazz/Goran Kajfes - Perfect Temperature For Leaving Home Pt 3.mp3 - artist : Goran Kajfeš title : Perfect Temperature for Leaving Home, Part 3 album : X/Y
2024-08-31 05:43:06 INFO     Image extraite depuis /home/zic/ElectroJazz/Goran Kajfes - Perfect Temperature For Leaving Home Pt 3.mp3 vers /home/web/bonnezic.com/album/Goran Kajfes - Perfect Temperature For Leaving Home Pt 3.jpg
2024-08-31 05:43:06 INFO     Image extraite du fichier MP3 : /home/web/bonnezic.com/album/Goran Kajfes - Perfect Temperature For Leaving Home Pt 3.jpg
2024-08-31 05:43:06 INFO     Start ResizeDownloadImg.verify_and_resize_image img_file_full : /home/web/bonnezic.com/album/Goran Kajfes - Perfect Temperature For Leaving Home Pt 3.jpg
2024-08-31 05:43:06 INFO     resize_download_img.verify_and_resize_image image_path : /home/web/bonnezic.com/album/Goran Kajfes - Perfect Temperature For Leaving Home Pt 3.jpg
2024-08-31 05:43:06 INFO     Dimensions verify_and_resize_image : 421x500
2024-08-31 05:43:06 INFO     Image redimensionnée et sauvegardée : /home/web/bonnezic.com/album/Goran Kajfes - Perfect Temperature For Leaving Home Pt 3.jpg
2024-08-31 05:43:06 INFO     Cover found for /home/zic/ElectroJazz/Goran Kajfes - Perfect Temperature For Leaving Home Pt 3.mp3, not adding to no_cover.txt
2024-08-31 05:43:06 INFO     4751/9270 Traitement de /home/zic/ElectroJazz/Spaceheads - The Lugano Affair.mp3 - artist : Spaceheads title : The Lugano Affair album : Low Pressure
2024-08-31 05:43:06 INFO     Image extraite depuis /home/zic/ElectroJazz/Spaceheads - The Lugano Affair.mp3 vers /home/web/bonnezic.com/album/Spaceheads - The Lugano Affair.jpg
2024-08-31 05:43:06 INFO     Image extraite du fichier MP3 : /home/web/bonnezic.com/album/Spaceheads - The Lugano Affair.jpg
2024-08-31 05:43:06 INFO     Start ResizeDownloadImg.verify_and_resize_image img_file_full : /home/web/bonnezic.com/album/Spaceheads - The Lugano Affair.jpg
2024-08-31 05:43:06 INFO     resize_download_img.verify_and_resize_image image_path : /home/web/bonnezic.com/album/Spaceheads - The Lugano Affair.jpg
2024-08-31 05:43:06 INFO     Dimensions verify_and_resize_image : 1400x1400
2024-08-31 05:43:06 INFO     Cover found for /home/zic/ElectroJazz/Spaceheads - The Lugano Affair.mp3, not adding to no_cover.txt
2024-08-31 05:43:06 WARNING  Lame tag CRC check failed
2024-08-31 05:43:06 INFO     4752/9270 Traitement de /home/zic/ElectroJazz/Bugge Wesseltoft - G.u.b.n.u.f.mp3 - artist : Bugge Wesseltoft title : G.U.B.N.U.F. album : Saint-Germain Cafe - the finest electro-jazz compilation
2024-08-31 05:43:06 WARNING  Lame tag CRC check failed
2024-08-31 05:43:06 INFO     Spotify - Début de la recherche pour l'artiste: Bugge Wesseltoft, album: Saint-Germain Cafe - the finest electro-jazz compilation
2024-08-31 05:43:06 INFO     Spotify - Requête envoyée : artist:Bugge Wesseltoft album:Saint-Germain Cafe - the finest electro-jazz compilation
2024-08-31 05:43:06 INFO     Spotify album url : https://i.scdn.co/image/ab67616d0000b2735e570fc1d95bbf490f8d05cd
2024-08-31 05:43:06 INFO     Spotify - Album trouvé, URL de l'image : https://i.scdn.co/image/ab67616d0000b2735e570fc1d95bbf490f8d05cd
2024-08-31 05:43:06 INFO     Spotify - Téléchargement de l'image depuis : https://i.scdn.co/image/ab67616d0000b2735e570fc1d95bbf490f8d05cd
2024-08-31 05:43:06 INFO     Image trouvée sur Spotify : https://i.scdn.co/image/ab67616d0000b2735e570fc1d95bbf490f8d05cd
2024-08-31 05:43:06 INFO     download_image url: https://i.scdn.co/image/ab67616d0000b2735e570fc1d95bbf490f8d05cd
2024-08-31 05:43:06 INFO     L'image /home/web/bonnezic.com/spotify/Bugge Wesseltoft - G.u.b.n.u.f.jpg n'existe pas
