2024-08-31 05:38:23 INFO     Started
2024-08-31 05:38:23 INFO     Spotify access token retrieved successfully.
2024-08-31 05:38:23 INFO     Spotify access token retrieved: BQDz4vqaL6xdZvsE5xaTUNyiDhKFfqcAZBKEt9NWZdp6gjyIJxmZyiO7ndwVHm2E7VUvroMv8u7DHC-jcdwi2ux5gmL2W5vAnqeUCCSi-7rOQTHnc0Q
2024-08-31 05:38:23 INFO     Spotify access token needs to be renewed.
2024-08-31 05:38:23 INFO     Spotify access token retrieved successfully.
2024-08-31 05:38:23 INFO     Spotify access token needs to be renewed.
2024-08-31 05:38:24 INFO     Spotify access token retrieved successfully.
2024-08-31 05:38:24 INFO     Spotify access token needs to be renewed.
2024-08-31 05:38:24 INFO     Spotify access token retrieved successfully.
2024-08-31 05:38:24 INFO     Spotify access token needs to be renewed.
2024-08-31 05:38:24 INFO     Spotify access token retrieved successfully.
2024-08-31 05:38:24 INFO     Spotify access token needs to be renewed.
2024-08-31 05:38:24 INFO     Spotify access token retrieved successfully.
2024-08-31 05:38:24 INFO     Spotify access token needs to be renewed.
2024-08-31 05:38:24 INFO     Spotify access token retrieved successfully.
2024-08-31 05:38:24 INFO     Spotify access token needs to be renewed.
2024-08-31 05:38:24 INFO     Spotify access token retrieved successfully.
2024-08-31 05:38:24 INFO     Spotify access token needs to be renewed.
2024-08-31 05:38:24 INFO     Spotify access token retrieved successfully.
2024-08-31 05:38:24 INFO     Spotify access token needs to be renewed.
2024-08-31 05:38:24 INFO     Spotify access token retrieved successfully.
2024-08-31 05:38:24 INFO     Spotify access token needs to be renewed.
2024-08-31 05:38:24 INFO     Spotify access token retrieved successfully.
2024-08-31 05:38:25 INFO     Spotify access token needs to be renewed.
2024-08-31 05:38:25 INFO     Spotify access token retrieved successfully.
2024-08-31 05:38:25 INFO     Spotify access token needs to be renewed.
2024-08-31 05:38:25 INFO     Spotify access token retrieved successfully.
2024-08-31 05:38:25 INFO     Spotify access token needs to be renewed.
2024-08-31 05:38:25 INFO     Spotify access token retrieved successfully.
2024-08-31 05:38:25 INFO     Spotify access token needs to be renewed.
2024-08-31 05:38:25 INFO     Spotify access token retrieved successfully.
2024-08-31 05:38:25 INFO     Spotify access token needs to be renewed.
2024-08-31 05:38:25 INFO     Spotify access token retrieved successfully.
2024-08-31 05:38:25 INFO     Spotify access token needs to be renewed.
2024-08-31 05:38:25 INFO     Spotify access token retrieved successfully.
2024-08-31 05:38:25 INFO     Spotify access token needs to be renewed.
2024-08-31 05:38:25 INFO     Spotify access token retrieved successfully.
2024-08-31 05:38:25 INFO     Spotify access token needs to be renewed.
2024-08-31 05:38:25 INFO     Spotify access token retrieved successfully.
2024-08-31 05:38:25 INFO     Spotify access token needs to be renewed.
2024-08-31 05:38:25 INFO     Spotify access token retrieved successfully.
2024-08-31 05:38:25 INFO     Spotify access token needs to be renewed.
2024-08-31 05:38:26 INFO     Spotify access token retrieved successfully.
2024-08-31 05:38:26 INFO     Spotify access token needs to be renewed.
2024-08-31 05:38:26 INFO     Spotify access token retrieved successfully.
2024-08-31 05:38:26 INFO     Spotify access token needs to be renewed.
2024-08-31 05:38:26 INFO     Spotify access token retrieved successfully.
2024-08-31 05:38:26 INFO     Spotify access token needs to be renewed.
2024-08-31 05:38:26 INFO     Spotify access token retrieved successfully.
2024-08-31 05:38:26 INFO     Spotify access token needs to be renewed.
2024-08-31 05:38:26 INFO     Spotify access token retrieved successfully.
2024-08-31 05:38:26 INFO     Spotify access token needs to be renewed.
2024-08-31 05:38:26 INFO     Spotify access token retrieved successfully.
2024-08-31 05:38:26 INFO     Spotify access token needs to be renewed.
2024-08-31 05:38:26 INFO     Spotify access token retrieved successfully.
2024-08-31 05:38:26 INFO     Spotify access token needs to be renewed.
2024-08-31 05:38:26 INFO     Spotify access token retrieved successfully.
2024-08-31 05:38:26 INFO     Spotify access token needs to be renewed.
2024-08-31 05:38:26 INFO     Spotify access token retrieved successfully.
2024-08-31 05:38:26 INFO     Spotify access token needs to be renewed.
2024-08-31 05:38:27 INFO     Spotify access token retrieved successfully.
2024-08-31 05:38:27 INFO     Spotify access token needs to be renewed.
2024-08-31 05:38:27 INFO     Spotify access token retrieved successfully.
2024-08-31 05:38:27 INFO     Spotify access token needs to be renewed.
2024-08-31 05:38:27 INFO     Spotify access token retrieved successfully.
2024-08-31 05:38:27 INFO     Spotify access token needs to be renewed.
2024-08-31 05:38:27 INFO     Spotify access token retrieved successfully.
2024-08-31 05:38:27 INFO     Spotify access token needs to be renewed.
2024-08-31 05:38:27 INFO     Spotify access token retrieved successfully.
2024-08-31 05:38:27 INFO     Spotify access token needs to be renewed.
2024-08-31 05:38:27 INFO     Spotify access token retrieved successfully.
2024-08-31 05:38:27 INFO     Spotify access token needs to be renewed.
2024-08-31 05:38:27 INFO     Spotify access token retrieved successfully.
2024-08-31 05:38:27 INFO     Spotify access token needs to be renewed.
2024-08-31 05:38:27 INFO     Spotify access token retrieved successfully.
2024-08-31 05:38:27 INFO     Spotify access token needs to be renewed.
2024-08-31 05:38:27 INFO     Spotify access token retrieved successfully.
2024-08-31 05:38:27 INFO     Spotify access token needs to be renewed.
2024-08-31 05:38:27 INFO     Spotify access token retrieved successfully.
2024-08-31 05:38:27 INFO     Spotify access token needs to be renewed.
2024-08-31 05:38:28 INFO     Spotify access token retrieved successfully.
2024-08-31 05:38:28 INFO     Spotify access token needs to be renewed.
2024-08-31 05:38:28 INFO     Spotify access token retrieved successfully.
2024-08-31 05:38:28 INFO     Spotify access token needs to be renewed.
2024-08-31 05:38:28 INFO     Spotify access token retrieved successfully.
2024-08-31 05:38:28 INFO     Spotify access token needs to be renewed.
2024-08-31 05:38:28 INFO     Spotify access token retrieved successfully.
2024-08-31 05:38:28 INFO     Spotify access token needs to be renewed.
2024-08-31 05:38:28 INFO     Spotify access token retrieved successfully.
2024-08-31 05:38:28 INFO     Spotify access token needs to be renewed.
2024-08-31 05:38:28 INFO     Spotify access token retrieved successfully.
2024-08-31 05:38:28 INFO     Spotify access token needs to be renewed.
2024-08-31 05:38:28 INFO     Spotify access token retrieved successfully.
2024-08-31 05:38:28 WARNING  GEOB frame does not contain a mime type
2024-08-31 05:38:28 WARNING  GEOB frame does not contain a valid mime type
2024-08-31 05:38:28 ERROR    /home/zic/ElectroJazz/Pachworks - Summertime.mp3 No Tag Title
2024-08-31 05:38:28 INFO     Spotify access token needs to be renewed.
2024-08-31 05:38:28 INFO     Spotify access token retrieved successfully.
2024-08-31 05:38:28 INFO     4743/9270 Traitement de /home/zic/ElectroJazz/Bugge Wesseltoft - Existence (February 2000).mp3 - artist : Bugge Wesseltoft title : Existence (February 2000) album : New Conception of Jazz Live
2024-08-31 05:38:28 INFO     Spotify - Début de la recherche pour l'artiste: Bugge Wesseltoft, album: New Conception of Jazz Live
2024-08-31 05:38:28 INFO     Spotify - Requête envoyée : artist:Bugge Wesseltoft album:New Conception of Jazz Live
2024-08-31 05:38:29 INFO     Spotify album url : https://i.scdn.co/image/ab67616d0000b27342272b274171a2c751b343d8
2024-08-31 05:38:29 INFO     Spotify - Album trouvé, URL de l'image : https://i.scdn.co/image/ab67616d0000b27342272b274171a2c751b343d8
2024-08-31 05:38:29 INFO     Spotify - Téléchargement de l'image depuis : https://i.scdn.co/image/ab67616d0000b27342272b274171a2c751b343d8
2024-08-31 05:38:29 INFO     Image trouvée sur Spotify : https://i.scdn.co/image/ab67616d0000b27342272b274171a2c751b343d8
2024-08-31 05:38:29 INFO     download_image url: https://i.scdn.co/image/ab67616d0000b27342272b274171a2c751b343d8
2024-08-31 05:38:29 INFO     L'image /home/web/bonnezic.com/spotify/Bugge Wesseltoft - Existence (February 2000).jpg n'existe pas
2024-08-31 05:38:32 INFO     L'image a été téléchargée et sauvegardée sous : /home/web/bonnezic.com/spotify/Bugge Wesseltoft - Existence (February 2000).jpg
2024-08-31 05:38:32 INFO     resize_download_img.verify_and_resize_image image_path : /home/web/bonnezic.com/spotify/Bugge Wesseltoft - Existence (February 2000).jpg
2024-08-31 05:38:32 INFO     Dimensions verify_and_resize_image : 640x640
2024-08-31 05:38:32 INFO     L'image Spotify est valide et a été sauvegardée : /home/web/bonnezic.com/spotify/Bugge Wesseltoft - Existence (February 2000).jpg
2024-08-31 05:38:32 WARNING  Deezer - Aucun résultat trouvé.
2024-08-31 05:38:33 WARNING  Deezer - Aucun résultat trouvé.
2024-08-31 05:38:33 WARNING  Deezer - Aucun résultat trouvé.
2024-08-31 05:38:33 WARNING  Deezer - Aucun résultat trouvé.
2024-08-31 05:38:33 INFO     Cover found for /home/zic/ElectroJazz/Bugge Wesseltoft - Existence (February 2000).mp3, not adding to no_cover.txt
2024-08-31 05:38:33 INFO     4744/9270 Traitement de /home/zic/ElectroJazz/Fragmentorchestra - De Muse.mp3 - artist : Fragmentorchestra title : De Muse album : New Jazz Deluxe 2
2024-08-31 05:38:33 INFO     Image extraite depuis /home/zic/ElectroJazz/Fragmentorchestra - De Muse.mp3 vers /home/web/bonnezic.com/album/Fragmentorchestra - De Muse.jpg
2024-08-31 05:38:33 INFO     Image extraite du fichier MP3 : /home/web/bonnezic.com/album/Fragmentorchestra - De Muse.jpg
2024-08-31 05:38:33 INFO     Start ResizeDownloadImg.verify_and_resize_image img_file_full : /home/web/bonnezic.com/album/Fragmentorchestra - De Muse.jpg
