2024-08-31 06:09:44 INFO     Started
2024-08-31 06:09:44 INFO     Spotify access token retrieved successfully.
2024-08-31 06:09:44 INFO     Spotify access token retrieved: BQBpWStVZQzp4osUhPU1NZU6bJo12flXGNnoqcGKiYgUKhhotHEwqQcPZRENX10batxCMdNL_fqamu3ED1SfQ3CpqfqsXARkVosP6cmeHAZ6KoZOAAs
2024-08-31 06:09:44 INFO     Spotify access token needs to be renewed.
2024-08-31 06:09:44 INFO     Spotify access token retrieved successfully.
2024-08-31 06:09:44 INFO     Spotify access token needs to be renewed.
2024-08-31 06:09:44 INFO     Spotify access token retrieved successfully.
2024-08-31 06:09:44 INFO     Spotify access token needs to be renewed.
2024-08-31 06:09:44 INFO     Spotify access token retrieved successfully.
2024-08-31 06:09:44 INFO     Spotify access token needs to be renewed.
2024-08-31 06:09:44 INFO     Spotify access token retrieved successfully.
2024-08-31 06:09:45 INFO     Spotify access token needs to be renewed.
2024-08-31 06:09:45 INFO     Spotify access token retrieved successfully.
2024-08-31 06:09:45 INFO     Spotify access token needs to be renewed.
2024-08-31 06:09:45 INFO     Spotify access token retrieved successfully.
2024-08-31 06:09:45 INFO     Spotify access token needs to be renewed.
2024-08-31 06:09:45 INFO     Spotify access token retrieved successfully.
2024-08-31 06:09:45 INFO     Spotify access token needs to be renewed.
2024-08-31 06:09:45 INFO     Spotify access token retrieved successfully.
2024-08-31 06:09:45 INFO     Spotify access token needs to be renewed.
2024-08-31 06:09:45 INFO     Spotify access token retrieved successfully.
2024-08-31 06:09:45 INFO     Spotify access token needs to be renewed.
2024-08-31 06:09:45 INFO     Spotify access token retrieved successfully.
2024-08-31 06:09:45 INFO     Spotify access token needs to be renewed.
2024-08-31 06:09:45 INFO     Spotify access token retrieved successfully.
2024-08-31 06:09:45 INFO     Spotify access token needs to be renewed.
2024-08-31 06:09:45 INFO     Spotify access token retrieved successfully.
2024-08-31 06:09:45 INFO     Spotify access token needs to be renewed.
2024-08-31 06:09:45 INFO     Spotify access token retrieved successfully.
2024-08-31 06:09:46 INFO     Spotify access token needs to be renewed.
2024-08-31 06:09:46 INFO     Spotify access token retrieved successfully.
2024-08-31 06:09:46 INFO     Spotify access token needs to be renewed.
2024-08-31 06:09:46 INFO     Spotify access token retrieved successfully.
2024-08-31 06:09:46 INFO     Spotify access token needs to be renewed.
2024-08-31 06:09:46 INFO     Spotify access token retrieved successfully.
2024-08-31 06:09:46 INFO     Spotify access token needs to be renewed.
2024-08-31 06:09:46 INFO     Spotify access token retrieved successfully.
2024-08-31 06:09:46 INFO     Spotify access token needs to be renewed.
2024-08-31 06:09:46 INFO     Spotify access token retrieved successfully.
2024-08-31 06:09:46 INFO     Spotify access token needs to be renewed.
2024-08-31 06:09:46 INFO     Spotify access token retrieved successfully.
2024-08-31 06:09:46 INFO     Spotify access token needs to be renewed.
2024-08-31 06:09:46 INFO     Spotify access token retrieved successfully.
2024-08-31 06:09:46 INFO     Spotify access token needs to be renewed.
2024-08-31 06:09:46 INFO     Spotify access token retrieved successfully.
2024-08-31 06:09:46 INFO     Spotify access token needs to be renewed.
2024-08-31 06:09:47 INFO     Spotify access token retrieved successfully.
2024-08-31 06:09:47 INFO     Spotify access token needs to be renewed.
2024-08-31 06:09:47 INFO     Spotify access token retrieved successfully.
2024-08-31 06:09:47 INFO     Spotify access token needs to be renewed.
2024-08-31 06:09:47 INFO     Spotify access token retrieved successfully.
2024-08-31 06:09:47 INFO     Spotify access token needs to be renewed.
2024-08-31 06:09:47 INFO     Spotify access token retrieved successfully.
2024-08-31 06:09:47 INFO     Spotify access token needs to be renewed.
2024-08-31 06:09:47 INFO     Spotify access token retrieved successfully.
2024-08-31 06:09:47 INFO     Spotify access token needs to be renewed.
2024-08-31 06:09:47 INFO     Spotify access token retrieved successfully.
2024-08-31 06:09:47 INFO     Spotify access token needs to be renewed.
2024-08-31 06:09:47 INFO     Spotify access token retrieved successfully.
2024-08-31 06:09:47 INFO     Spotify access token needs to be renewed.
2024-08-31 06:09:47 INFO     Spotify access token retrieved successfully.
2024-08-31 06:09:47 INFO     Spotify access token needs to be renewed.
2024-08-31 06:09:47 INFO     Spotify access token retrieved successfully.
2024-08-31 06:09:47 INFO     Spotify access token needs to be renewed.
2024-08-31 06:09:47 INFO     Spotify access token retrieved successfully.
2024-08-31 06:09:47 INFO     Spotify access token needs to be renewed.
2024-08-31 06:09:48 INFO     Spotify access token retrieved successfully.
2024-08-31 06:09:48 INFO     Spotify access token needs to be renewed.
2024-08-31 06:09:48 INFO     Spotify access token retrieved successfully.
2024-08-31 06:09:48 INFO     Spotify access token needs to be renewed.
2024-08-31 06:09:48 INFO     Spotify access token retrieved successfully.
2024-08-31 06:09:48 INFO     Spotify access token needs to be renewed.
2024-08-31 06:09:48 INFO     Spotify access token retrieved successfully.
2024-08-31 06:09:48 INFO     Spotify access token needs to be renewed.
2024-08-31 06:09:48 INFO     Spotify access token retrieved successfully.
2024-08-31 06:09:48 INFO     Spotify access token needs to be renewed.
2024-08-31 06:09:48 INFO     Spotify access token retrieved successfully.
2024-08-31 06:09:48 INFO     Spotify access token needs to be renewed.
2024-08-31 06:09:48 INFO     Spotify access token retrieved successfully.
2024-08-31 06:09:48 INFO     Spotify access token needs to be renewed.
2024-08-31 06:09:48 INFO     Spotify access token retrieved successfully.
2024-08-31 06:09:48 INFO     Spotify access token needs to be renewed.
2024-08-31 06:09:48 INFO     Spotify access token retrieved successfully.
2024-08-31 06:09:48 INFO     Spotify access token needs to be renewed.
2024-08-31 06:09:48 INFO     Spotify access token retrieved successfully.
2024-08-31 06:09:49 INFO     Spotify access token needs to be renewed.
2024-08-31 06:09:49 INFO     Spotify access token retrieved successfully.
2024-08-31 06:09:49 INFO     Spotify access token needs to be renewed.
2024-08-31 06:09:49 INFO     Spotify access token retrieved successfully.
2024-08-31 06:09:49 INFO     Spotify access token needs to be renewed.
2024-08-31 06:09:49 INFO     Spotify access token retrieved successfully.
2024-08-31 06:09:49 INFO     Spotify access token needs to be renewed.
2024-08-31 06:09:49 INFO     Spotify access token retrieved successfully.
2024-08-31 06:09:49 WARNING  GEOB frame does not contain a mime type
2024-08-31 06:09:49 WARNING  GEOB frame does not contain a valid mime type
2024-08-31 06:09:49 ERROR    /home/zic/ElectroJazz/Pachworks - Summertime.mp3 No Tag Title
2024-08-31 06:09:49 INFO     Spotify access token needs to be renewed.
2024-08-31 06:09:49 INFO     Spotify access token retrieved successfully.
2024-08-31 06:09:49 INFO     Spotify access token needs to be renewed.
2024-08-31 06:09:49 INFO     Spotify access token retrieved successfully.
2024-08-31 06:09:49 WARNING  Lame tag CRC check failed
2024-08-31 06:09:49 INFO     4757/9270 Traitement de /home/zic/ElectroJazz/Soul Bossa Trio - Words Of Love (Re-Loved By Jazzanova).mp3 - artist : Soul Bossa Trio title : Words of Love (Re‐loved by Jazzanova) album : The Remixes 1997–2000
2024-08-31 06:09:49 WARNING  Lame tag CRC check failed
2024-08-31 06:09:49 INFO     Image extraite depuis /home/zic/ElectroJazz/Soul Bossa Trio - Words Of Love (Re-Loved By Jazzanova).mp3 vers /home/web/bonnezic.com/album/Soul Bossa Trio - Words Of Love (Re-Loved By Jazzanova).jpg
2024-08-31 06:09:49 INFO     Image extraite du fichier MP3 : /home/web/bonnezic.com/album/Soul Bossa Trio - Words Of Love (Re-Loved By Jazzanova).jpg
2024-08-31 06:09:49 INFO     Start ResizeDownloadImg.verify_and_resize_image img_file_full : /home/web/bonnezic.com/album/Soul Bossa Trio - Words Of Love (Re-Loved By Jazzanova).jpg
2024-08-31 06:09:49 INFO     resize_download_img.verify_and_resize_image image_path : /home/web/bonnezic.com/album/Soul Bossa Trio - Words Of Love (Re-Loved By Jazzanova).jpg
2024-08-31 06:09:49 INFO     Dimensions verify_and_resize_image : 500x454
