2024-08-31 05:35:13 INFO     Started
2024-08-31 05:35:13 INFO     Spotify access token retrieved successfully.
2024-08-31 05:35:13 INFO     Spotify access token retrieved: BQDNfYaUgyQtfhUoIAmlmMNeVk-cSu4uuRUI-4D8QvYFrEW4g5qb0ymmUSlyNLlz_DM6Ppw9OlFE0xI-0vbLtN6S-R8tlBC_fsjVNmUIOEsDti718Uo
2024-08-31 05:35:14 INFO     Spotify access token needs to be renewed.
2024-08-31 05:35:14 INFO     Spotify access token retrieved successfully.
2024-08-31 05:35:14 INFO     Spotify access token needs to be renewed.
2024-08-31 05:35:14 INFO     Spotify access token retrieved successfully.
2024-08-31 05:35:14 INFO     Spotify access token needs to be renewed.
2024-08-31 05:35:14 INFO     Spotify access token retrieved successfully.
2024-08-31 05:35:14 INFO     Spotify access token needs to be renewed.
2024-08-31 05:35:14 INFO     Spotify access token retrieved successfully.
2024-08-31 05:35:14 INFO     Spotify access token needs to be renewed.
2024-08-31 05:35:14 INFO     Spotify access token retrieved successfully.
2024-08-31 05:35:14 INFO     Spotify access token needs to be renewed.
2024-08-31 05:35:15 INFO     Spotify access token retrieved successfully.
2024-08-31 05:35:15 INFO     Spotify access token needs to be renewed.
2024-08-31 05:35:15 INFO     Spotify access token retrieved successfully.
2024-08-31 05:35:15 INFO     Spotify access token needs to be renewed.
2024-08-31 05:35:15 INFO     Spotify access token retrieved successfully.
2024-08-31 05:35:15 INFO     Spotify access token needs to be renewed.
2024-08-31 05:35:15 INFO     Spotify access token retrieved successfully.
2024-08-31 05:35:15 INFO     Spotify access token needs to be renewed.
2024-08-31 05:35:15 INFO     Spotify access token retrieved successfully.
2024-08-31 05:35:15 INFO     Spotify access token needs to be renewed.
2024-08-31 05:35:15 INFO     Spotify access token retrieved successfully.
2024-08-31 05:35:15 INFO     Spotify access token needs to be renewed.
2024-08-31 05:35:15 INFO     Spotify access token retrieved successfully.
2024-08-31 05:35:15 INFO     Spotify access token needs to be renewed.
2024-08-31 05:35:15 INFO     Spotify access token retrieved successfully.
2024-08-31 05:35:15 INFO     Spotify access token needs to be renewed.
2024-08-31 05:35:16 INFO     Spotify access token retrieved successfully.
2024-08-31 05:35:16 INFO     Spotify access token needs to be renewed.
2024-08-31 05:35:16 INFO     Spotify access token retrieved successfully.
2024-08-31 05:35:16 INFO     Spotify access token needs to be renewed.
2024-08-31 05:35:16 INFO     Spotify access token retrieved successfully.
2024-08-31 05:35:16 INFO     Spotify access token needs to be renewed.
2024-08-31 05:35:16 INFO     Spotify access token retrieved successfully.
2024-08-31 05:35:16 INFO     Spotify access token needs to be renewed.
2024-08-31 05:35:16 INFO     Spotify access token retrieved successfully.
2024-08-31 05:35:16 INFO     Spotify access token needs to be renewed.
2024-08-31 05:35:16 INFO     Spotify access token retrieved successfully.
2024-08-31 05:35:16 INFO     Spotify access token needs to be renewed.
2024-08-31 05:35:16 INFO     Spotify access token retrieved successfully.
2024-08-31 05:35:16 INFO     Spotify access token needs to be renewed.
2024-08-31 05:35:16 INFO     Spotify access token retrieved successfully.
2024-08-31 05:35:16 INFO     Spotify access token needs to be renewed.
2024-08-31 05:35:16 INFO     Spotify access token retrieved successfully.
2024-08-31 05:35:16 INFO     Spotify access token needs to be renewed.
2024-08-31 05:35:16 INFO     Spotify access token retrieved successfully.
2024-08-31 05:35:16 INFO     Spotify access token needs to be renewed.
2024-08-31 05:35:17 INFO     Spotify access token retrieved successfully.
2024-08-31 05:35:17 INFO     Spotify access token needs to be renewed.
2024-08-31 05:35:17 INFO     Spotify access token retrieved successfully.
2024-08-31 05:35:17 INFO     Spotify access token needs to be renewed.
2024-08-31 05:35:17 INFO     Spotify access token retrieved successfully.
2024-08-31 05:35:17 INFO     Spotify access token needs to be renewed.
2024-08-31 05:35:17 INFO     Spotify access token retrieved successfully.
2024-08-31 05:35:17 INFO     Spotify access token needs to be renewed.
2024-08-31 05:35:17 INFO     Spotify access token retrieved successfully.
2024-08-31 05:35:17 INFO     Spotify access token needs to be renewed.
2024-08-31 05:35:17 INFO     Spotify access token retrieved successfully.
2024-08-31 05:35:17 INFO     Spotify access token needs to be renewed.
2024-08-31 05:35:17 INFO     Spotify access token retrieved successfully.
2024-08-31 05:35:17 INFO     Spotify access token needs to be renewed.
2024-08-31 05:35:17 INFO     Spotify access token retrieved successfully.
2024-08-31 05:35:17 INFO     Spotify access token needs to be renewed.
2024-08-31 05:35:17 INFO     Spotify access token retrieved successfully.
2024-08-31 05:35:17 INFO     Spotify access token needs to be renewed.
2024-08-31 05:35:18 INFO     Spotify access token retrieved successfully.
2024-08-31 05:35:18 INFO     Spotify access token needs to be renewed.
2024-08-31 05:35:18 INFO     Spotify access token retrieved successfully.
2024-08-31 05:35:18 INFO     Spotify access token needs to be renewed.
2024-08-31 05:35:18 INFO     Spotify access token retrieved successfully.
2024-08-31 05:35:18 INFO     Spotify access token needs to be renewed.
2024-08-31 05:35:18 INFO     Spotify access token retrieved successfully.
2024-08-31 05:35:18 INFO     Spotify access token needs to be renewed.
2024-08-31 05:35:18 INFO     Spotify access token retrieved successfully.
2024-08-31 05:35:18 INFO     Spotify access token needs to be renewed.
2024-08-31 05:35:18 INFO     Spotify access token retrieved successfully.
2024-08-31 05:35:18 INFO     Spotify access token needs to be renewed.
2024-08-31 05:35:18 INFO     Spotify access token retrieved successfully.
2024-08-31 05:35:18 INFO     Spotify access token needs to be renewed.
2024-08-31 05:35:18 INFO     Spotify access token retrieved successfully.
2024-08-31 05:35:18 INFO     Spotify access token needs to be renewed.
2024-08-31 05:35:18 INFO     Spotify access token retrieved successfully.
2024-08-31 05:35:18 INFO     Spotify access token needs to be renewed.
2024-08-31 05:35:18 INFO     Spotify access token retrieved successfully.
2024-08-31 05:35:19 INFO     Spotify access token needs to be renewed.
2024-08-31 05:35:19 INFO     Spotify access token retrieved successfully.
2024-08-31 05:35:19 INFO     Spotify access token needs to be renewed.
2024-08-31 05:35:19 INFO     Spotify access token retrieved successfully.
2024-08-31 05:35:19 INFO     Spotify access token needs to be renewed.
2024-08-31 05:35:19 INFO     Spotify access token retrieved successfully.
2024-08-31 05:35:19 WARNING  GEOB frame does not contain a mime type
2024-08-31 05:35:19 WARNING  GEOB frame does not contain a valid mime type
2024-08-31 05:35:19 ERROR    /home/zic/ElectroJazz/Pachworks - Summertime.mp3 No Tag Title
2024-08-31 05:35:19 INFO     Spotify access token needs to be renewed.
2024-08-31 05:35:19 INFO     Spotify access token retrieved successfully.
2024-08-31 05:35:19 INFO     4737/9270 Traitement de /home/zic/ElectroJazz/J.Sysdenham, J.Claussell And K.Chandler - Escravos De Jo (Acoustic Version).mp3 - artist : J.Sysdenham, J.Claussell & K.Chandler title : Escravos De Jo (Acoustic Version) album : Four Seasons Of Ibadan
2024-08-31 05:35:19 INFO     Spotify - Début de la recherche pour l'artiste: J.Sysdenham, J.Claussell & K.Chandler, album: Four Seasons Of Ibadan
2024-08-31 05:35:19 INFO     Spotify - Requête envoyée : artist:J.Sysdenham, J.Claussell & K.Chandler album:Four Seasons Of Ibadan
2024-08-31 05:35:19 INFO     Spotify album url : https://i.scdn.co/image/ab67616d0000b27387a66da524d6aa273ad6d953
2024-08-31 05:35:19 INFO     Spotify - Album trouvé, URL de l'image : https://i.scdn.co/image/ab67616d0000b27387a66da524d6aa273ad6d953
2024-08-31 05:35:19 INFO     Spotify - Téléchargement de l'image depuis : https://i.scdn.co/image/ab67616d0000b27387a66da524d6aa273ad6d953
2024-08-31 05:35:19 INFO     Image trouvée sur Spotify : https://i.scdn.co/image/ab67616d0000b27387a66da524d6aa273ad6d953
2024-08-31 05:35:19 INFO     download_image url: https://i.scdn.co/image/ab67616d0000b27387a66da524d6aa273ad6d953
2024-08-31 05:35:19 INFO     L'image /home/web/bonnezic.com/spotify/J.Sysdenham, J.Claussell And K.Chandler - Escravos De Jo (Acoustic Version).jpg n'existe pas
2024-08-31 05:35:23 INFO     L'image a été téléchargée et sauvegardée sous : /home/web/bonnezic.com/spotify/J.Sysdenham, J.Claussell And K.Chandler - Escravos De Jo (Acoustic Version).jpg
2024-08-31 05:35:23 INFO     resize_download_img.verify_and_resize_image image_path : /home/web/bonnezic.com/spotify/J.Sysdenham, J.Claussell And K.Chandler - Escravos De Jo (Acoustic Version).jpg
2024-08-31 05:35:23 INFO     Dimensions verify_and_resize_image : 640x640
2024-08-31 05:35:23 INFO     L'image Spotify est valide et a été sauvegardée : /home/web/bonnezic.com/spotify/J.Sysdenham, J.Claussell And K.Chandler - Escravos De Jo (Acoustic Version).jpg
2024-08-31 05:35:23 WARNING  Deezer - Aucun résultat trouvé.
2024-08-31 05:35:23 WARNING  Deezer - Aucun résultat trouvé.
2024-08-31 05:35:24 WARNING  Deezer - Aucun résultat trouvé.
2024-08-31 05:35:24 WARNING  Deezer - Aucun résultat trouvé.
2024-08-31 05:35:24 INFO     Cover found for /home/zic/ElectroJazz/J.Sysdenham, J.Claussell And K.Chandler - Escravos De Jo (Acoustic Version).mp3, not adding to no_cover.txt
2024-08-31 05:35:24 INFO     4738/9270 Traitement de /home/zic/ElectroJazz/Laurent De Wilde - Summertime.mp3 - artist : Laurent de Wilde title : Summertime album : Organics
2024-08-31 05:35:24 INFO     Image extraite depuis /home/zic/ElectroJazz/Laurent De Wilde - Summertime.mp3 vers /home/web/bonnezic.com/album/Laurent De Wilde - Summertime.jpg
2024-08-31 05:35:24 INFO     Image extraite du fichier MP3 : /home/web/bonnezic.com/album/Laurent De Wilde - Summertime.jpg
