2024-08-31 06:11:54 INFO     Started
2024-08-31 06:11:54 INFO     Spotify access token retrieved successfully.
2024-08-31 06:11:54 INFO     Spotify access token retrieved: BQA2B15_bwhLkxy4B56JtcBCswnk2PaOxNxDB8As_dK1wNS9EZf_ALVXupO-Y9T_sWww2Er5yTl1VLGL8wiBukKxXhQAQ9FBs-Zj58afiVJurcNlAP8
2024-08-31 06:11:54 INFO     Spotify access token needs to be renewed.
2024-08-31 06:11:54 INFO     Spotify access token retrieved successfully.
2024-08-31 06:11:55 INFO     Spotify access token needs to be renewed.
2024-08-31 06:11:55 INFO     Spotify access token retrieved successfully.
2024-08-31 06:11:55 INFO     Spotify access token needs to be renewed.
2024-08-31 06:11:55 INFO     Spotify access token retrieved successfully.
2024-08-31 06:11:55 INFO     Spotify access token needs to be renewed.
2024-08-31 06:11:55 INFO     Spotify access token retrieved successfully.
2024-08-31 06:11:55 INFO     Spotify access token needs to be renewed.
2024-08-31 06:11:55 INFO     Spotify access token retrieved successfully.
2024-08-31 06:11:55 INFO     Spotify access token needs to be renewed.
2024-08-31 06:11:55 INFO     Spotify access token retrieved successfully.
2024-08-31 06:11:55 INFO     Spotify access token needs to be renewed.
2024-08-31 06:11:55 INFO     Spotify access token retrieved successfully.
2024-08-31 06:11:55 INFO     Spotify access token needs to be renewed.
2024-08-31 06:11:55 INFO     Spotify access token retrieved successfully.
2024-08-31 06:11:55 INFO     Spotify access token needs to be renewed.
2024-08-31 06:11:56 INFO     Spotify access token retrieved successfully.
2024-08-31 06:11:56 INFO     Spotify access token needs to be renewed.
2024-08-31 06:11:56 INFO     Spotify access token retrieved successfully.
2024-08-31 06:11:56 INFO     Spotify access token needs to be renewed.
2024-08-31 06:11:56 INFO     Spotify access token retrieved successfully.
2024-08-31 06:11:56 INFO     Spotify access token needs to be renewed.
2024-08-31 06:11:56 INFO     Spotify access token retrieved successfully.
2024-08-31 06:11:56 INFO     Spotify access token needs to be renewed.
2024-08-31 06:11:56 INFO     Spotify access token retrieved successfully.
2024-08-31 06:11:56 INFO     Spotify access token needs to be renewed.
2024-08-31 06:11:56 INFO     Spotify access token retrieved successfully.
2024-08-31 06:11:56 INFO     Spotify access token needs to be renewed.
2024-08-31 06:11:56 INFO     Spotify access token retrieved successfully.
2024-08-31 06:11:56 INFO     Spotify access token needs to be renewed.
2024-08-31 06:11:56 INFO     Spotify access token retrieved successfully.
2024-08-31 06:11:56 INFO     Spotify access token needs to be renewed.
2024-08-31 06:11:56 INFO     Spotify access token retrieved successfully.
2024-08-31 06:11:56 INFO     Spotify access token needs to be renewed.
2024-08-31 06:11:57 INFO     Spotify access token retrieved successfully.
2024-08-31 06:11:57 INFO     Spotify access token needs to be renewed.
2024-08-31 06:11:57 INFO     Spotify access token retrieved successfully.
2024-08-31 06:11:57 INFO     Spotify access token needs to be renewed.
2024-08-31 06:11:57 INFO     Spotify access token retrieved successfully.
2024-08-31 06:11:57 INFO     Spotify access token needs to be renewed.
2024-08-31 06:11:57 INFO     Spotify access token retrieved successfully.
2024-08-31 06:11:57 INFO     Spotify access token needs to be renewed.
2024-08-31 06:11:57 INFO     Spotify access token retrieved successfully.
2024-08-31 06:11:57 INFO     Spotify access token needs to be renewed.
2024-08-31 06:11:57 INFO     Spotify access token retrieved successfully.
2024-08-31 06:11:57 INFO     Spotify access token needs to be renewed.
2024-08-31 06:11:57 INFO     Spotify access token retrieved successfully.
2024-08-31 06:11:57 INFO     Spotify access token needs to be renewed.
2024-08-31 06:11:57 INFO     Spotify access token retrieved successfully.
2024-08-31 06:11:57 INFO     Spotify access token needs to be renewed.
2024-08-31 06:11:58 INFO     Spotify access token retrieved successfully.
2024-08-31 06:11:58 INFO     Spotify access token needs to be renewed.
2024-08-31 06:11:58 INFO     Spotify access token retrieved successfully.
2024-08-31 06:11:58 INFO     Spotify access token needs to be renewed.
2024-08-31 06:11:58 INFO     Spotify access token retrieved successfully.
2024-08-31 06:11:58 INFO     Spotify access token needs to be renewed.
2024-08-31 06:11:58 INFO     Spotify access token retrieved successfully.
2024-08-31 06:11:58 INFO     Spotify access token needs to be renewed.
2024-08-31 06:11:58 INFO     Spotify access token retrieved successfully.
2024-08-31 06:11:58 INFO     Spotify access token needs to be renewed.
2024-08-31 06:11:58 INFO     Spotify access token retrieved successfully.
2024-08-31 06:11:58 INFO     Spotify access token needs to be renewed.
2024-08-31 06:11:58 INFO     Spotify access token retrieved successfully.
2024-08-31 06:11:58 INFO     Spotify access token needs to be renewed.
2024-08-31 06:11:58 INFO     Spotify access token retrieved successfully.
2024-08-31 06:11:58 INFO     Spotify access token needs to be renewed.
2024-08-31 06:11:59 INFO     Spotify access token retrieved successfully.
2024-08-31 06:11:59 INFO     Spotify access token needs to be renewed.
2024-08-31 06:11:59 INFO     Spotify access token retrieved successfully.
2024-08-31 06:11:59 INFO     Spotify access token needs to be renewed.
2024-08-31 06:11:59 INFO     Spotify access token retrieved successfully.
2024-08-31 06:11:59 INFO     Spotify access token needs to be renewed.
2024-08-31 06:11:59 INFO     Spotify access token retrieved successfully.
2024-08-31 06:11:59 INFO     Spotify access token needs to be renewed.
2024-08-31 06:11:59 INFO     Spotify access token retrieved successfully.
2024-08-31 06:11:59 INFO     Spotify access token needs to be renewed.
2024-08-31 06:11:59 INFO     Spotify access token retrieved successfully.
2024-08-31 06:11:59 INFO     Spotify access token needs to be renewed.
2024-08-31 06:11:59 INFO     Spotify access token retrieved successfully.
2024-08-31 06:11:59 INFO     Spotify access token needs to be renewed.
2024-08-31 06:11:59 INFO     Spotify access token retrieved successfully.
2024-08-31 06:11:59 INFO     Spotify access token needs to be renewed.
2024-08-31 06:11:59 INFO     Spotify access token retrieved successfully.
2024-08-31 06:12:00 INFO     Spotify access token needs to be renewed.
2024-08-31 06:12:00 INFO     Spotify access token retrieved successfully.
2024-08-31 06:12:00 INFO     Spotify access token needs to be renewed.
2024-08-31 06:12:00 INFO     Spotify access token retrieved successfully.
2024-08-31 06:12:00 INFO     Spotify access token needs to be renewed.
2024-08-31 06:12:00 INFO     Spotify access token retrieved successfully.
2024-08-31 06:12:00 WARNING  GEOB frame does not contain a mime type
2024-08-31 06:12:00 WARNING  GEOB frame does not contain a valid mime type
2024-08-31 06:12:00 ERROR    /home/zic/ElectroJazz/Pachworks - Summertime.mp3 No Tag Title
2024-08-31 06:12:00 INFO     Spotify access token needs to be renewed.
2024-08-31 06:12:00 INFO     Spotify access token retrieved successfully.
2024-08-31 06:12:00 INFO     Spotify access token needs to be renewed.
2024-08-31 06:12:00 INFO     Spotify access token retrieved successfully.
2024-08-31 06:12:00 WARNING  Lame tag CRC check failed
2024-08-31 06:12:00 INFO     4758/9270 Traitement de /home/zic/ElectroJazz/Art Konik - Hum (Playin  For The City Remix).mp3 - artist : Art Konik title : Hum (Playin' for the City remix) album : French Fried Funk, Volume IV
2024-08-31 06:12:00 WARNING  Lame tag CRC check failed
2024-08-31 06:12:00 INFO     Spotify - Début de la recherche pour l'artiste: Art Konik, album: French Fried Funk, Volume IV
2024-08-31 06:12:00 INFO     Spotify - Requête envoyée : artist:Art Konik album:French Fried Funk, Volume IV
2024-08-31 06:12:01 INFO     Spotify album url : https://i.scdn.co/image/ab67616d0000b27310a9b88453d9d4a3aeb55a18
2024-08-31 06:12:01 INFO     Spotify - Album trouvé, URL de l'image : https://i.scdn.co/image/ab67616d0000b27310a9b88453d9d4a3aeb55a18
2024-08-31 06:12:01 INFO     Spotify - Téléchargement de l'image depuis : https://i.scdn.co/image/ab67616d0000b27310a9b88453d9d4a3aeb55a18
2024-08-31 06:12:01 INFO     Image trouvée sur Spotify : https://i.scdn.co/image/ab67616d0000b27310a9b88453d9d4a3aeb55a18
2024-08-31 06:12:01 INFO     download_image url save_directory: https://i.scdn.co/image/ab67616d0000b27310a9b88453d9d4a3aeb55a18 /home/web/bonnezic.com/spotify
2024-08-31 06:12:01 INFO     L'image /home/web/bonnezic.com/spotify/Art Konik - Hum (Playin  For The City Remix).jpg n'existe pas
2024-08-31 06:12:04 INFO     L'image a été téléchargée et sauvegardée sous : /home/web/bonnezic.com/spotify/Art Konik - Hum (Playin  For The City Remix).jpg
2024-08-31 06:12:04 INFO     resize_download_img.verify_and_resize_image image_path : /home/web/bonnezic.com/spotify/Art Konik - Hum (Playin  For The City Remix).jpg
2024-08-31 06:12:04 INFO     Dimensions verify_and_resize_image : 640x635
2024-08-31 06:12:04 INFO     Image already squared : /home/web/bonnezic.com/spotify/Art Konik - Hum (Playin  For The City Remix).jpg
2024-08-31 06:12:04 INFO     L'image Spotify est valide et a été sauvegardée : /home/web/bonnezic.com/spotify/Art Konik - Hum (Playin  For The City Remix).jpg
2024-08-31 06:12:04 WARNING  Deezer - Aucun résultat trouvé.
2024-08-31 06:12:04 WARNING  Deezer - Aucun résultat trouvé.
2024-08-31 06:12:05 WARNING  Deezer - Aucun résultat trouvé.
2024-08-31 06:12:05 WARNING  Deezer - Aucun résultat trouvé.
2024-08-31 06:12:05 INFO     Cover found for /home/zic/ElectroJazz/Art Konik - Hum (Playin  For The City Remix).mp3, not adding to no_cover.txt
2024-08-31 06:12:05 INFO     4759/9270 Traitement de /home/zic/ElectroJazz/Frederic Galliano - Fatien (Ig Culture S New Sector Movement Mix).mp3 - artist : Nahawa Doumbia title : Fatien (New Sector Movement remix) album : It's All Good
2024-08-31 06:12:05 INFO     Image extraite depuis /home/zic/ElectroJazz/Frederic Galliano - Fatien (Ig Culture S New Sector Movement Mix).mp3 vers /home/web/bonnezic.com/album/Frederic Galliano - Fatien (Ig Culture S New Sector Movement Mix).jpg
2024-08-31 06:12:05 INFO     Image extraite du fichier MP3 : /home/web/bonnezic.com/album/Frederic Galliano - Fatien (Ig Culture S New Sector Movement Mix).jpg
2024-08-31 06:12:05 INFO     Start ResizeDownloadImg.verify_and_resize_image img_file_full : /home/web/bonnezic.com/album/Frederic Galliano - Fatien (Ig Culture S New Sector Movement Mix).jpg
2024-08-31 06:12:05 INFO     resize_download_img.verify_and_resize_image image_path : /home/web/bonnezic.com/album/Frederic Galliano - Fatien (Ig Culture S New Sector Movement Mix).jpg
2024-08-31 06:12:05 INFO     Dimensions verify_and_resize_image : 500x493
2024-08-31 06:12:05 INFO     Image already squared : /home/web/bonnezic.com/album/Frederic Galliano - Fatien (Ig Culture S New Sector Movement Mix).jpg
2024-08-31 06:12:05 INFO     Cover found for /home/zic/ElectroJazz/Frederic Galliano - Fatien (Ig Culture S New Sector Movement Mix).mp3, not adding to no_cover.txt
2024-08-31 06:12:05 INFO     4760/9270 Traitement de /home/zic/ElectroJazz/Meute - Every Wall Is A Door.mp3 - artist : MEUTE title : Every Wall Is a Door album : Tumult
2024-08-31 06:12:05 INFO     Image extraite depuis /home/zic/ElectroJazz/Meute - Every Wall Is A Door.mp3 vers /home/web/bonnezic.com/album/Meute - Every Wall Is A Door.jpg
2024-08-31 06:12:05 INFO     Image extraite du fichier MP3 : /home/web/bonnezic.com/album/Meute - Every Wall Is A Door.jpg
2024-08-31 06:12:05 INFO     Start ResizeDownloadImg.verify_and_resize_image img_file_full : /home/web/bonnezic.com/album/Meute - Every Wall Is A Door.jpg
2024-08-31 06:12:05 INFO     resize_download_img.verify_and_resize_image image_path : /home/web/bonnezic.com/album/Meute - Every Wall Is A Door.jpg
2024-08-31 06:12:05 INFO     Dimensions verify_and_resize_image : 500x500
2024-08-31 06:12:05 INFO     Image already squared : /home/web/bonnezic.com/album/Meute - Every Wall Is A Door.jpg
2024-08-31 06:12:05 INFO     Cover found for /home/zic/ElectroJazz/Meute - Every Wall Is A Door.mp3, not adding to no_cover.txt
2024-08-31 06:12:05 INFO     4761/9270 Traitement de /home/zic/ElectroJazz/The Dining Room Original Mix - Phunky.mp3 - artist : The Dining Rooms title : Phunky (The Dining Rooms Original mix) album : Versioni particolari
2024-08-31 06:12:05 INFO     Image extraite depuis /home/zic/ElectroJazz/The Dining Room Original Mix - Phunky.mp3 vers /home/web/bonnezic.com/album/The Dining Room Original Mix - Phunky.jpg
2024-08-31 06:12:05 INFO     Image extraite du fichier MP3 : /home/web/bonnezic.com/album/The Dining Room Original Mix - Phunky.jpg
2024-08-31 06:12:05 INFO     Start ResizeDownloadImg.verify_and_resize_image img_file_full : /home/web/bonnezic.com/album/The Dining Room Original Mix - Phunky.jpg
2024-08-31 06:12:05 INFO     resize_download_img.verify_and_resize_image image_path : /home/web/bonnezic.com/album/The Dining Room Original Mix - Phunky.jpg
2024-08-31 06:12:05 INFO     Dimensions verify_and_resize_image : 500x451
2024-08-31 06:12:05 INFO     crop_image_to_square : /home/web/bonnezic.com/album/The Dining Room Original Mix - Phunky.jpg
2024-08-31 06:12:05 INFO     crop image to : /home/web/bonnezic.com/album/The Dining Room Original Mix - Phunky.jpg 24.5 0 475.5 451
2024-08-31 06:12:05 INFO     Cover found for /home/zic/ElectroJazz/The Dining Room Original Mix - Phunky.mp3, not adding to no_cover.txt
2024-08-31 06:12:05 INFO     4762/9270 Traitement de /home/zic/ElectroJazz/Nojazz - Akosua (Feat. Karen Briggs  Mino Cinelu).mp3 - artist : noJazz title : Akosua album : Have Fun
2024-08-31 06:12:05 INFO     Image extraite depuis /home/zic/ElectroJazz/Nojazz - Akosua (Feat. Karen Briggs  Mino Cinelu).mp3 vers /home/web/bonnezic.com/album/Nojazz - Akosua (Feat. Karen Briggs  Mino Cinelu).jpg
2024-08-31 06:12:05 INFO     Image extraite du fichier MP3 : /home/web/bonnezic.com/album/Nojazz - Akosua (Feat. Karen Briggs  Mino Cinelu).jpg
2024-08-31 06:12:05 INFO     Start ResizeDownloadImg.verify_and_resize_image img_file_full : /home/web/bonnezic.com/album/Nojazz - Akosua (Feat. Karen Briggs  Mino Cinelu).jpg
2024-08-31 06:12:05 INFO     resize_download_img.verify_and_resize_image image_path : /home/web/bonnezic.com/album/Nojazz - Akosua (Feat. Karen Briggs  Mino Cinelu).jpg
2024-08-31 06:12:05 INFO     Dimensions verify_and_resize_image : 500x500
2024-08-31 06:12:05 INFO     Image already squared : /home/web/bonnezic.com/album/Nojazz - Akosua (Feat. Karen Briggs  Mino Cinelu).jpg
2024-08-31 06:12:05 INFO     Cover found for /home/zic/ElectroJazz/Nojazz - Akosua (Feat. Karen Briggs  Mino Cinelu).mp3, not adding to no_cover.txt
2024-08-31 06:12:05 INFO     4763/9270 Traitement de /home/zic/ElectroJazz/Ltj Bukem - Watercolours.mp3 - artist : LTJ Bukem title : Watercolours album : Journey Inwards
2024-08-31 06:12:05 INFO     Image extraite depuis /home/zic/ElectroJazz/Ltj Bukem - Watercolours.mp3 vers /home/web/bonnezic.com/album/Ltj Bukem - Watercolours.jpg
2024-08-31 06:12:05 INFO     Image extraite du fichier MP3 : /home/web/bonnezic.com/album/Ltj Bukem - Watercolours.jpg
2024-08-31 06:12:05 INFO     Start ResizeDownloadImg.verify_and_resize_image img_file_full : /home/web/bonnezic.com/album/Ltj Bukem - Watercolours.jpg
2024-08-31 06:12:05 INFO     resize_download_img.verify_and_resize_image image_path : /home/web/bonnezic.com/album/Ltj Bukem - Watercolours.jpg
2024-08-31 06:12:05 INFO     Dimensions verify_and_resize_image : 500x433
2024-08-31 06:12:05 INFO     crop_image_to_square : /home/web/bonnezic.com/album/Ltj Bukem - Watercolours.jpg
2024-08-31 06:12:05 INFO     crop image to : /home/web/bonnezic.com/album/Ltj Bukem - Watercolours.jpg 33.5 0 466.5 433
2024-08-31 06:12:05 INFO     Cover found for /home/zic/ElectroJazz/Ltj Bukem - Watercolours.mp3, not adding to no_cover.txt
2024-08-31 06:12:05 WARNING  Lame tag CRC check failed
2024-08-31 06:12:05 INFO     4764/9270 Traitement de /home/zic/ElectroJazz/Brooklyn Funk Essentials - Bill S Playground.mp3 - artist : Brooklyn Funk Essentials title : Bill's Playground album : Make Them Like It
2024-08-31 06:12:05 WARNING  Lame tag CRC check failed
2024-08-31 06:12:05 INFO     Image extraite depuis /home/zic/ElectroJazz/Brooklyn Funk Essentials - Bill S Playground.mp3 vers /home/web/bonnezic.com/album/Brooklyn Funk Essentials - Bill S Playground.jpg
2024-08-31 06:12:05 INFO     Image extraite du fichier MP3 : /home/web/bonnezic.com/album/Brooklyn Funk Essentials - Bill S Playground.jpg
2024-08-31 06:12:05 INFO     Start ResizeDownloadImg.verify_and_resize_image img_file_full : /home/web/bonnezic.com/album/Brooklyn Funk Essentials - Bill S Playground.jpg
2024-08-31 06:12:05 INFO     resize_download_img.verify_and_resize_image image_path : /home/web/bonnezic.com/album/Brooklyn Funk Essentials - Bill S Playground.jpg
2024-08-31 06:12:05 INFO     Dimensions verify_and_resize_image : 500x500
2024-08-31 06:12:05 INFO     Image already squared : /home/web/bonnezic.com/album/Brooklyn Funk Essentials - Bill S Playground.jpg
2024-08-31 06:12:05 INFO     Cover found for /home/zic/ElectroJazz/Brooklyn Funk Essentials - Bill S Playground.mp3, not adding to no_cover.txt
2024-08-31 06:12:05 INFO     4765/9270 Traitement de /home/zic/ElectroJazz/Spaceheads - Trance Figure.mp3 - artist : Spaceheads title : Trance Figure 8 album : Angel Station
2024-08-31 06:12:05 INFO     Spotify - Début de la recherche pour l'artiste: Spaceheads, album: Angel Station
2024-08-31 06:12:05 INFO     Spotify - Requête envoyée : artist:Spaceheads album:Angel Station
2024-08-31 06:12:06 INFO     Spotify album url : https://i.scdn.co/image/ab67616d0000b2739511e3a2fc113eae0dd111dd
2024-08-31 06:12:06 INFO     Spotify - Album trouvé, URL de l'image : https://i.scdn.co/image/ab67616d0000b2739511e3a2fc113eae0dd111dd
2024-08-31 06:12:06 INFO     Spotify - Téléchargement de l'image depuis : https://i.scdn.co/image/ab67616d0000b2739511e3a2fc113eae0dd111dd
2024-08-31 06:12:06 INFO     Image trouvée sur Spotify : https://i.scdn.co/image/ab67616d0000b2739511e3a2fc113eae0dd111dd
2024-08-31 06:12:06 INFO     download_image url save_directory: https://i.scdn.co/image/ab67616d0000b2739511e3a2fc113eae0dd111dd /home/web/bonnezic.com/spotify
2024-08-31 06:12:06 INFO     L'image /home/web/bonnezic.com/spotify/Spaceheads - Trance Figure.jpg n'existe pas
