2024-08-31 05:12:41 INFO     Started
2024-08-31 05:12:41 INFO     Spotify access token retrieved successfully.
2024-08-31 05:12:41 INFO     Spotify access token retrieved: BQCLmg-5LOl67Q_ugjPJ0oHnlYi12CD2gBWRsjivfnKfgpitqta005e3f1RXYeoUGfbMNUdyl7lynPWbsWZoYCPhzAIL41drd28Svv2nBGxQpnLLG6s
2024-08-31 05:12:41 INFO     Spotify access token needs to be renewed.
2024-08-31 05:12:41 INFO     Spotify access token retrieved successfully.
2024-08-31 05:12:41 INFO     Spotify access token needs to be renewed.
2024-08-31 05:12:41 INFO     Spotify access token retrieved successfully.
2024-08-31 05:12:41 INFO     Spotify access token needs to be renewed.
2024-08-31 05:12:41 INFO     Spotify access token retrieved successfully.
2024-08-31 05:12:41 INFO     Spotify access token needs to be renewed.
2024-08-31 05:12:41 INFO     Spotify access token retrieved successfully.
2024-08-31 05:12:41 INFO     Spotify access token needs to be renewed.
2024-08-31 05:12:41 INFO     Spotify access token retrieved successfully.
2024-08-31 05:12:41 INFO     Spotify access token needs to be renewed.
2024-08-31 05:12:42 INFO     Spotify access token retrieved successfully.
2024-08-31 05:12:42 INFO     Spotify access token needs to be renewed.
2024-08-31 05:12:42 INFO     Spotify access token retrieved successfully.
2024-08-31 05:12:42 INFO     Spotify access token needs to be renewed.
2024-08-31 05:12:42 INFO     Spotify access token retrieved successfully.
2024-08-31 05:12:42 INFO     Spotify access token needs to be renewed.
2024-08-31 05:12:42 INFO     Spotify access token retrieved successfully.
2024-08-31 05:12:42 INFO     Spotify access token needs to be renewed.
2024-08-31 05:12:42 INFO     Spotify access token retrieved successfully.
2024-08-31 05:12:42 INFO     Spotify access token needs to be renewed.
2024-08-31 05:12:42 INFO     Spotify access token retrieved successfully.
2024-08-31 05:12:42 INFO     Spotify access token needs to be renewed.
2024-08-31 05:12:42 INFO     Spotify access token retrieved successfully.
2024-08-31 05:12:42 INFO     Spotify access token needs to be renewed.
2024-08-31 05:12:42 INFO     Spotify access token retrieved successfully.
2024-08-31 05:12:42 INFO     Spotify access token needs to be renewed.
2024-08-31 05:12:43 INFO     Spotify access token retrieved successfully.
2024-08-31 05:12:43 INFO     Spotify access token needs to be renewed.
2024-08-31 05:12:43 INFO     Spotify access token retrieved successfully.
2024-08-31 05:12:43 INFO     Spotify access token needs to be renewed.
2024-08-31 05:12:43 INFO     Spotify access token retrieved successfully.
2024-08-31 05:12:43 INFO     Spotify access token needs to be renewed.
2024-08-31 05:12:43 INFO     Spotify access token retrieved successfully.
2024-08-31 05:12:43 INFO     Spotify access token needs to be renewed.
2024-08-31 05:12:43 INFO     Spotify access token retrieved successfully.
2024-08-31 05:12:43 INFO     Spotify access token needs to be renewed.
2024-08-31 05:12:43 INFO     Spotify access token retrieved successfully.
2024-08-31 05:12:43 INFO     Spotify access token needs to be renewed.
2024-08-31 05:12:43 INFO     Spotify access token retrieved successfully.
2024-08-31 05:12:43 INFO     Spotify access token needs to be renewed.
2024-08-31 05:12:43 INFO     Spotify access token retrieved successfully.
2024-08-31 05:12:43 INFO     Spotify access token needs to be renewed.
2024-08-31 05:12:43 INFO     Spotify access token retrieved successfully.
2024-08-31 05:12:44 INFO     Spotify access token needs to be renewed.
2024-08-31 05:12:44 INFO     Spotify access token retrieved successfully.
2024-08-31 05:12:44 INFO     Spotify access token needs to be renewed.
2024-08-31 05:12:44 INFO     Spotify access token retrieved successfully.
2024-08-31 05:12:44 INFO     Spotify access token needs to be renewed.
2024-08-31 05:12:44 INFO     Spotify access token retrieved successfully.
2024-08-31 05:12:44 INFO     Spotify access token needs to be renewed.
2024-08-31 05:12:44 INFO     Spotify access token retrieved successfully.
2024-08-31 05:12:44 INFO     Spotify access token needs to be renewed.
2024-08-31 05:12:44 INFO     Spotify access token retrieved successfully.
2024-08-31 05:12:44 INFO     Spotify access token needs to be renewed.
2024-08-31 05:12:44 INFO     Spotify access token retrieved successfully.
2024-08-31 05:12:44 INFO     Spotify access token needs to be renewed.
2024-08-31 05:12:44 INFO     Spotify access token retrieved successfully.
2024-08-31 05:12:44 INFO     Spotify access token needs to be renewed.
2024-08-31 05:12:44 INFO     Spotify access token retrieved successfully.
2024-08-31 05:12:44 INFO     Spotify access token needs to be renewed.
2024-08-31 05:12:45 INFO     Spotify access token retrieved successfully.
2024-08-31 05:12:45 INFO     Spotify access token needs to be renewed.
2024-08-31 05:12:45 INFO     Spotify access token retrieved successfully.
2024-08-31 05:12:45 INFO     Spotify access token needs to be renewed.
2024-08-31 05:12:45 INFO     Spotify access token retrieved successfully.
2024-08-31 05:12:45 INFO     Spotify access token needs to be renewed.
2024-08-31 05:12:45 INFO     Spotify access token retrieved successfully.
2024-08-31 05:12:45 INFO     Spotify access token needs to be renewed.
2024-08-31 05:12:45 INFO     Spotify access token retrieved successfully.
2024-08-31 05:12:45 INFO     Spotify access token needs to be renewed.
2024-08-31 05:12:45 INFO     Spotify access token retrieved successfully.
2024-08-31 05:12:45 INFO     Spotify access token needs to be renewed.
2024-08-31 05:12:45 INFO     Spotify access token retrieved successfully.
2024-08-31 05:12:45 INFO     Spotify access token needs to be renewed.
2024-08-31 05:12:45 INFO     Spotify access token retrieved successfully.
2024-08-31 05:12:45 INFO     Spotify access token needs to be renewed.
2024-08-31 05:12:45 INFO     Spotify access token retrieved successfully.
2024-08-31 05:12:45 INFO     Spotify access token needs to be renewed.
2024-08-31 05:12:46 INFO     Spotify access token retrieved successfully.
2024-08-31 05:12:46 INFO     Spotify access token needs to be renewed.
2024-08-31 05:12:46 INFO     Spotify access token retrieved successfully.
2024-08-31 05:12:46 INFO     Spotify access token needs to be renewed.
2024-08-31 05:12:46 INFO     Spotify access token retrieved successfully.
2024-08-31 05:12:46 INFO     Spotify access token needs to be renewed.
2024-08-31 05:12:46 INFO     Spotify access token retrieved successfully.
2024-08-31 05:12:46 INFO     Spotify access token needs to be renewed.
2024-08-31 05:12:46 INFO     Spotify access token retrieved successfully.
2024-08-31 05:12:46 INFO     Spotify access token needs to be renewed.
2024-08-31 05:12:46 INFO     Spotify access token retrieved successfully.
2024-08-31 05:12:46 WARNING  GEOB frame does not contain a mime type
2024-08-31 05:12:46 WARNING  GEOB frame does not contain a valid mime type
2024-08-31 05:12:46 ERROR    /home/zic/ElectroJazz/Pachworks - Summertime.mp3 No Tag Title
2024-08-31 05:12:46 INFO     Spotify access token needs to be renewed.
2024-08-31 05:12:46 INFO     Spotify access token retrieved successfully.
2024-08-31 05:12:46 INFO     4699/9270 Traitement de /home/zic/ElectroJazz/Spaceheads - Electric Gypsyland.mp3 - artist : Spaceheads title : Electric Gypsyland album : Angel Station
2024-08-31 05:12:46 INFO     Spotify - Début de la recherche pour l'artiste: Spaceheads, album: Angel Station
2024-08-31 05:12:46 INFO     Spotify - Requête envoyée : artist:Spaceheads album:Angel Station
2024-08-31 05:12:47 INFO     Spotify album url : https://i.scdn.co/image/ab67616d0000b2739511e3a2fc113eae0dd111dd
2024-08-31 05:12:47 INFO     Spotify - Album trouvé, URL de l'image : https://i.scdn.co/image/ab67616d0000b2739511e3a2fc113eae0dd111dd
2024-08-31 05:12:47 INFO     Spotify - Téléchargement de l'image depuis : https://i.scdn.co/image/ab67616d0000b2739511e3a2fc113eae0dd111dd
2024-08-31 05:12:47 INFO     Image trouvée sur Spotify : https://i.scdn.co/image/ab67616d0000b2739511e3a2fc113eae0dd111dd
2024-08-31 05:12:47 INFO     download_image url: https://i.scdn.co/image/ab67616d0000b2739511e3a2fc113eae0dd111dd
2024-08-31 05:12:47 INFO     L'image /home/web/bonnezic.com/spotify/Spaceheads - Electric Gypsyland.jpg n'existe pas
2024-08-31 05:12:50 INFO     L'image a été téléchargée et sauvegardée sous : /home/web/bonnezic.com/spotify/Spaceheads - Electric Gypsyland.jpg
2024-08-31 05:12:50 INFO     resize_download_img.verify_and_resize_image image_path : /home/web/bonnezic.com/spotify/Spaceheads - Electric Gypsyland.jpg
2024-08-31 05:12:50 INFO     Dimensions verify_and_resize_image : 640x640
2024-08-31 05:12:50 INFO     L'image Spotify est valide et a été sauvegardée : /home/web/bonnezic.com/spotify/Spaceheads - Electric Gypsyland.jpg
2024-08-31 05:12:51 INFO     Deezer - album url : https://e-cdns-images.dzcdn.net/images/cover/92e8a769029ca522633241857883c4da/1000x1000-000000-80-0-0.jpg
2024-08-31 05:12:51 INFO     Image trouvée sur Deezer : https://e-cdns-images.dzcdn.net/images/cover/92e8a769029ca522633241857883c4da/1000x1000-000000-80-0-0.jpg
2024-08-31 05:12:51 INFO     download_image url: https://e-cdns-images.dzcdn.net/images/cover/92e8a769029ca522633241857883c4da/1000x1000-000000-80-0-0.jpg
2024-08-31 05:12:51 INFO     L'image /home/web/bonnezic.com/deezer/Spaceheads - Electric Gypsyland.jpg n'existe pas
2024-08-31 05:12:54 INFO     L'image a été téléchargée et sauvegardée sous : /home/web/bonnezic.com/deezer/Spaceheads - Electric Gypsyland.jpg
2024-08-31 05:12:54 INFO     resize_download_img.verify_and_resize_image image_path : /home/web/bonnezic.com/deezer/Spaceheads - Electric Gypsyland.jpg
2024-08-31 05:12:54 INFO     Dimensions verify_and_resize_image : 1000x1000
2024-08-31 05:12:54 INFO     L'image Deezer est valide et a été sauvegardée : /home/web/bonnezic.com/deezer/Spaceheads - Electric Gypsyland.jpg
2024-08-31 05:12:54 INFO     Cover found for /home/zic/ElectroJazz/Spaceheads - Electric Gypsyland.mp3, not adding to no_cover.txt
2024-08-31 05:12:54 INFO     4700/9270 Traitement de /home/zic/ElectroJazz/Erik Truffaz - Flamingos.mp3 - artist : Erik Truffaz title : Flamingos album : The Walk of the Giant Turtle
2024-08-31 05:12:54 INFO     Image extraite depuis /home/zic/ElectroJazz/Erik Truffaz - Flamingos.mp3 vers /home/web/bonnezic.com/album/Erik Truffaz - Flamingos.jpg
2024-08-31 05:12:54 INFO     Image extraite du fichier MP3 : /home/web/bonnezic.com/album/Erik Truffaz - Flamingos.jpg
2024-08-31 05:12:54 INFO     Cover found for /home/zic/ElectroJazz/Erik Truffaz - Flamingos.mp3, not adding to no_cover.txt
2024-08-31 05:12:54 INFO     4701/9270 Traitement de /home/zic/ElectroJazz/Groove Collective - St. Gallen.mp3 - artist : Groove Collective title : St. Gallen album : The Best of Groove Collective
2024-08-31 05:12:54 INFO     Spotify - Début de la recherche pour l'artiste: Groove Collective, album: The Best of Groove Collective
2024-08-31 05:12:54 INFO     Spotify - Requête envoyée : artist:Groove Collective album:The Best of Groove Collective
2024-08-31 05:12:54 INFO     Spotify album url : https://i.scdn.co/image/ab67616d0000b273ed4d6ca542f3ec02962c2330
2024-08-31 05:12:54 INFO     Spotify - Album trouvé, URL de l'image : https://i.scdn.co/image/ab67616d0000b273ed4d6ca542f3ec02962c2330
2024-08-31 05:12:54 INFO     Spotify - Téléchargement de l'image depuis : https://i.scdn.co/image/ab67616d0000b273ed4d6ca542f3ec02962c2330
2024-08-31 05:12:54 INFO     Image trouvée sur Spotify : https://i.scdn.co/image/ab67616d0000b273ed4d6ca542f3ec02962c2330
2024-08-31 05:12:54 INFO     download_image url: https://i.scdn.co/image/ab67616d0000b273ed4d6ca542f3ec02962c2330
2024-08-31 05:12:54 INFO     L'image /home/web/bonnezic.com/spotify/Groove Collective - St. Gallen.jpg n'existe pas
2024-08-31 05:12:58 INFO     L'image a été téléchargée et sauvegardée sous : /home/web/bonnezic.com/spotify/Groove Collective - St. Gallen.jpg
2024-08-31 05:12:58 INFO     resize_download_img.verify_and_resize_image image_path : /home/web/bonnezic.com/spotify/Groove Collective - St. Gallen.jpg
2024-08-31 05:12:58 INFO     Dimensions verify_and_resize_image : 640x640
2024-08-31 05:12:58 INFO     L'image Spotify est valide et a été sauvegardée : /home/web/bonnezic.com/spotify/Groove Collective - St. Gallen.jpg
2024-08-31 05:12:58 INFO     Deezer - album url : https://e-cdns-images.dzcdn.net/images/cover/4298a3c09ea6c4dee66a8efdf98dbc86/1000x1000-000000-80-0-0.jpg
2024-08-31 05:12:58 INFO     Image trouvée sur Deezer : https://e-cdns-images.dzcdn.net/images/cover/4298a3c09ea6c4dee66a8efdf98dbc86/1000x1000-000000-80-0-0.jpg
2024-08-31 05:12:58 INFO     download_image url: https://e-cdns-images.dzcdn.net/images/cover/4298a3c09ea6c4dee66a8efdf98dbc86/1000x1000-000000-80-0-0.jpg
2024-08-31 05:12:58 INFO     L'image /home/web/bonnezic.com/deezer/Groove Collective - St. Gallen.jpg n'existe pas
