2024-08-31 05:37:48 INFO     Started
2024-08-31 05:37:48 INFO     Spotify access token retrieved successfully.
2024-08-31 05:37:48 INFO     Spotify access token retrieved: BQClJiMR8t8-fKBxwE-piqMyLHFX3qA8cz0nveQf-6IAZ9wlhuPlmvoF3TFY8n1fyFd70CKA0Q2Nly3aOtIuM1GhCFnqfEoTNtxtf_J8C2BOvORkEk4
2024-08-31 05:37:48 INFO     Spotify access token needs to be renewed.
2024-08-31 05:37:48 INFO     Spotify access token retrieved successfully.
2024-08-31 05:37:48 INFO     Spotify access token needs to be renewed.
2024-08-31 05:37:48 INFO     Spotify access token retrieved successfully.
2024-08-31 05:37:48 INFO     Spotify access token needs to be renewed.
2024-08-31 05:37:48 INFO     Spotify access token retrieved successfully.
2024-08-31 05:37:48 INFO     Spotify access token needs to be renewed.
2024-08-31 05:37:49 INFO     Spotify access token retrieved successfully.
2024-08-31 05:37:49 INFO     Spotify access token needs to be renewed.
2024-08-31 05:37:49 INFO     Spotify access token retrieved successfully.
2024-08-31 05:37:49 INFO     Spotify access token needs to be renewed.
2024-08-31 05:37:49 INFO     Spotify access token retrieved successfully.
2024-08-31 05:37:49 INFO     Spotify access token needs to be renewed.
2024-08-31 05:37:49 INFO     Spotify access token retrieved successfully.
2024-08-31 05:37:49 INFO     Spotify access token needs to be renewed.
2024-08-31 05:37:49 INFO     Spotify access token retrieved successfully.
2024-08-31 05:37:49 INFO     Spotify access token needs to be renewed.
2024-08-31 05:37:49 INFO     Spotify access token retrieved successfully.
2024-08-31 05:37:49 INFO     Spotify access token needs to be renewed.
2024-08-31 05:37:49 INFO     Spotify access token retrieved successfully.
2024-08-31 05:37:49 INFO     Spotify access token needs to be renewed.
2024-08-31 05:37:50 INFO     Spotify access token retrieved successfully.
2024-08-31 05:37:50 INFO     Spotify access token needs to be renewed.
2024-08-31 05:37:50 INFO     Spotify access token retrieved successfully.
2024-08-31 05:37:50 INFO     Spotify access token needs to be renewed.
2024-08-31 05:37:50 INFO     Spotify access token retrieved successfully.
2024-08-31 05:37:50 INFO     Spotify access token needs to be renewed.
2024-08-31 05:37:50 INFO     Spotify access token retrieved successfully.
2024-08-31 05:37:50 INFO     Spotify access token needs to be renewed.
2024-08-31 05:37:50 INFO     Spotify access token retrieved successfully.
2024-08-31 05:37:50 INFO     Spotify access token needs to be renewed.
2024-08-31 05:37:50 INFO     Spotify access token retrieved successfully.
2024-08-31 05:37:50 INFO     Spotify access token needs to be renewed.
2024-08-31 05:37:50 INFO     Spotify access token retrieved successfully.
2024-08-31 05:37:50 INFO     Spotify access token needs to be renewed.
2024-08-31 05:37:50 INFO     Spotify access token retrieved successfully.
2024-08-31 05:37:50 INFO     Spotify access token needs to be renewed.
2024-08-31 05:37:51 INFO     Spotify access token retrieved successfully.
2024-08-31 05:37:51 INFO     Spotify access token needs to be renewed.
2024-08-31 05:37:51 INFO     Spotify access token retrieved successfully.
2024-08-31 05:37:51 INFO     Spotify access token needs to be renewed.
2024-08-31 05:37:51 INFO     Spotify access token retrieved successfully.
2024-08-31 05:37:51 INFO     Spotify access token needs to be renewed.
2024-08-31 05:37:51 INFO     Spotify access token retrieved successfully.
2024-08-31 05:37:51 INFO     Spotify access token needs to be renewed.
2024-08-31 05:37:51 INFO     Spotify access token retrieved successfully.
2024-08-31 05:37:51 INFO     Spotify access token needs to be renewed.
2024-08-31 05:37:51 INFO     Spotify access token retrieved successfully.
2024-08-31 05:37:51 INFO     Spotify access token needs to be renewed.
2024-08-31 05:37:51 INFO     Spotify access token retrieved successfully.
2024-08-31 05:37:51 INFO     Spotify access token needs to be renewed.
2024-08-31 05:37:51 INFO     Spotify access token retrieved successfully.
2024-08-31 05:37:51 INFO     Spotify access token needs to be renewed.
2024-08-31 05:37:51 INFO     Spotify access token retrieved successfully.
2024-08-31 05:37:51 INFO     Spotify access token needs to be renewed.
2024-08-31 05:37:51 INFO     Spotify access token retrieved successfully.
2024-08-31 05:37:51 INFO     Spotify access token needs to be renewed.
2024-08-31 05:37:52 INFO     Spotify access token retrieved successfully.
2024-08-31 05:37:52 INFO     Spotify access token needs to be renewed.
2024-08-31 05:37:52 INFO     Spotify access token retrieved successfully.
2024-08-31 05:37:52 INFO     Spotify access token needs to be renewed.
2024-08-31 05:37:52 INFO     Spotify access token retrieved successfully.
2024-08-31 05:37:52 INFO     Spotify access token needs to be renewed.
2024-08-31 05:37:52 INFO     Spotify access token retrieved successfully.
2024-08-31 05:37:52 INFO     Spotify access token needs to be renewed.
2024-08-31 05:37:52 INFO     Spotify access token retrieved successfully.
2024-08-31 05:37:52 INFO     Spotify access token needs to be renewed.
2024-08-31 05:37:52 INFO     Spotify access token retrieved successfully.
2024-08-31 05:37:52 INFO     Spotify access token needs to be renewed.
2024-08-31 05:37:52 INFO     Spotify access token retrieved successfully.
2024-08-31 05:37:52 INFO     Spotify access token needs to be renewed.
2024-08-31 05:37:52 INFO     Spotify access token retrieved successfully.
2024-08-31 05:37:52 INFO     Spotify access token needs to be renewed.
2024-08-31 05:37:52 INFO     Spotify access token retrieved successfully.
2024-08-31 05:37:52 INFO     Spotify access token needs to be renewed.
2024-08-31 05:37:53 INFO     Spotify access token retrieved successfully.
2024-08-31 05:37:53 INFO     Spotify access token needs to be renewed.
2024-08-31 05:37:53 INFO     Spotify access token retrieved successfully.
2024-08-31 05:37:53 INFO     Spotify access token needs to be renewed.
2024-08-31 05:37:53 INFO     Spotify access token retrieved successfully.
2024-08-31 05:37:53 INFO     Spotify access token needs to be renewed.
2024-08-31 05:37:53 INFO     Spotify access token retrieved successfully.
2024-08-31 05:37:53 INFO     Spotify access token needs to be renewed.
2024-08-31 05:37:53 INFO     Spotify access token retrieved successfully.
2024-08-31 05:37:53 INFO     Spotify access token needs to be renewed.
2024-08-31 05:37:53 INFO     Spotify access token retrieved successfully.
2024-08-31 05:37:53 INFO     Spotify access token needs to be renewed.
2024-08-31 05:37:53 INFO     Spotify access token retrieved successfully.
2024-08-31 05:37:53 INFO     Spotify access token needs to be renewed.
2024-08-31 05:37:53 INFO     Spotify access token retrieved successfully.
2024-08-31 05:37:53 WARNING  GEOB frame does not contain a mime type
2024-08-31 05:37:53 WARNING  GEOB frame does not contain a valid mime type
2024-08-31 05:37:53 ERROR    /home/zic/ElectroJazz/Pachworks - Summertime.mp3 No Tag Title
2024-08-31 05:37:53 INFO     Spotify access token needs to be renewed.
2024-08-31 05:37:53 INFO     Spotify access token retrieved successfully.
2024-08-31 05:37:53 INFO     4742/9270 Traitement de /home/zic/ElectroJazz/BadBadNotGood - Kaleidoscope.mp3 - artist : BADBADNOTGOOD title : Kaleidoscope album : III
2024-08-31 05:37:53 INFO     Image extraite depuis /home/zic/ElectroJazz/BadBadNotGood - Kaleidoscope.mp3 vers /home/web/bonnezic.com/album/BadBadNotGood - Kaleidoscope.jpg
2024-08-31 05:37:53 INFO     Image extraite du fichier MP3 : /home/web/bonnezic.com/album/BadBadNotGood - Kaleidoscope.jpg
2024-08-31 05:37:53 INFO     Start ResizeDownloadImg.verify_and_resize_image image_path : /home/web/bonnezic.com/album/BadBadNotGood - Kaleidoscope.jpg
