2024-08-29 17:43:55 INFO     Started
2024-08-29 17:43:55 INFO     Spotify access token retrieved successfully.
2024-08-29 17:43:55 INFO     Spotify access token retrieved: BQBnIyYBfFsjYWRdcPHh-p8bU4dibPf1hTZdzGX7OysJf0Rr7p6BPkyAwcYdCgzWLpHYyXYKYqM4dg-gzAajTVCM0Ng5_YNZYnD-bhX-q83B7q5JcBk
2024-08-29 17:43:56 INFO     574/9270 Traitement de /home/zic/BO/Francesco De Masi - Smooth Thrill.mp3 - artist : Francesco De Masi title : Smooth Thrill album : Piombo rovente
2024-08-29 17:43:56 INFO     Image extraite depuis /home/zic/BO/Francesco De Masi - Smooth Thrill.mp3 vers /home/web/bonnezic.com/album/Francesco De Masi - Smooth Thrill.jpg
2024-08-29 17:43:56 INFO     Image /home/web/bonnezic.com/album/Francesco De Masi - Smooth Thrill.jpg trop petite (348x353)
2024-08-29 17:43:56 INFO     Image extraite du fichier MP3 mais trop petite, tentative de téléchargement via Spotify et Deezer.
2024-08-29 17:43:56 INFO     Spotify - Début de la recherche pour l'artiste: Francesco De Masi, album: Piombo rovente
2024-08-29 17:43:56 INFO     Spotify - Requête envoyée : artist:Francesco De Masi album:Piombo rovente
2024-08-29 17:43:56 INFO     Spotify album url : https://i.scdn.co/image/ab67616d0000b27345a7dc48c7d0d18d68e77b51
2024-08-29 17:43:56 INFO     Spotify - Album trouvé, URL de l'image : https://i.scdn.co/image/ab67616d0000b27345a7dc48c7d0d18d68e77b51
2024-08-29 17:43:56 INFO     Spotify - Téléchargement de l'image depuis : https://i.scdn.co/image/ab67616d0000b27345a7dc48c7d0d18d68e77b51
2024-08-29 17:43:56 INFO     L'image Spotify existe déjà : /home/web/bonnezic.com/spotify/Francesco De Masi - Smooth Thrill.jpg
2024-08-29 17:43:57 WARNING  Deezer - Aucun résultat trouvé.
2024-08-29 17:43:57 WARNING  Deezer - Aucun résultat trouvé.
2024-08-29 17:43:57 WARNING  Deezer - Aucun résultat trouvé.
2024-08-29 17:43:57 WARNING  Deezer - Aucun résultat trouvé.
2024-08-29 17:43:57 INFO     Cover found for /home/zic/BO/Francesco De Masi - Smooth Thrill.mp3, not adding to no_cover.txt
2024-08-29 17:43:57 INFO     618/9270 Traitement de /home/zic/BO/Lalo Schifrin - Mission Impossible Theme.mp3 - artist : Lalo Schifrin title : Mission Impossible album : This Is Cult Fiction: 17 Cult TV & Movie Classics
2024-08-29 17:43:57 INFO     Spotify - Début de la recherche pour l'artiste: Lalo Schifrin, album: This Is Cult Fiction: 17 Cult TV & Movie Classics
2024-08-29 17:43:57 INFO     Spotify - Requête envoyée : artist:Lalo Schifrin album:This Is Cult Fiction: 17 Cult TV & Movie Classics
2024-08-29 17:43:58 INFO     Spotify album url : https://i.scdn.co/image/ab67616d0000b2739bbaef2fb6c2c4b90a4f5ad5
2024-08-29 17:43:58 INFO     Spotify - Album trouvé, URL de l'image : https://i.scdn.co/image/ab67616d0000b2739bbaef2fb6c2c4b90a4f5ad5
2024-08-29 17:43:58 INFO     Spotify - Téléchargement de l'image depuis : https://i.scdn.co/image/ab67616d0000b2739bbaef2fb6c2c4b90a4f5ad5
2024-08-29 17:43:58 INFO     L'image Spotify existe déjà : /home/web/bonnezic.com/spotify/Lalo Schifrin - Mission Impossible Theme.jpg
2024-08-29 17:43:58 WARNING  Deezer - Aucun résultat trouvé.
2024-08-29 17:43:58 WARNING  Deezer - Aucun résultat trouvé.
2024-08-29 17:43:58 WARNING  Deezer - Aucun résultat trouvé.
2024-08-29 17:43:59 WARNING  Deezer - Aucun résultat trouvé.
2024-08-29 17:43:59 INFO     Cover found for /home/zic/BO/Lalo Schifrin - Mission Impossible Theme.mp3, not adding to no_cover.txt
2024-08-29 17:43:59 INFO     620/9270 Traitement de /home/zic/BO/Francesco De Masi - The Blue Boat.mp3 - artist : Francesco De Masi title : The Blue Boat album : Piombo rovente
2024-08-29 17:43:59 INFO     Image extraite depuis /home/zic/BO/Francesco De Masi - The Blue Boat.mp3 vers /home/web/bonnezic.com/album/Francesco De Masi - The Blue Boat.jpg
2024-08-29 17:43:59 INFO     Image /home/web/bonnezic.com/album/Francesco De Masi - The Blue Boat.jpg trop petite (348x353)
2024-08-29 17:43:59 INFO     Image extraite du fichier MP3 mais trop petite, tentative de téléchargement via Spotify et Deezer.
2024-08-29 17:43:59 INFO     Spotify - Début de la recherche pour l'artiste: Francesco De Masi, album: Piombo rovente
2024-08-29 17:43:59 INFO     Spotify - Requête envoyée : artist:Francesco De Masi album:Piombo rovente
2024-08-29 17:43:59 INFO     Spotify album url : https://i.scdn.co/image/ab67616d0000b27345a7dc48c7d0d18d68e77b51
2024-08-29 17:43:59 INFO     Spotify - Album trouvé, URL de l'image : https://i.scdn.co/image/ab67616d0000b27345a7dc48c7d0d18d68e77b51
2024-08-29 17:43:59 INFO     Spotify - Téléchargement de l'image depuis : https://i.scdn.co/image/ab67616d0000b27345a7dc48c7d0d18d68e77b51
2024-08-29 17:43:59 INFO     L'image Spotify existe déjà : /home/web/bonnezic.com/spotify/Francesco De Masi - The Blue Boat.jpg
2024-08-29 17:44:00 WARNING  Deezer - Aucun résultat trouvé.
2024-08-29 17:44:00 WARNING  Deezer - Aucun résultat trouvé.
2024-08-29 17:44:00 WARNING  Deezer - Aucun résultat trouvé.
2024-08-29 17:44:00 WARNING  Deezer - Aucun résultat trouvé.
2024-08-29 17:44:00 INFO     Cover found for /home/zic/BO/Francesco De Masi - The Blue Boat.mp3, not adding to no_cover.txt
2024-08-29 17:44:00 INFO     639/9270 Traitement de /home/zic/BO/Ennio Morricone - A Lidia.mp3 - artist : Ennio Morricone title : A lidia: Finale album : Scusi, facciamo l'amore?
2024-08-29 17:44:00 INFO     Image extraite depuis /home/zic/BO/Ennio Morricone - A Lidia.mp3 vers /home/web/bonnezic.com/album/Ennio Morricone - A Lidia.jpg
2024-08-29 17:44:00 INFO     Image /home/web/bonnezic.com/album/Ennio Morricone - A Lidia.jpg trop petite (355x352)
2024-08-29 17:44:00 INFO     Image extraite du fichier MP3 mais trop petite, tentative de téléchargement via Spotify et Deezer.
2024-08-29 17:44:00 INFO     Spotify - Début de la recherche pour l'artiste: Ennio Morricone, album: Scusi, facciamo l'amore?
2024-08-29 17:44:00 INFO     Spotify - Requête envoyée : artist:Ennio Morricone album:Scusi, facciamo l'amore?
2024-08-29 17:44:01 INFO     Spotify album url : https://i.scdn.co/image/ab67616d0000b273bb9ea46c08aafd29b95100f3
2024-08-29 17:44:01 INFO     Spotify - Album trouvé, URL de l'image : https://i.scdn.co/image/ab67616d0000b273bb9ea46c08aafd29b95100f3
2024-08-29 17:44:01 INFO     Spotify - Téléchargement de l'image depuis : https://i.scdn.co/image/ab67616d0000b273bb9ea46c08aafd29b95100f3
2024-08-29 17:44:01 INFO     L'image Spotify existe déjà : /home/web/bonnezic.com/spotify/Ennio Morricone - A Lidia.jpg
2024-08-29 17:44:01 ERROR    Deezer - Erreur de requête: Status Code 403
2024-08-29 17:44:01 ERROR    Deezer - Erreur de requête: Status Code 403
2024-08-29 17:44:01 WARNING  Deezer - Aucun résultat trouvé.
