2024-08-31 05:38:47 INFO     Started
2024-08-31 05:38:47 INFO     Spotify access token retrieved successfully.
2024-08-31 05:38:47 INFO     Spotify access token retrieved: BQDEBNjUj1BeEFSv63lgCgeiSjR6QHRZw6ex2CLTLm7uQfPEhlTj5G_3H2b5AOHwPH1LH9C1uFgzjeWnkLbw0s_qaA-lKKm_YxHZwJY_axGVGIsCKOU
2024-08-31 05:38:47 INFO     Spotify access token needs to be renewed.
2024-08-31 05:38:47 INFO     Spotify access token retrieved successfully.
2024-08-31 05:38:47 INFO     Spotify access token needs to be renewed.
2024-08-31 05:38:47 INFO     Spotify access token retrieved successfully.
2024-08-31 05:38:47 INFO     Spotify access token needs to be renewed.
2024-08-31 05:38:47 INFO     Spotify access token retrieved successfully.
2024-08-31 05:38:47 INFO     Spotify access token needs to be renewed.
2024-08-31 05:38:47 INFO     Spotify access token retrieved successfully.
2024-08-31 05:38:47 INFO     Spotify access token needs to be renewed.
2024-08-31 05:38:47 INFO     Spotify access token retrieved successfully.
2024-08-31 05:38:47 INFO     Spotify access token needs to be renewed.
2024-08-31 05:38:47 INFO     Spotify access token retrieved successfully.
2024-08-31 05:38:47 INFO     Spotify access token needs to be renewed.
2024-08-31 05:38:47 INFO     Spotify access token retrieved successfully.
2024-08-31 05:38:48 INFO     Spotify access token needs to be renewed.
2024-08-31 05:38:48 INFO     Spotify access token retrieved successfully.
2024-08-31 05:38:48 INFO     Spotify access token needs to be renewed.
2024-08-31 05:38:48 INFO     Spotify access token retrieved successfully.
2024-08-31 05:38:48 INFO     Spotify access token needs to be renewed.
2024-08-31 05:38:48 INFO     Spotify access token retrieved successfully.
2024-08-31 05:38:48 INFO     Spotify access token needs to be renewed.
2024-08-31 05:38:48 INFO     Spotify access token retrieved successfully.
2024-08-31 05:38:48 INFO     Spotify access token needs to be renewed.
2024-08-31 05:38:48 INFO     Spotify access token retrieved successfully.
2024-08-31 05:38:48 INFO     Spotify access token needs to be renewed.
2024-08-31 05:38:48 INFO     Spotify access token retrieved successfully.
2024-08-31 05:38:48 INFO     Spotify access token needs to be renewed.
2024-08-31 05:38:48 INFO     Spotify access token retrieved successfully.
2024-08-31 05:38:48 INFO     Spotify access token needs to be renewed.
2024-08-31 05:38:48 INFO     Spotify access token retrieved successfully.
2024-08-31 05:38:48 INFO     Spotify access token needs to be renewed.
2024-08-31 05:38:49 INFO     Spotify access token retrieved successfully.
2024-08-31 05:38:49 INFO     Spotify access token needs to be renewed.
2024-08-31 05:38:49 INFO     Spotify access token retrieved successfully.
2024-08-31 05:38:49 INFO     Spotify access token needs to be renewed.
2024-08-31 05:38:49 INFO     Spotify access token retrieved successfully.
2024-08-31 05:38:49 INFO     Spotify access token needs to be renewed.
2024-08-31 05:38:49 INFO     Spotify access token retrieved successfully.
2024-08-31 05:38:49 INFO     Spotify access token needs to be renewed.
2024-08-31 05:38:49 INFO     Spotify access token retrieved successfully.
2024-08-31 05:38:49 INFO     Spotify access token needs to be renewed.
2024-08-31 05:38:49 INFO     Spotify access token retrieved successfully.
2024-08-31 05:38:49 INFO     Spotify access token needs to be renewed.
2024-08-31 05:38:49 INFO     Spotify access token retrieved successfully.
2024-08-31 05:38:49 INFO     Spotify access token needs to be renewed.
2024-08-31 05:38:49 INFO     Spotify access token retrieved successfully.
2024-08-31 05:38:49 INFO     Spotify access token needs to be renewed.
2024-08-31 05:38:49 INFO     Spotify access token retrieved successfully.
2024-08-31 05:38:49 INFO     Spotify access token needs to be renewed.
2024-08-31 05:38:50 INFO     Spotify access token retrieved successfully.
2024-08-31 05:38:50 INFO     Spotify access token needs to be renewed.
2024-08-31 05:38:50 INFO     Spotify access token retrieved successfully.
2024-08-31 05:38:50 INFO     Spotify access token needs to be renewed.
2024-08-31 05:38:50 INFO     Spotify access token retrieved successfully.
2024-08-31 05:38:50 INFO     Spotify access token needs to be renewed.
2024-08-31 05:38:50 INFO     Spotify access token retrieved successfully.
2024-08-31 05:38:50 INFO     Spotify access token needs to be renewed.
2024-08-31 05:38:50 INFO     Spotify access token retrieved successfully.
2024-08-31 05:38:50 INFO     Spotify access token needs to be renewed.
2024-08-31 05:38:50 INFO     Spotify access token retrieved successfully.
2024-08-31 05:38:50 INFO     Spotify access token needs to be renewed.
2024-08-31 05:38:50 INFO     Spotify access token retrieved successfully.
2024-08-31 05:38:50 INFO     Spotify access token needs to be renewed.
2024-08-31 05:38:50 INFO     Spotify access token retrieved successfully.
2024-08-31 05:38:50 INFO     Spotify access token needs to be renewed.
2024-08-31 05:38:50 INFO     Spotify access token retrieved successfully.
2024-08-31 05:38:50 INFO     Spotify access token needs to be renewed.
2024-08-31 05:38:50 INFO     Spotify access token retrieved successfully.
2024-08-31 05:38:51 INFO     Spotify access token needs to be renewed.
2024-08-31 05:38:51 INFO     Spotify access token retrieved successfully.
2024-08-31 05:38:51 INFO     Spotify access token needs to be renewed.
2024-08-31 05:38:51 INFO     Spotify access token retrieved successfully.
2024-08-31 05:38:51 INFO     Spotify access token needs to be renewed.
2024-08-31 05:38:51 INFO     Spotify access token retrieved successfully.
2024-08-31 05:38:51 INFO     Spotify access token needs to be renewed.
2024-08-31 05:38:51 INFO     Spotify access token retrieved successfully.
2024-08-31 05:38:51 INFO     Spotify access token needs to be renewed.
2024-08-31 05:38:51 INFO     Spotify access token retrieved successfully.
2024-08-31 05:38:51 INFO     Spotify access token needs to be renewed.
2024-08-31 05:38:51 INFO     Spotify access token retrieved successfully.
2024-08-31 05:38:51 INFO     Spotify access token needs to be renewed.
2024-08-31 05:38:52 INFO     Spotify access token retrieved successfully.
2024-08-31 05:38:52 INFO     Spotify access token needs to be renewed.
2024-08-31 05:38:52 INFO     Spotify access token retrieved successfully.
2024-08-31 05:38:52 INFO     Spotify access token needs to be renewed.
2024-08-31 05:38:52 INFO     Spotify access token retrieved successfully.
2024-08-31 05:38:52 INFO     Spotify access token needs to be renewed.
2024-08-31 05:38:52 INFO     Spotify access token retrieved successfully.
2024-08-31 05:38:52 INFO     Spotify access token needs to be renewed.
2024-08-31 05:38:52 INFO     Spotify access token retrieved successfully.
2024-08-31 05:38:52 WARNING  GEOB frame does not contain a mime type
2024-08-31 05:38:52 WARNING  GEOB frame does not contain a valid mime type
2024-08-31 05:38:52 ERROR    /home/zic/ElectroJazz/Pachworks - Summertime.mp3 No Tag Title
2024-08-31 05:38:52 INFO     Spotify access token needs to be renewed.
2024-08-31 05:38:52 INFO     Spotify access token retrieved successfully.
2024-08-31 05:38:52 INFO     4745/9270 Traitement de /home/zic/ElectroJazz/Azymuth -  Zes Trip Mais Uma Vez.mp3 - artist : Azymuth title : Zes Trip Mais Uma Vez (bonus live mix) album : Misturada 3
2024-08-31 05:38:52 INFO     Image extraite depuis /home/zic/ElectroJazz/Azymuth -  Zes Trip Mais Uma Vez.mp3 vers /home/web/bonnezic.com/album/Azymuth -  Zes Trip Mais Uma Vez.jpg
2024-08-31 05:38:52 INFO     Image extraite du fichier MP3 : /home/web/bonnezic.com/album/Azymuth -  Zes Trip Mais Uma Vez.jpg
2024-08-31 05:38:52 INFO     Start ResizeDownloadImg.verify_and_resize_image img_file_full : /home/web/bonnezic.com/album/Azymuth -  Zes Trip Mais Uma Vez.jpg
