2024-08-31 05:27:53 INFO     Started
2024-08-31 05:27:53 INFO     Spotify access token retrieved successfully.
2024-08-31 05:27:53 INFO     Spotify access token retrieved: BQCe8Hd9ObGKZhiJ4AAZfpRGs-mrxOufZEfXIobDTLbB6Nt-awNHL4P0z9MGe1EFN0RE4XYoVGSTcbtMp18JdVNbWwj7NQVzJJ0aURWbDKiVg3TD4a4
2024-08-31 05:27:53 INFO     Spotify access token needs to be renewed.
2024-08-31 05:27:53 INFO     Spotify access token retrieved successfully.
2024-08-31 05:27:53 INFO     Spotify access token needs to be renewed.
2024-08-31 05:27:54 INFO     Spotify access token retrieved successfully.
2024-08-31 05:27:54 INFO     Spotify access token needs to be renewed.
2024-08-31 05:27:54 INFO     Spotify access token retrieved successfully.
2024-08-31 05:27:54 INFO     Spotify access token needs to be renewed.
2024-08-31 05:27:54 INFO     Spotify access token retrieved successfully.
2024-08-31 05:27:54 INFO     Spotify access token needs to be renewed.
2024-08-31 05:27:54 INFO     Spotify access token retrieved successfully.
2024-08-31 05:27:54 INFO     Spotify access token needs to be renewed.
2024-08-31 05:27:54 INFO     Spotify access token retrieved successfully.
2024-08-31 05:27:54 INFO     Spotify access token needs to be renewed.
2024-08-31 05:27:54 INFO     Spotify access token retrieved successfully.
2024-08-31 05:27:54 INFO     Spotify access token needs to be renewed.
2024-08-31 05:27:54 INFO     Spotify access token retrieved successfully.
2024-08-31 05:27:54 INFO     Spotify access token needs to be renewed.
2024-08-31 05:27:54 INFO     Spotify access token retrieved successfully.
2024-08-31 05:27:54 INFO     Spotify access token needs to be renewed.
2024-08-31 05:27:54 INFO     Spotify access token retrieved successfully.
2024-08-31 05:27:55 INFO     Spotify access token needs to be renewed.
2024-08-31 05:27:55 INFO     Spotify access token retrieved successfully.
2024-08-31 05:27:55 INFO     Spotify access token needs to be renewed.
2024-08-31 05:27:55 INFO     Spotify access token retrieved successfully.
2024-08-31 05:27:55 INFO     Spotify access token needs to be renewed.
2024-08-31 05:27:55 INFO     Spotify access token retrieved successfully.
2024-08-31 05:27:55 INFO     Spotify access token needs to be renewed.
2024-08-31 05:27:55 INFO     Spotify access token retrieved successfully.
2024-08-31 05:27:55 INFO     Spotify access token needs to be renewed.
2024-08-31 05:27:55 INFO     Spotify access token retrieved successfully.
2024-08-31 05:27:55 INFO     Spotify access token needs to be renewed.
2024-08-31 05:27:55 INFO     Spotify access token retrieved successfully.
2024-08-31 05:27:55 INFO     Spotify access token needs to be renewed.
2024-08-31 05:27:55 INFO     Spotify access token retrieved successfully.
2024-08-31 05:27:55 INFO     Spotify access token needs to be renewed.
2024-08-31 05:27:55 INFO     Spotify access token retrieved successfully.
2024-08-31 05:27:55 INFO     Spotify access token needs to be renewed.
2024-08-31 05:27:56 INFO     Spotify access token retrieved successfully.
2024-08-31 05:27:56 INFO     Spotify access token needs to be renewed.
2024-08-31 05:27:56 INFO     Spotify access token retrieved successfully.
2024-08-31 05:27:56 INFO     Spotify access token needs to be renewed.
2024-08-31 05:27:56 INFO     Spotify access token retrieved successfully.
2024-08-31 05:27:56 INFO     Spotify access token needs to be renewed.
2024-08-31 05:27:56 INFO     Spotify access token retrieved successfully.
2024-08-31 05:27:56 INFO     Spotify access token needs to be renewed.
2024-08-31 05:27:56 INFO     Spotify access token retrieved successfully.
2024-08-31 05:27:56 INFO     Spotify access token needs to be renewed.
2024-08-31 05:27:56 INFO     Spotify access token retrieved successfully.
2024-08-31 05:27:56 INFO     Spotify access token needs to be renewed.
2024-08-31 05:27:56 INFO     Spotify access token retrieved successfully.
2024-08-31 05:27:56 INFO     Spotify access token needs to be renewed.
2024-08-31 05:27:56 INFO     Spotify access token retrieved successfully.
2024-08-31 05:27:56 INFO     Spotify access token needs to be renewed.
2024-08-31 05:27:56 INFO     Spotify access token retrieved successfully.
2024-08-31 05:27:56 INFO     Spotify access token needs to be renewed.
2024-08-31 05:27:57 INFO     Spotify access token retrieved successfully.
2024-08-31 05:27:57 INFO     Spotify access token needs to be renewed.
2024-08-31 05:27:57 INFO     Spotify access token retrieved successfully.
2024-08-31 05:27:57 INFO     Spotify access token needs to be renewed.
2024-08-31 05:27:57 INFO     Spotify access token retrieved successfully.
2024-08-31 05:27:57 INFO     Spotify access token needs to be renewed.
2024-08-31 05:27:57 INFO     Spotify access token retrieved successfully.
2024-08-31 05:27:57 INFO     Spotify access token needs to be renewed.
2024-08-31 05:27:57 INFO     Spotify access token retrieved successfully.
2024-08-31 05:27:57 INFO     Spotify access token needs to be renewed.
2024-08-31 05:27:57 INFO     Spotify access token retrieved successfully.
2024-08-31 05:27:57 INFO     Spotify access token needs to be renewed.
2024-08-31 05:27:57 INFO     Spotify access token retrieved successfully.
2024-08-31 05:27:57 INFO     Spotify access token needs to be renewed.
2024-08-31 05:27:57 INFO     Spotify access token retrieved successfully.
2024-08-31 05:27:57 INFO     Spotify access token needs to be renewed.
2024-08-31 05:27:57 INFO     Spotify access token retrieved successfully.
2024-08-31 05:27:57 INFO     Spotify access token needs to be renewed.
2024-08-31 05:27:57 INFO     Spotify access token retrieved successfully.
2024-08-31 05:27:58 INFO     Spotify access token needs to be renewed.
2024-08-31 05:27:58 INFO     Spotify access token retrieved successfully.
2024-08-31 05:27:58 INFO     Spotify access token needs to be renewed.
2024-08-31 05:27:58 INFO     Spotify access token retrieved successfully.
2024-08-31 05:27:58 INFO     Spotify access token needs to be renewed.
2024-08-31 05:27:58 INFO     Spotify access token retrieved successfully.
2024-08-31 05:27:58 INFO     Spotify access token needs to be renewed.
2024-08-31 05:27:58 INFO     Spotify access token retrieved successfully.
2024-08-31 05:27:58 INFO     Spotify access token needs to be renewed.
2024-08-31 05:27:58 INFO     Spotify access token retrieved successfully.
2024-08-31 05:27:58 INFO     Spotify access token needs to be renewed.
2024-08-31 05:27:58 INFO     Spotify access token retrieved successfully.
2024-08-31 05:27:58 INFO     Spotify access token needs to be renewed.
2024-08-31 05:27:58 INFO     Spotify access token retrieved successfully.
2024-08-31 05:27:58 INFO     Spotify access token needs to be renewed.
2024-08-31 05:27:58 INFO     Spotify access token retrieved successfully.
2024-08-31 05:27:58 WARNING  GEOB frame does not contain a mime type
2024-08-31 05:27:58 WARNING  GEOB frame does not contain a valid mime type
2024-08-31 05:27:58 ERROR    /home/zic/ElectroJazz/Pachworks - Summertime.mp3 No Tag Title
2024-08-31 05:27:58 INFO     Spotify access token needs to be renewed.
2024-08-31 05:27:58 INFO     Spotify access token retrieved successfully.
2024-08-31 05:27:58 INFO     4717/9270 Traitement de /home/zic/ElectroJazz/Nojazz - Candela (Feat. Mangu And Maraca) (Live).mp3 - artist : noJazz title : Candela (feat. Mangu & Maraca) [Live] album : NoJazz & Friends (Live au Sunset)
2024-08-31 05:27:58 INFO     Image extraite depuis /home/zic/ElectroJazz/Nojazz - Candela (Feat. Mangu And Maraca) (Live).mp3 vers /home/web/bonnezic.com/album/Nojazz - Candela (Feat. Mangu And Maraca) (Live).jpg
2024-08-31 05:27:58 INFO     Image /home/web/bonnezic.com/album/Nojazz - Candela (Feat. Mangu And Maraca) (Live).jpg trop petite (250x250)
2024-08-31 05:27:58 INFO     Image extraite du fichier MP3 mais trop petite, tentative de téléchargement via Spotify et Deezer.
2024-08-31 05:27:58 INFO     Spotify - Début de la recherche pour l'artiste: noJazz, album: NoJazz & Friends (Live au Sunset)
2024-08-31 05:27:58 INFO     Spotify - Requête envoyée : artist:noJazz album:NoJazz & Friends (Live au Sunset)
2024-08-31 05:27:59 INFO     Spotify album url : https://i.scdn.co/image/ab67616d0000b273aadb26cd8b468cde0e76b5f9
2024-08-31 05:27:59 INFO     Spotify - Album trouvé, URL de l'image : https://i.scdn.co/image/ab67616d0000b273aadb26cd8b468cde0e76b5f9
2024-08-31 05:27:59 INFO     Spotify - Téléchargement de l'image depuis : https://i.scdn.co/image/ab67616d0000b273aadb26cd8b468cde0e76b5f9
2024-08-31 05:27:59 INFO     Image trouvée sur Spotify : https://i.scdn.co/image/ab67616d0000b273aadb26cd8b468cde0e76b5f9
2024-08-31 05:27:59 INFO     download_image url: https://i.scdn.co/image/ab67616d0000b273aadb26cd8b468cde0e76b5f9
2024-08-31 05:27:59 INFO     L'image /home/web/bonnezic.com/spotify/Nojazz - Candela (Feat. Mangu And Maraca) (Live).jpg n'existe pas
2024-08-31 05:28:02 INFO     L'image a été téléchargée et sauvegardée sous : /home/web/bonnezic.com/spotify/Nojazz - Candela (Feat. Mangu And Maraca) (Live).jpg
2024-08-31 05:28:02 INFO     resize_download_img.verify_and_resize_image image_path : /home/web/bonnezic.com/spotify/Nojazz - Candela (Feat. Mangu And Maraca) (Live).jpg
2024-08-31 05:28:02 INFO     Dimensions verify_and_resize_image : 640x640
2024-08-31 05:28:02 INFO     L'image Spotify est valide et a été sauvegardée : /home/web/bonnezic.com/spotify/Nojazz - Candela (Feat. Mangu And Maraca) (Live).jpg
2024-08-31 05:28:02 WARNING  Deezer - Aucun résultat trouvé.
2024-08-31 05:28:03 WARNING  Deezer - Aucun résultat trouvé.
2024-08-31 05:28:03 WARNING  Deezer - Aucun résultat trouvé.
2024-08-31 05:28:03 WARNING  Deezer - Aucun résultat trouvé.
2024-08-31 05:28:03 INFO     Cover found for /home/zic/ElectroJazz/Nojazz - Candela (Feat. Mangu And Maraca) (Live).mp3, not adding to no_cover.txt
2024-08-31 05:28:03 WARNING  Lame tag CRC check failed
2024-08-31 05:28:03 INFO     4718/9270 Traitement de /home/zic/ElectroJazz/Nojazz - What Time Is It Mandigo Jazz Mix.mp3 - artist : noJazz feat. Ousmane title : What Time Is It (Mandigno Jazz mix) album : No Limits: Mixes & Combinations
2024-08-31 05:28:03 WARNING  Lame tag CRC check failed
2024-08-31 05:28:03 INFO     Image extraite depuis /home/zic/ElectroJazz/Nojazz - What Time Is It Mandigo Jazz Mix.mp3 vers /home/web/bonnezic.com/album/Nojazz - What Time Is It Mandigo Jazz Mix.jpg
2024-08-31 05:28:03 INFO     Image extraite du fichier MP3 : /home/web/bonnezic.com/album/Nojazz - What Time Is It Mandigo Jazz Mix.jpg
2024-08-31 05:28:03 INFO     Cover found for /home/zic/ElectroJazz/Nojazz - What Time Is It Mandigo Jazz Mix.mp3, not adding to no_cover.txt
2024-08-31 05:28:03 INFO     4719/9270 Traitement de /home/zic/ElectroJazz/Noze - Ethiopio.mp3 - artist : Nôze title : Ethiopio album : Nova 24h
2024-08-31 05:28:03 INFO     Image extraite depuis /home/zic/ElectroJazz/Noze - Ethiopio.mp3 vers /home/web/bonnezic.com/album/Noze - Ethiopio.jpg
2024-08-31 05:28:03 INFO     Image extraite du fichier MP3 : /home/web/bonnezic.com/album/Noze - Ethiopio.jpg
2024-08-31 05:28:03 INFO     Cover found for /home/zic/ElectroJazz/Noze - Ethiopio.mp3, not adding to no_cover.txt
2024-08-31 05:28:03 INFO     4721/9270 Traitement de /home/zic/ElectroJazz/UHT Feat Gael Horellou - Funky Morning.mp3 - artist : UHT° feat. Gaël Horellou title : Funky Morning album : Pic de pollution
2024-08-31 05:28:03 INFO     Image extraite depuis /home/zic/ElectroJazz/UHT Feat Gael Horellou - Funky Morning.mp3 vers /home/web/bonnezic.com/album/UHT Feat Gael Horellou - Funky Morning.jpg
2024-08-31 05:28:03 INFO     Image extraite du fichier MP3 : /home/web/bonnezic.com/album/UHT Feat Gael Horellou - Funky Morning.jpg
2024-08-31 05:28:03 INFO     Cover found for /home/zic/ElectroJazz/UHT Feat Gael Horellou - Funky Morning.mp3, not adding to no_cover.txt
2024-08-31 05:28:03 INFO     4722/9270 Traitement de /home/zic/ElectroJazz/Groove Collective - Peep Show.mp3 - artist : Groove Collective title : Peep Show album : Dance of the Drunken Master
2024-08-31 05:28:03 INFO     Image extraite depuis /home/zic/ElectroJazz/Groove Collective - Peep Show.mp3 vers /home/web/bonnezic.com/album/Groove Collective - Peep Show.jpg
2024-08-31 05:28:03 INFO     Image extraite du fichier MP3 : /home/web/bonnezic.com/album/Groove Collective - Peep Show.jpg
2024-08-31 05:28:03 INFO     Cover found for /home/zic/ElectroJazz/Groove Collective - Peep Show.mp3, not adding to no_cover.txt
2024-08-31 05:28:03 WARNING  Invalid date: 505
2024-08-31 05:28:03 INFO     4723/9270 Traitement de /home/zic/ElectroJazz/Renegades Of Jazz - Big Fish.mp3 - artist : Renegades Of Jazz title : Big Fish album : Nevertheless
2024-08-31 05:28:03 WARNING  Invalid date: 505
2024-08-31 05:28:03 INFO     Image extraite depuis /home/zic/ElectroJazz/Renegades Of Jazz - Big Fish.mp3 vers /home/web/bonnezic.com/album/Renegades Of Jazz - Big Fish.jpg
2024-08-31 05:28:03 INFO     Image extraite du fichier MP3 : /home/web/bonnezic.com/album/Renegades Of Jazz - Big Fish.jpg
2024-08-31 05:28:03 INFO     Cover found for /home/zic/ElectroJazz/Renegades Of Jazz - Big Fish.mp3, not adding to no_cover.txt
2024-08-31 05:28:03 WARNING  Lame tag CRC check failed
2024-08-31 05:28:03 INFO     4724/9270 Traitement de /home/zic/ElectroJazz/Nina Simone - See Line Woman (Masters At Work Remix).mp3 - artist : Nina Simone title : See‐Line Woman (Masters at Work remix) album : Verve//Remixed
2024-08-31 05:28:03 WARNING  Lame tag CRC check failed
2024-08-31 05:28:03 INFO     Image extraite depuis /home/zic/ElectroJazz/Nina Simone - See Line Woman (Masters At Work Remix).mp3 vers /home/web/bonnezic.com/album/Nina Simone - See Line Woman (Masters At Work Remix).jpg
2024-08-31 05:28:03 INFO     Image extraite du fichier MP3 : /home/web/bonnezic.com/album/Nina Simone - See Line Woman (Masters At Work Remix).jpg
2024-08-31 05:28:03 INFO     Cover found for /home/zic/ElectroJazz/Nina Simone - See Line Woman (Masters At Work Remix).mp3, not adding to no_cover.txt
2024-08-31 05:28:03 WARNING  Invalid date: 805
2024-08-31 05:28:03 INFO     4725/9270 Traitement de /home/zic/ElectroJazz/Ours Samplus - Parole.mp3 - artist : Ours Samplus title : Parole album : One Day One Beat, Vol. 2
2024-08-31 05:28:03 WARNING  Invalid date: 805
2024-08-31 05:28:03 INFO     Image extraite depuis /home/zic/ElectroJazz/Ours Samplus - Parole.mp3 vers /home/web/bonnezic.com/album/Ours Samplus - Parole.jpg
2024-08-31 05:28:03 INFO     Image extraite du fichier MP3 : /home/web/bonnezic.com/album/Ours Samplus - Parole.jpg
2024-08-31 05:28:03 INFO     Cover found for /home/zic/ElectroJazz/Ours Samplus - Parole.mp3, not adding to no_cover.txt
2024-08-31 05:28:03 INFO     4726/9270 Traitement de /home/zic/ElectroJazz/Caravan Palace - Jolie Coquine.mp3 - artist : Caravan Palace title : Jolie coquine album : Caravan Palace
2024-08-31 05:28:03 INFO     Image extraite depuis /home/zic/ElectroJazz/Caravan Palace - Jolie Coquine.mp3 vers /home/web/bonnezic.com/album/Caravan Palace - Jolie Coquine.jpg
2024-08-31 05:28:03 INFO     Image extraite du fichier MP3 : /home/web/bonnezic.com/album/Caravan Palace - Jolie Coquine.jpg
2024-08-31 05:28:03 INFO     Cover found for /home/zic/ElectroJazz/Caravan Palace - Jolie Coquine.mp3, not adding to no_cover.txt
2024-08-31 05:28:03 INFO     4728/9270 Traitement de /home/zic/ElectroJazz/Donald Byrd - The Emperor (Remixed By Dj Cam Feat. Erik Truffaz).mp3 - artist : Donald Byrd feat. Erik Truffaz title : The Emperor (DJ Cam remix) album : Blue Note Revisited
2024-08-31 05:28:03 INFO     Image extraite depuis /home/zic/ElectroJazz/Donald Byrd - The Emperor (Remixed By Dj Cam Feat. Erik Truffaz).mp3 vers /home/web/bonnezic.com/album/Donald Byrd - The Emperor (Remixed By Dj Cam Feat. Erik Truffaz).jpg
2024-08-31 05:28:03 INFO     Image extraite du fichier MP3 : /home/web/bonnezic.com/album/Donald Byrd - The Emperor (Remixed By Dj Cam Feat. Erik Truffaz).jpg
2024-08-31 05:28:03 INFO     Cover found for /home/zic/ElectroJazz/Donald Byrd - The Emperor (Remixed By Dj Cam Feat. Erik Truffaz).mp3, not adding to no_cover.txt
2024-08-31 05:28:03 INFO     4729/9270 Traitement de /home/zic/ElectroJazz/Frederic Galliano And The African Divas Featuring Hadja Kouyate - Agne Barra Ke.mp3 - artist : Frédéric Galliano and the African Divas title : Agna barra ké album : Sacré live
2024-08-31 05:28:03 INFO     Image extraite depuis /home/zic/ElectroJazz/Frederic Galliano And The African Divas Featuring Hadja Kouyate - Agne Barra Ke.mp3 vers /home/web/bonnezic.com/album/Frederic Galliano And The African Divas Featuring Hadja Kouyate - Agne Barra Ke.jpg
2024-08-31 05:28:03 INFO     Image extraite du fichier MP3 : /home/web/bonnezic.com/album/Frederic Galliano And The African Divas Featuring Hadja Kouyate - Agne Barra Ke.jpg
2024-08-31 05:28:03 INFO     Cover found for /home/zic/ElectroJazz/Frederic Galliano And The African Divas Featuring Hadja Kouyate - Agne Barra Ke.mp3, not adding to no_cover.txt
2024-08-31 05:28:03 WARNING  Lame tag CRC check failed
2024-08-31 05:28:03 INFO     4730/9270 Traitement de /home/zic/ElectroJazz/The Cinematic Orchestra - All Things.mp3 - artist : The Cinematic Orchestra title : All Things album : Man With a Movie Camera
2024-08-31 05:28:03 WARNING  Lame tag CRC check failed
2024-08-31 05:28:03 INFO     Image extraite depuis /home/zic/ElectroJazz/The Cinematic Orchestra - All Things.mp3 vers /home/web/bonnezic.com/album/The Cinematic Orchestra - All Things.jpg
2024-08-31 05:28:03 INFO     Image extraite du fichier MP3 : /home/web/bonnezic.com/album/The Cinematic Orchestra - All Things.jpg
2024-08-31 05:28:03 INFO     Cover found for /home/zic/ElectroJazz/The Cinematic Orchestra - All Things.mp3, not adding to no_cover.txt
2024-08-31 05:28:03 INFO     4732/9270 Traitement de /home/zic/ElectroJazz/House Of Pain - Interlude.mp3 - artist : House of Pain title : Interlude album : Same as It Ever Was
2024-08-31 05:28:03 INFO     Image extraite depuis /home/zic/ElectroJazz/House Of Pain - Interlude.mp3 vers /home/web/bonnezic.com/album/House Of Pain - Interlude.jpg
2024-08-31 05:28:03 INFO     Image extraite du fichier MP3 : /home/web/bonnezic.com/album/House Of Pain - Interlude.jpg
2024-08-31 05:28:03 INFO     Cover found for /home/zic/ElectroJazz/House Of Pain - Interlude.mp3, not adding to no_cover.txt
2024-08-31 05:28:04 INFO     4733/9270 Traitement de /home/zic/ElectroJazz/Swimming Pool Sound - Peace Sneakers.mp3 - artist : Swimming Pool Sound title : Peace Sneakers album : Electrojazz at Club Blue Note
2024-08-31 05:28:04 INFO     Image extraite depuis /home/zic/ElectroJazz/Swimming Pool Sound - Peace Sneakers.mp3 vers /home/web/bonnezic.com/album/Swimming Pool Sound - Peace Sneakers.jpg
2024-08-31 05:28:04 INFO     Image extraite du fichier MP3 : /home/web/bonnezic.com/album/Swimming Pool Sound - Peace Sneakers.jpg
2024-08-31 05:28:04 INFO     Cover found for /home/zic/ElectroJazz/Swimming Pool Sound - Peace Sneakers.mp3, not adding to no_cover.txt
2024-08-31 05:28:04 INFO     4734/9270 Traitement de /home/zic/ElectroJazz/Gael HORELLOU - Fractals.mp3 - artist : Gaël Horellou title : Fractals album : Synthesis
2024-08-31 05:28:04 INFO     Image extraite depuis /home/zic/ElectroJazz/Gael HORELLOU - Fractals.mp3 vers /home/web/bonnezic.com/album/Gael HORELLOU - Fractals.jpg
2024-08-31 05:28:04 INFO     Image extraite du fichier MP3 : /home/web/bonnezic.com/album/Gael HORELLOU - Fractals.jpg
2024-08-31 05:28:04 INFO     Cover found for /home/zic/ElectroJazz/Gael HORELLOU - Fractals.mp3, not adding to no_cover.txt
2024-08-31 05:28:04 INFO     4735/9270 Traitement de /home/zic/ElectroJazz/Scott Grooves - Organ Night Pt.2.mp3 - artist : Scott Grooves title : Organ Nights, Part 2 album : Hôtel Costes, Volume 4
2024-08-31 05:28:04 INFO     Image extraite depuis /home/zic/ElectroJazz/Scott Grooves - Organ Night Pt.2.mp3 vers /home/web/bonnezic.com/album/Scott Grooves - Organ Night Pt.2.jpg
2024-08-31 05:28:04 INFO     Image extraite du fichier MP3 : /home/web/bonnezic.com/album/Scott Grooves - Organ Night Pt.2.jpg
2024-08-31 05:28:04 INFO     Cover found for /home/zic/ElectroJazz/Scott Grooves - Organ Night Pt.2.mp3, not adding to no_cover.txt
2024-08-31 05:28:04 INFO     4736/9270 Traitement de /home/zic/ElectroJazz/Nubya Garcia - When We Are (K15 Remix).mp3 - artist : Nubya Garcia title : When We Are (K15 remix) album : When We Are
2024-08-31 05:28:04 INFO     Image extraite depuis /home/zic/ElectroJazz/Nubya Garcia - When We Are (K15 Remix).mp3 vers /home/web/bonnezic.com/album/Nubya Garcia - When We Are (K15 Remix).jpg
2024-08-31 05:28:04 INFO     Image extraite du fichier MP3 : /home/web/bonnezic.com/album/Nubya Garcia - When We Are (K15 Remix).jpg
2024-08-31 05:28:04 INFO     Cover found for /home/zic/ElectroJazz/Nubya Garcia - When We Are (K15 Remix).mp3, not adding to no_cover.txt
2024-08-31 05:28:04 INFO     4737/9270 Traitement de /home/zic/ElectroJazz/J.Sysdenham, J.Claussell And K.Chandler - Escravos De Jo (Acoustic Version).mp3 - artist : J.Sysdenham, J.Claussell & K.Chandler title : Escravos De Jo (Acoustic Version) album : Four Seasons Of Ibadan
2024-08-31 05:28:04 INFO     Spotify - Début de la recherche pour l'artiste: J.Sysdenham, J.Claussell & K.Chandler, album: Four Seasons Of Ibadan
2024-08-31 05:28:04 INFO     Spotify - Requête envoyée : artist:J.Sysdenham, J.Claussell & K.Chandler album:Four Seasons Of Ibadan
2024-08-31 05:28:04 INFO     Spotify album url : https://i.scdn.co/image/ab67616d0000b27387a66da524d6aa273ad6d953
2024-08-31 05:28:04 INFO     Spotify - Album trouvé, URL de l'image : https://i.scdn.co/image/ab67616d0000b27387a66da524d6aa273ad6d953
2024-08-31 05:28:04 INFO     Spotify - Téléchargement de l'image depuis : https://i.scdn.co/image/ab67616d0000b27387a66da524d6aa273ad6d953
2024-08-31 05:28:04 INFO     Image trouvée sur Spotify : https://i.scdn.co/image/ab67616d0000b27387a66da524d6aa273ad6d953
2024-08-31 05:28:04 INFO     download_image url: https://i.scdn.co/image/ab67616d0000b27387a66da524d6aa273ad6d953
2024-08-31 05:28:04 INFO     L'image /home/web/bonnezic.com/spotify/J.Sysdenham, J.Claussell And K.Chandler - Escravos De Jo (Acoustic Version).jpg n'existe pas
