2024-08-27 17:18:59 INFO     Started
2024-08-27 17:18:59 INFO     43/9270 Traitement de /home/zic/Mix11/Super Preachers - Chili Con Valley.mp3
2024-08-27 17:18:59 INFO     Deezer query artist:"Super Preachers" album:"Stereophonic Sometimes"
2024-08-27 17:18:59 INFO     Deezer album non trouvé
2024-08-27 17:18:59 INFO     Deezer query artist:"Super Preachers" track:"Chili Con Valley"
2024-08-27 17:18:59 INFO     Deezer titre non trouvé
2024-08-27 17:18:59 INFO     Deezer - query artist:"Super Preachers" track:"Chili Con Valley"
2024-08-27 17:19:00 INFO     Deezer titre non trouvé
2024-08-27 17:19:00 INFO     Spotify - query artist:Super Preachers album:Stereophonic Sometimes
2024-08-27 17:19:00 INFO     Spotify - query artist:Super Preachers track:Chili Con Valley
2024-08-27 17:19:00 INFO     Spotify - titre non trouvé
2024-08-27 17:19:00 INFO     Image non trouvée pour /home/zic/Mix11/Super Preachers - Chili Con Valley.mp3
2024-08-27 17:19:00 INFO     45/9270 Traitement de /home/zic/Mix11/Super Preachers - Jerky Don T U.mp3
2024-08-27 17:19:00 INFO     Deezer query artist:"Super Preachers" album:"Stereophonic Sometimes"
2024-08-27 17:19:00 INFO     Deezer album non trouvé
2024-08-27 17:19:00 INFO     Deezer query artist:"Super Preachers" track:"Jerky Don't U?"
2024-08-27 17:19:00 INFO     Deezer - Erreur lors de la récupération du nom du titre avec Deezer 403
2024-08-27 17:19:00 INFO     Spotify - query artist:Super Preachers album:Stereophonic Sometimes
2024-08-27 17:19:00 INFO     Spotify - query artist:Super Preachers track:Jerky Don't U?
2024-08-27 17:19:00 INFO     Spotify - titre non trouvé
2024-08-27 17:19:00 INFO     Image non trouvée pour /home/zic/Mix11/Super Preachers - Jerky Don T U.mp3
2024-08-27 17:19:00 INFO     60/9270 Traitement de /home/zic/Mix11/Super Preachers - Uzi Listening.mp3
2024-08-27 17:19:00 INFO     Deezer query artist:"Super Preachers" album:"Stereophonic Sometimes"
2024-08-27 17:19:00 INFO     Deezer album non trouvé
2024-08-27 17:19:00 INFO     Deezer query artist:"Super Preachers" track:"Uzi Listening"
2024-08-27 17:19:01 INFO     Deezer titre non trouvé
2024-08-27 17:19:01 INFO     Deezer - query artist:"Super Preachers" track:"Uzi Listening"
2024-08-27 17:19:01 INFO     Deezer titre non trouvé
2024-08-27 17:19:01 INFO     Spotify - query artist:Super Preachers album:Stereophonic Sometimes
2024-08-27 17:19:01 INFO     Spotify - query artist:Super Preachers track:Uzi Listening
2024-08-27 17:19:01 INFO     Spotify - titre non trouvé
2024-08-27 17:19:01 INFO     Image non trouvée pour /home/zic/Mix11/Super Preachers - Uzi Listening.mp3
2024-08-27 17:19:01 INFO     100/9270 Traitement de /home/zic/Mix11/Super Preachers - Fruit Gum Game.mp3
2024-08-27 17:19:01 INFO     Deezer query artist:"Super Preachers" album:"Stereophonic Sometimes"
2024-08-27 17:19:01 INFO     Deezer album non trouvé
2024-08-27 17:19:01 INFO     Deezer query artist:"Super Preachers" track:"Fruit Gum Game"
2024-08-27 17:19:01 INFO     Deezer titre non trouvé
2024-08-27 17:19:01 INFO     Deezer - query artist:"Super Preachers" track:"Fruit Gum Game"
2024-08-27 17:19:01 INFO     Deezer titre non trouvé
2024-08-27 17:19:01 INFO     Spotify - query artist:Super Preachers album:Stereophonic Sometimes
2024-08-27 17:19:02 INFO     Spotify - query artist:Super Preachers track:Fruit Gum Game
2024-08-27 17:19:02 INFO     Spotify - titre non trouvé
2024-08-27 17:19:02 INFO     Image non trouvée pour /home/zic/Mix11/Super Preachers - Fruit Gum Game.mp3
2024-08-27 17:19:02 INFO     116/9270 Traitement de /home/zic/Mix11/Super Preachers - Smell Of Diesel.mp3
2024-08-27 17:19:02 INFO     Deezer query artist:"Super Preachers" album:"Stereophonic Sometimes"
2024-08-27 17:19:02 INFO     Deezer album non trouvé
2024-08-27 17:19:02 INFO     Deezer query artist:"Super Preachers" track:"Smell of Diesel"
2024-08-27 17:19:02 INFO     Deezer titre non trouvé
2024-08-27 17:19:02 INFO     Deezer - query artist:"Super Preachers" track:"Smell Of Diesel"
2024-08-27 17:19:02 INFO     Deezer titre non trouvé
2024-08-27 17:19:02 INFO     Spotify - query artist:Super Preachers album:Stereophonic Sometimes
2024-08-27 17:19:02 INFO     Spotify - query artist:Super Preachers track:Smell of Diesel
2024-08-27 17:19:02 INFO     Spotify - titre non trouvé
2024-08-27 17:19:02 INFO     Image non trouvée pour /home/zic/Mix11/Super Preachers - Smell Of Diesel.mp3
2024-08-27 17:19:02 INFO     166/9270 Traitement de /home/zic/Mix11/Super Preachers - Barracuda.mp3
2024-08-27 17:19:02 INFO     Deezer query artist:"Super Preachers" album:"Stereophonic Sometimes"
2024-08-27 17:19:03 INFO     Deezer album non trouvé
2024-08-27 17:19:03 INFO     Deezer query artist:"Super Preachers" track:"Barracuda"
