2024-08-27 17:38:27 INFO     Started
2024-08-27 17:38:27 INFO     43/9270 Traitement de /home/zic/Mix11/Super Preachers - Chili Con Valley.mp3
2024-08-27 17:38:27 INFO     Deezer query artist:"Super Preachers" album:"Stereophonic Sometimes"
2024-08-27 17:38:28 INFO     Deezer album non trouvé
2024-08-27 17:38:28 INFO     Spotify - query artist:Super Preachers album:Stereophonic Sometimes
2024-08-27 17:38:28 INFO     Spotify - query artist:Super Preachers track:Chili Con Valley
2024-08-27 17:38:28 INFO     Spotify - titre non trouvé
2024-08-27 17:38:28 INFO     Image non trouvée pour /home/zic/Mix11/Super Preachers - Chili Con Valley.mp3
2024-08-27 17:38:28 INFO     45/9270 Traitement de /home/zic/Mix11/Super Preachers - Jerky Don T U.mp3
2024-08-27 17:38:28 INFO     Deezer query artist:"Super Preachers" album:"Stereophonic Sometimes"
2024-08-27 17:38:28 INFO     Deezer album non trouvé
2024-08-27 17:38:28 INFO     Spotify - query artist:Super Preachers album:Stereophonic Sometimes
2024-08-27 17:38:28 INFO     Spotify - query artist:Super Preachers track:Jerky Don't U?
2024-08-27 17:38:28 INFO     Spotify - titre non trouvé
2024-08-27 17:38:28 INFO     Image non trouvée pour /home/zic/Mix11/Super Preachers - Jerky Don T U.mp3
2024-08-27 17:38:28 INFO     60/9270 Traitement de /home/zic/Mix11/Super Preachers - Uzi Listening.mp3
2024-08-27 17:38:28 INFO     Deezer query artist:"Super Preachers" album:"Stereophonic Sometimes"
2024-08-27 17:38:28 INFO     Deezer album non trouvé
2024-08-27 17:38:28 INFO     Spotify - query artist:Super Preachers album:Stereophonic Sometimes
2024-08-27 17:38:29 INFO     Spotify - query artist:Super Preachers track:Uzi Listening
2024-08-27 17:38:29 INFO     Spotify - titre non trouvé
2024-08-27 17:38:29 INFO     Image non trouvée pour /home/zic/Mix11/Super Preachers - Uzi Listening.mp3
2024-08-27 17:38:29 INFO     100/9270 Traitement de /home/zic/Mix11/Super Preachers - Fruit Gum Game.mp3
2024-08-27 17:38:29 INFO     Deezer query artist:"Super Preachers" album:"Stereophonic Sometimes"
