2024-08-27 17:00:49 INFO     Started
2024-08-27 17:00:49 INFO     43/9270 Traitement de /home/zic/Mix11/Super Preachers - Chili Con Valley.mp3
2024-08-27 17:00:49 INFO     Deezer query artist:"Super Preachers" album:"Stereophonic Sometimes"
2024-08-27 17:00:50 INFO     Deezer album non trouvé
2024-08-27 17:00:50 INFO     Deezer query artist:"Super Preachers" track:"Chili Con Valley"
2024-08-27 17:00:50 INFO     Deezer titre non trouvé
2024-08-27 17:00:50 INFO     Deezer - query artist:"Super Preachers" track:"Chili Con Valley"
2024-08-27 17:00:50 INFO     Deezer titre non trouvé
2024-08-27 17:00:50 INFO     Spotify - query artist:Super Preachers album:Stereophonic Sometimes
2024-08-27 17:00:50 INFO     Spotify - query artist:Super Preachers track:Chili Con Valley
2024-08-27 17:00:50 INFO     Spotify - titre non trouvé
2024-08-27 17:00:50 INFO     Image non trouvée pour /home/zic/Mix11/Super Preachers - Chili Con Valley.mp3
2024-08-27 17:00:50 INFO     45/9270 Traitement de /home/zic/Mix11/Super Preachers - Jerky Don T U.mp3
2024-08-27 17:00:50 INFO     Deezer query artist:"Super Preachers" album:"Stereophonic Sometimes"
2024-08-27 17:00:50 INFO     Deezer album non trouvé
2024-08-27 17:00:50 INFO     Deezer query artist:"Super Preachers" track:"Jerky Don't U?"
2024-08-27 17:00:50 INFO     Deezer titre non trouvé
2024-08-27 17:00:50 INFO     Deezer - query artist:"Super Preachers" track:"Jerky Don T U"
2024-08-27 17:00:50 INFO     Deezer titre non trouvé
2024-08-27 17:00:50 INFO     Spotify - query artist:Super Preachers album:Stereophonic Sometimes
2024-08-27 17:00:51 INFO     Spotify - query artist:Super Preachers track:Jerky Don't U?
2024-08-27 17:00:51 INFO     Spotify - titre non trouvé
2024-08-27 17:00:51 INFO     Image non trouvée pour /home/zic/Mix11/Super Preachers - Jerky Don T U.mp3
2024-08-27 17:00:51 INFO     60/9270 Traitement de /home/zic/Mix11/Super Preachers - Uzi Listening.mp3
2024-08-27 17:00:51 INFO     Deezer query artist:"Super Preachers" album:"Stereophonic Sometimes"
2024-08-27 17:00:51 INFO     Deezer album non trouvé
2024-08-27 17:00:51 INFO     Deezer query artist:"Super Preachers" track:"Uzi Listening"
2024-08-27 17:00:51 INFO     Deezer titre non trouvé
2024-08-27 17:00:51 INFO     Deezer - query artist:"Super Preachers" track:"Uzi Listening"
2024-08-27 17:00:51 INFO     Deezer titre non trouvé
2024-08-27 17:00:51 INFO     Spotify - query artist:Super Preachers album:Stereophonic Sometimes
2024-08-27 17:00:51 INFO     Spotify - query artist:Super Preachers track:Uzi Listening
2024-08-27 17:00:51 INFO     Spotify - titre non trouvé
2024-08-27 17:00:51 INFO     Image non trouvée pour /home/zic/Mix11/Super Preachers - Uzi Listening.mp3
2024-08-27 17:00:51 INFO     100/9270 Traitement de /home/zic/Mix11/Super Preachers - Fruit Gum Game.mp3
2024-08-27 17:00:51 INFO     Deezer query artist:"Super Preachers" album:"Stereophonic Sometimes"
2024-08-27 17:00:52 INFO     Deezer album non trouvé
2024-08-27 17:00:52 INFO     Deezer query artist:"Super Preachers" track:"Fruit Gum Game"
2024-08-27 17:00:52 INFO     Deezer titre non trouvé
2024-08-27 17:00:52 INFO     Deezer - query artist:"Super Preachers" track:"Fruit Gum Game"
2024-08-27 17:00:52 INFO     Deezer titre non trouvé
2024-08-27 17:00:52 INFO     Spotify - query artist:Super Preachers album:Stereophonic Sometimes
2024-08-27 17:00:52 INFO     Spotify - query artist:Super Preachers track:Fruit Gum Game
2024-08-27 17:00:52 INFO     Spotify - titre non trouvé
2024-08-27 17:00:52 INFO     Image non trouvée pour /home/zic/Mix11/Super Preachers - Fruit Gum Game.mp3
2024-08-27 17:00:52 INFO     116/9270 Traitement de /home/zic/Mix11/Super Preachers - Smell Of Diesel.mp3
2024-08-27 17:00:52 INFO     Deezer query artist:"Super Preachers" album:"Stereophonic Sometimes"
2024-08-27 17:00:52 INFO     Deezer album non trouvé
2024-08-27 17:00:52 INFO     Deezer query artist:"Super Preachers" track:"Smell of Diesel"
2024-08-27 17:00:52 INFO     Deezer titre non trouvé
2024-08-27 17:00:52 INFO     Deezer - query artist:"Super Preachers" track:"Smell Of Diesel"
2024-08-27 17:00:52 INFO     Deezer titre non trouvé
2024-08-27 17:00:52 INFO     Spotify - query artist:Super Preachers album:Stereophonic Sometimes
2024-08-27 17:00:52 INFO     Spotify - query artist:Super Preachers track:Smell of Diesel
